2018-10-19 17:03:34.798  INFO 12812 --- [restartedMain] com.ant.webPage.WebPageApplication       : Starting WebPageApplication on DESKTOP-3HSGT6Q with PID 12812 (D:\Billing\IdeaProjects\cloudComputingPower\webPage\out\production\classes started by 13402 in D:\Billing\IdeaProjects\cloudComputingPower)
2018-10-19 17:03:34.805  INFO 12812 --- [restartedMain] com.ant.webPage.WebPageApplication       : The following profiles are active: prod
2018-10-19 17:03:34.898  INFO 12812 --- [restartedMain] ConfigServletWebServerApplicationContext : Refreshing org.springframework.boot.web.servlet.context.AnnotationConfigServletWebServerApplicationContext@7055b54: startup date [Fri Oct 19 17:03:34 CST 2018]; root of context hierarchy
2018-10-19 17:03:37.093  INFO 12812 --- [restartedMain] .s.d.r.c.RepositoryConfigurationDelegate : Multiple Spring Data modules found, entering strict repository configuration mode!
2018-10-19 17:03:37.136  INFO 12812 --- [restartedMain] .s.d.r.c.RepositoryConfigurationDelegate : Multiple Spring Data modules found, entering strict repository configuration mode!
2018-10-19 17:03:37.745  INFO 12812 --- [restartedMain] trationDelegate$BeanPostProcessorChecker : Bean 'org.springframework.transaction.annotation.ProxyTransactionManagementConfiguration' of type [org.springframework.transaction.annotation.ProxyTransactionManagementConfiguration$$EnhancerBySpringCGLIB$$8abced39] is not eligible for getting processed by all BeanPostProcessors (for example: not eligible for auto-proxying)
2018-10-19 17:03:38.570  INFO 12812 --- [restartedMain] o.s.b.w.embedded.tomcat.TomcatWebServer  : Tomcat initialized with port(s): 8080 (http)
2018-10-19 17:03:38.611  INFO 12812 --- [restartedMain] o.apache.catalina.core.StandardService   : Starting service [Tomcat]
2018-10-19 17:03:38.611  INFO 12812 --- [restartedMain] org.apache.catalina.core.StandardEngine  : Starting Servlet Engine: Apache Tomcat/8.5.28
2018-10-19 17:03:38.624  INFO 12812 --- [localhost-startStop-1] o.a.catalina.core.AprLifecycleListener   : Loaded APR based Apache Tomcat Native library [1.2.16] using APR version [1.6.3].
2018-10-19 17:03:38.625  INFO 12812 --- [localhost-startStop-1] o.a.catalina.core.AprLifecycleListener   : APR capabilities: IPv6 [true], sendfile [true], accept filters [false], random [true].
2018-10-19 17:03:38.625  INFO 12812 --- [localhost-startStop-1] o.a.catalina.core.AprLifecycleListener   : APR/OpenSSL configuration: useAprConnector [false], useOpenSSL [true]
2018-10-19 17:03:39.681  INFO 12812 --- [localhost-startStop-1] o.a.catalina.core.AprLifecycleListener   : OpenSSL successfully initialized [OpenSSL 1.0.2m  2 Nov 2017]
2018-10-19 17:03:39.842  INFO 12812 --- [localhost-startStop-1] o.a.c.c.C.[Tomcat].[localhost].[/]       : Initializing Spring embedded WebApplicationContext
2018-10-19 17:03:39.842  INFO 12812 --- [localhost-startStop-1] o.s.web.context.ContextLoader            : Root WebApplicationContext: initialization completed in 4944 ms
2018-10-19 17:03:40.059  INFO 12812 --- [localhost-startStop-1] o.s.b.w.servlet.ServletRegistrationBean  : Servlet dispatcherServlet mapped to [/]
2018-10-19 17:03:40.065  INFO 12812 --- [localhost-startStop-1] o.s.b.w.servlet.FilterRegistrationBean   : Mapping filter: 'characterEncodingFilter' to: [/*]
2018-10-19 17:03:40.066  INFO 12812 --- [localhost-startStop-1] o.s.b.w.servlet.FilterRegistrationBean   : Mapping filter: 'hiddenHttpMethodFilter' to: [/*]
2018-10-19 17:03:40.066  INFO 12812 --- [localhost-startStop-1] o.s.b.w.servlet.FilterRegistrationBean   : Mapping filter: 'httpPutFormContentFilter' to: [/*]
2018-10-19 17:03:40.066  INFO 12812 --- [localhost-startStop-1] o.s.b.w.servlet.FilterRegistrationBean   : Mapping filter: 'requestContextFilter' to: [/*]
2018-10-19 17:03:40.448  INFO 12812 --- [restartedMain] com.alibaba.druid.pool.DruidDataSource   : {dataSource-1} inited
2018-10-19 17:03:41.066  INFO 12812 --- [restartedMain] j.LocalContainerEntityManagerFactoryBean : Building JPA container EntityManagerFactory for persistence unit 'default'
2018-10-19 17:03:41.095  INFO 12812 --- [restartedMain] o.hibernate.jpa.internal.util.LogHelper  : HHH000204: Processing PersistenceUnitInfo [
	name: default
	...]
2018-10-19 17:03:41.226  INFO 12812 --- [restartedMain] org.hibernate.Version                    : HHH000412: Hibernate Core {5.2.14.Final}
2018-10-19 17:03:41.228  INFO 12812 --- [restartedMain] org.hibernate.cfg.Environment            : HHH000206: hibernate.properties not found
2018-10-19 17:03:41.315  INFO 12812 --- [restartedMain] o.hibernate.annotations.common.Version   : HCANN000001: Hibernate Commons Annotations {5.0.1.Final}
2018-10-19 17:03:41.696  INFO 12812 --- [restartedMain] org.hibernate.dialect.Dialect            : HHH000400: Using dialect: org.hibernate.dialect.MySQL5Dialect
2018-10-19 17:03:42.004  INFO 12812 --- [restartedMain] j.LocalContainerEntityManagerFactoryBean : Initialized JPA EntityManagerFactory for persistence unit 'default'
2018-10-19 17:03:45.183  INFO 12812 --- [restartedMain] s.w.s.m.m.a.RequestMappingHandlerAdapter : Looking for @ControllerAdvice: org.springframework.boot.web.servlet.context.AnnotationConfigServletWebServerApplicationContext@7055b54: startup date [Fri Oct 19 17:03:34 CST 2018]; root of context hierarchy
2018-10-19 17:03:45.254  WARN 12812 --- [restartedMain] aWebConfiguration$JpaWebMvcConfiguration : spring.jpa.open-in-view is enabled by default. Therefore, database queries may be performed during view rendering. Explicitly configure spring.jpa.open-in-view to disable this warning
2018-10-19 17:03:45.319  INFO 12812 --- [restartedMain] s.w.s.m.m.a.RequestMappingHandlerMapping : Mapped "{[/bank/add],methods=[POST]}" onto public com.ant.webPage.util.Result com.ant.webPage.controller.BankController.add(com.ant.entity.User,java.lang.String,java.lang.String,java.lang.String)
2018-10-19 17:03:45.322  INFO 12812 --- [restartedMain] s.w.s.m.m.a.RequestMappingHandlerMapping : Mapped "{[/bank/update],methods=[POST]}" onto public com.ant.webPage.util.Result com.ant.webPage.controller.BankController.update(com.ant.entity.User,java.lang.String,java.lang.String,java.lang.String,java.lang.Integer)
2018-10-19 17:03:45.323  INFO 12812 --- [restartedMain] s.w.s.m.m.a.RequestMappingHandlerMapping : Mapped "{[/bank/find],methods=[POST]}" onto public com.ant.webPage.util.Result com.ant.webPage.controller.BankController.find(com.ant.entity.User)
2018-10-19 17:03:45.324  INFO 12812 --- [restartedMain] s.w.s.m.m.a.RequestMappingHandlerMapping : Mapped "{[/btcAddr/add]}" onto public com.ant.webPage.util.Result com.ant.webPage.controller.BtcAddrController.add(com.ant.entity.User,java.lang.String)
2018-10-19 17:03:45.326  INFO 12812 --- [restartedMain] s.w.s.m.m.a.RequestMappingHandlerMapping : Mapped "{[/btcAddr/update]}" onto public com.ant.webPage.util.Result com.ant.webPage.controller.BtcAddrController.update(com.ant.entity.User,java.lang.String,java.lang.Integer)
2018-10-19 17:03:45.327  INFO 12812 --- [restartedMain] s.w.s.m.m.a.RequestMappingHandlerMapping : Mapped "{[/btcAddr/find],methods=[POST]}" onto public com.ant.webPage.util.Result com.ant.webPage.controller.BtcAddrController.find(com.ant.entity.User)
2018-10-19 17:03:45.330  INFO 12812 --- [restartedMain] s.w.s.m.m.a.RequestMappingHandlerMapping : Mapped "{[/cloud/findList],methods=[GET]}" onto public com.ant.webPage.util.Result com.ant.webPage.controller.CloudProductController.list()
2018-10-19 17:03:45.331  INFO 12812 --- [restartedMain] s.w.s.m.m.a.RequestMappingHandlerMapping : Mapped "{[/cloud/findOne/{productId}],methods=[GET]}" onto public com.ant.webPage.util.Result com.ant.webPage.controller.CloudProductController.info(java.lang.Integer)
2018-10-19 17:03:45.332  INFO 12812 --- [restartedMain] s.w.s.m.m.a.RequestMappingHandlerMapping : Mapped "{[/cloud/findFirst],methods=[POST]}" onto public com.ant.webPage.util.Result com.ant.webPage.controller.CloudProductController.findOne()
2018-10-19 17:03:45.333  INFO 12812 --- [restartedMain] s.w.s.m.m.a.RequestMappingHandlerMapping : Mapped "{[/financial/findOne/{productId}],methods=[GET]}" onto public com.ant.webPage.util.Result com.ant.webPage.controller.FinancialProductController.info(java.lang.Integer)
2018-10-19 17:03:45.334  INFO 12812 --- [restartedMain] s.w.s.m.m.a.RequestMappingHandlerMapping : Mapped "{[/financial/findList],methods=[GET]}" onto public com.ant.webPage.util.Result com.ant.webPage.controller.FinancialProductController.List()
2018-10-19 17:03:45.335  INFO 12812 --- [restartedMain] s.w.s.m.m.a.RequestMappingHandlerMapping : Mapped "{[/financial/findFour],methods=[GET]}" onto public com.ant.webPage.util.Result com.ant.webPage.controller.FinancialProductController.findFour()
2018-10-19 17:03:45.337  INFO 12812 --- [restartedMain] s.w.s.m.m.a.RequestMappingHandlerMapping : Mapped "{[/login/register],methods=[POST]}" onto public com.ant.webPage.util.Result com.ant.webPage.controller.LoginController.register(java.lang.String,java.lang.String,java.lang.String,java.lang.String)
2018-10-19 17:03:45.338  INFO 12812 --- [restartedMain] s.w.s.m.m.a.RequestMappingHandlerMapping : Mapped "{[/login/sendCode],methods=[POST]}" onto public com.ant.webPage.util.Result com.ant.webPage.controller.LoginController.sendCode(java.lang.String,java.lang.Integer) throws com.aliyuncs.exceptions.ClientException
2018-10-19 17:03:45.339  INFO 12812 --- [restartedMain] s.w.s.m.m.a.RequestMappingHandlerMapping : Mapped "{[/login/login],methods=[POST]}" onto public com.ant.webPage.util.Result com.ant.webPage.controller.LoginController.login(java.lang.String,java.lang.String)
2018-10-19 17:03:45.339  INFO 12812 --- [restartedMain] s.w.s.m.m.a.RequestMappingHandlerMapping : Mapped "{[/login/resetPass],methods=[POST]}" onto public com.ant.webPage.util.Result com.ant.webPage.controller.LoginController.resetPass(java.lang.String,java.lang.String,java.lang.String,java.lang.String)
2018-10-19 17:03:45.341  INFO 12812 --- [restartedMain] s.w.s.m.m.a.RequestMappingHandlerMapping : Mapped "{[/login/resetPassNoCode],methods=[POST]}" onto public com.ant.webPage.util.Result com.ant.webPage.controller.LoginController.resetPassNoCode(java.lang.String,java.lang.String,java.lang.String)
2018-10-19 17:03:45.342  INFO 12812 --- [restartedMain] s.w.s.m.m.a.RequestMappingHandlerMapping : Mapped "{[/login/logout],methods=[GET]}" onto public java.lang.String com.ant.webPage.controller.LoginController.logout()
2018-10-19 17:03:45.342  INFO 12812 --- [restartedMain] s.w.s.m.m.a.RequestMappingHandlerMapping : Mapped "{[/login/registerNoCode],methods=[POST]}" onto public com.ant.webPage.util.Result com.ant.webPage.controller.LoginController.registerNoCode(java.lang.String,java.lang.String,java.lang.String)
2018-10-19 17:03:45.343  INFO 12812 --- [restartedMain] s.w.s.m.m.a.RequestMappingHandlerMapping : Mapped "{[/miner/findList],methods=[GET]}" onto public com.ant.webPage.util.Result com.ant.webPage.controller.MinerProductController.list()
2018-10-19 17:03:45.343  INFO 12812 --- [restartedMain] s.w.s.m.m.a.RequestMappingHandlerMapping : Mapped "{[/miner/findOne/{productId}],methods=[GET]}" onto public com.ant.webPage.util.Result com.ant.webPage.controller.MinerProductController.info(java.lang.Integer) throws java.lang.Exception
2018-10-19 17:03:45.344  INFO 12812 --- [restartedMain] s.w.s.m.m.a.RequestMappingHandlerMapping : Mapped "{[/order/add]}" onto public com.ant.webPage.util.Result com.ant.webPage.controller.OrderController.add(com.ant.entity.User,java.lang.Integer,java.math.BigDecimal,java.math.BigDecimal,java.math.BigDecimal)
2018-10-19 17:03:45.345  INFO 12812 --- [restartedMain] s.w.s.m.m.a.RequestMappingHandlerMapping : Mapped "{[/order/findOne],methods=[POST]}" onto public com.ant.webPage.util.Result com.ant.webPage.controller.OrderController.findOrder(com.ant.entity.User,java.lang.Integer)
2018-10-19 17:03:45.345  INFO 12812 --- [restartedMain] s.w.s.m.m.a.RequestMappingHandlerMapping : Mapped "{[/order/profit],methods=[POST]}" onto public com.ant.webPage.util.Result com.ant.webPage.controller.OrderController.profit(java.math.BigDecimal,java.math.BigDecimal,java.math.BigDecimal)
2018-10-19 17:03:45.345  INFO 12812 --- [restartedMain] s.w.s.m.m.a.RequestMappingHandlerMapping : Mapped "{[/order/actualReceipts],methods=[POST]}" onto public com.ant.webPage.util.Result com.ant.webPage.controller.OrderController.profit(java.math.BigDecimal,java.math.BigDecimal)
2018-10-19 17:03:45.346  INFO 12812 --- [restartedMain] s.w.s.m.m.a.RequestMappingHandlerMapping : Mapped "{[/orderRecord/my]}" onto public com.ant.webPage.util.Result com.ant.webPage.controller.OrderRecordController.record(com.ant.entity.User)
2018-10-19 17:03:45.346  INFO 12812 --- [restartedMain] s.w.s.m.m.a.RequestMappingHandlerMapping : Mapped "{[/presentRecord/my]}" onto public com.ant.webPage.util.Result com.ant.webPage.controller.PresentRecordController.record(com.ant.entity.User)
2018-10-19 17:03:45.347  INFO 12812 --- [restartedMain] s.w.s.m.m.a.RequestMappingHandlerMapping : Mapped "{[/putForward/add]}" onto public com.ant.webPage.util.Result com.ant.webPage.controller.PutForwardController.add(com.ant.entity.User,java.lang.Integer,java.math.BigDecimal,java.math.BigDecimal)
2018-10-19 17:03:45.347  INFO 12812 --- [restartedMain] s.w.s.m.m.a.RequestMappingHandlerMapping : Mapped "{[/tstimate/first],methods=[GET]}" onto public com.ant.webPage.util.Result com.ant.webPage.controller.TitimateController.first()
2018-10-19 17:03:45.348  INFO 12812 --- [restartedMain] s.w.s.m.m.a.RequestMappingHandlerMapping : Mapped "{[/totices/findOne/{toticesId}]}" onto public com.ant.webPage.util.Result com.ant.webPage.controller.ToticesController.info(java.lang.Integer)
2018-10-19 17:03:45.348  INFO 12812 --- [restartedMain] s.w.s.m.m.a.RequestMappingHandlerMapping : Mapped "{[/totices/findList],methods=[GET]}" onto public com.ant.webPage.util.Result com.ant.webPage.controller.ToticesController.findList()
2018-10-19 17:03:45.349  INFO 12812 --- [restartedMain] s.w.s.m.m.a.RequestMappingHandlerMapping : Mapped "{[/user/revenueRecord]}" onto public com.ant.webPage.util.Result com.ant.webPage.controller.UserController.revenueRecord(com.ant.entity.User)
2018-10-19 17:03:45.349  INFO 12812 --- [restartedMain] s.w.s.m.m.a.RequestMappingHandlerMapping : Mapped "{[/user/my]}" onto public com.ant.webPage.util.Result com.ant.webPage.controller.UserController.my(com.ant.entity.User)
2018-10-19 17:03:45.349  INFO 12812 --- [restartedMain] s.w.s.m.m.a.RequestMappingHandlerMapping : Mapped "{[/user/detailed]}" onto private com.ant.webPage.util.Result com.ant.webPage.controller.UserController.detailed(com.ant.entity.User)
2018-10-19 17:03:45.352  INFO 12812 --- [restartedMain] s.w.s.m.m.a.RequestMappingHandlerMapping : Mapped "{[/error]}" onto public org.springframework.http.ResponseEntity<java.util.Map<java.lang.String, java.lang.Object>> org.springframework.boot.autoconfigure.web.servlet.error.BasicErrorController.error(javax.servlet.http.HttpServletRequest)
2018-10-19 17:03:45.354  INFO 12812 --- [restartedMain] s.w.s.m.m.a.RequestMappingHandlerMapping : Mapped "{[/error],produces=[text/html]}" onto public org.springframework.web.servlet.ModelAndView org.springframework.boot.autoconfigure.web.servlet.error.BasicErrorController.errorHtml(javax.servlet.http.HttpServletRequest,javax.servlet.http.HttpServletResponse)
2018-10-19 17:03:45.440  INFO 12812 --- [restartedMain] o.s.w.s.handler.SimpleUrlHandlerMapping  : Mapped URL path [/webjars/**] onto handler of type [class org.springframework.web.servlet.resource.ResourceHttpRequestHandler]
2018-10-19 17:03:45.441  INFO 12812 --- [restartedMain] o.s.w.s.handler.SimpleUrlHandlerMapping  : Mapped URL path [/**] onto handler of type [class org.springframework.web.servlet.resource.ResourceHttpRequestHandler]
2018-10-19 17:03:45.542  INFO 12812 --- [restartedMain] o.s.w.s.handler.SimpleUrlHandlerMapping  : Mapped URL path [/**/favicon.ico] onto handler of type [class org.springframework.web.servlet.resource.ResourceHttpRequestHandler]
2018-10-19 17:03:45.581  INFO 12812 --- [restartedMain] o.s.b.a.w.s.WelcomePageHandlerMapping    : Adding welcome page: class path resource [static/index.html]
2018-10-19 17:03:46.245  INFO 12812 --- [restartedMain] o.s.b.d.a.OptionalLiveReloadServer       : LiveReload server is running on port 35729
2018-10-19 17:03:46.337  INFO 12812 --- [restartedMain] o.s.j.e.a.AnnotationMBeanExporter        : Registering beans for JMX exposure on startup
2018-10-19 17:03:46.339  INFO 12812 --- [restartedMain] o.s.j.e.a.AnnotationMBeanExporter        : Bean with name 'dataSource' has been autodetected for JMX exposure
2018-10-19 17:03:46.346  INFO 12812 --- [restartedMain] o.s.j.e.a.AnnotationMBeanExporter        : Located MBean 'dataSource': registering with JMX server as MBean [webPage:name=dataSource,type=DruidDataSource]
2018-10-19 17:03:46.395  INFO 12812 --- [restartedMain] o.s.b.w.embedded.tomcat.TomcatWebServer  : Tomcat started on port(s): 8080 (http) with context path ''
2018-10-19 17:03:46.400  INFO 12812 --- [restartedMain] com.ant.webPage.WebPageApplication       : Started WebPageApplication in 12.683 seconds (JVM running for 13.546)
2018-10-20 11:46:54.828  INFO 10028 --- [restartedMain] com.ant.webPage.WebPageApplication       : Starting WebPageApplication on DESKTOP-OS4CF3D with PID 10028 (started by 你爸爸 in C:\Users\你爸爸\cloudComputingPowers)
2018-10-20 11:46:54.834  INFO 10028 --- [restartedMain] com.ant.webPage.WebPageApplication       : The following profiles are active: prod
2018-10-20 11:46:55.090  INFO 10028 --- [restartedMain] ConfigServletWebServerApplicationContext : Refreshing org.springframework.boot.web.servlet.context.AnnotationConfigServletWebServerApplicationContext@2df323e7: startup date [Sat Oct 20 11:46:55 CST 2018]; root of context hierarchy
2018-10-20 11:46:59.020  INFO 10028 --- [restartedMain] .s.d.r.c.RepositoryConfigurationDelegate : Multiple Spring Data modules found, entering strict repository configuration mode!
2018-10-20 11:46:59.908  INFO 10028 --- [restartedMain] .s.d.r.c.RepositoryConfigurationDelegate : Multiple Spring Data modules found, entering strict repository configuration mode!
2018-10-20 11:47:01.062  INFO 10028 --- [restartedMain] trationDelegate$BeanPostProcessorChecker : Bean 'org.springframework.transaction.annotation.ProxyTransactionManagementConfiguration' of type [org.springframework.transaction.annotation.ProxyTransactionManagementConfiguration$$EnhancerBySpringCGLIB$$c64210c2] is not eligible for getting processed by all BeanPostProcessors (for example: not eligible for auto-proxying)
2018-10-20 11:47:02.117  INFO 10028 --- [restartedMain] o.s.b.w.embedded.tomcat.TomcatWebServer  : Tomcat initialized with port(s): 8080 (http)
2018-10-20 11:47:02.175  INFO 10028 --- [restartedMain] o.apache.catalina.core.StandardService   : Starting service [Tomcat]
2018-10-20 11:47:02.177  INFO 10028 --- [restartedMain] org.apache.catalina.core.StandardEngine  : Starting Servlet Engine: Apache Tomcat/8.5.28
2018-10-20 11:47:02.197  INFO 10028 --- [localhost-startStop-1] o.a.catalina.core.AprLifecycleListener   : The APR based Apache Tomcat Native library which allows optimal performance in production environments was not found on the java.library.path: [C:\Program Files\Java\jdk1.8.0_121\bin;C:\WINDOWS\Sun\Java\bin;C:\WINDOWS\system32;C:\WINDOWS;C:\ProgramData\Oracle\Java\javapath;C:\WINDOWS\system32;C:\WINDOWS;C:\WINDOWS\System32\Wbem;C:\WINDOWS\System32\WindowsPowerShell\v1.0\;C:\Program Files\Intel\WiFi\bin\;C:\Program Files\Common Files\Intel\WirelessCommon\;C:\Program Files (x86)\AMD\ATI.ACE\Core-Static;C:\Program Files\Microsoft\Web Platform Installer\;C:\Program Files (x86)\Microsoft ASP.NET\ASP.NET Web Pages\v1.0\;C:\Program Files\nodejs\;C:\Program Files\MySQL\MySQL Utilities 1.6\;C:\Program Files\Java\jdk1.8.0_121\bin;C:\Program Files\Java\jdk1.8.0_121\jre\bin;D:\apache-maven-3.5.2\bin;C:\Program Files\Git\cmd;C:\Program Files\dotnet\;C:\xampp\php;F:\scx\resources\app\Sia;C:\WINDOWS\System32\OpenSSH\;C:\Program Files\Intel\WiFi\bin\;C:\Program Files\Common Files\Intel\WirelessCommon\;C:\Users\你爸爸\AppData\Local\Microsoft\WindowsApps;C:\Users\你爸爸\AppData\Roaming\npm;C:\Program Files\Java\jdk1.8.0_121\bin;C:\Program Files\Java\jdk1.8.0_121\jre\bin;C:\Users\你爸爸\AppData\Local\GitHubDesktop\bin;%USERPROFILE%\AppData\Local\Microsoft\WindowsApps;;.]
2018-10-20 11:47:02.421  INFO 10028 --- [localhost-startStop-1] o.a.c.c.C.[Tomcat].[localhost].[/]       : Initializing Spring embedded WebApplicationContext
2018-10-20 11:47:02.422  INFO 10028 --- [localhost-startStop-1] o.s.web.context.ContextLoader            : Root WebApplicationContext: initialization completed in 7331 ms
2018-10-20 11:47:02.676  INFO 10028 --- [localhost-startStop-1] o.s.b.w.servlet.ServletRegistrationBean  : Servlet dispatcherServlet mapped to [/]
2018-10-20 11:47:02.686  INFO 10028 --- [localhost-startStop-1] o.s.b.w.servlet.FilterRegistrationBean   : Mapping filter: 'characterEncodingFilter' to: [/*]
2018-10-20 11:47:02.686  INFO 10028 --- [localhost-startStop-1] o.s.b.w.servlet.FilterRegistrationBean   : Mapping filter: 'hiddenHttpMethodFilter' to: [/*]
2018-10-20 11:47:02.687  INFO 10028 --- [localhost-startStop-1] o.s.b.w.servlet.FilterRegistrationBean   : Mapping filter: 'httpPutFormContentFilter' to: [/*]
2018-10-20 11:47:02.688  INFO 10028 --- [localhost-startStop-1] o.s.b.w.servlet.FilterRegistrationBean   : Mapping filter: 'requestContextFilter' to: [/*]
2018-10-20 11:47:03.648  INFO 10028 --- [restartedMain] com.alibaba.druid.pool.DruidDataSource   : {dataSource-1} inited
2018-10-20 11:47:04.188  INFO 10028 --- [restartedMain] j.LocalContainerEntityManagerFactoryBean : Building JPA container EntityManagerFactory for persistence unit 'default'
2018-10-20 11:47:04.224  INFO 10028 --- [restartedMain] o.hibernate.jpa.internal.util.LogHelper  : HHH000204: Processing PersistenceUnitInfo [
	name: default
	...]
2018-10-20 11:47:04.472  INFO 10028 --- [restartedMain] org.hibernate.Version                    : HHH000412: Hibernate Core {5.2.14.Final}
2018-10-20 11:47:04.476  INFO 10028 --- [restartedMain] org.hibernate.cfg.Environment            : HHH000206: hibernate.properties not found
2018-10-20 11:47:04.622  INFO 10028 --- [restartedMain] o.hibernate.annotations.common.Version   : HCANN000001: Hibernate Commons Annotations {5.0.1.Final}
2018-10-20 11:47:05.048  INFO 10028 --- [restartedMain] org.hibernate.dialect.Dialect            : HHH000400: Using dialect: org.hibernate.dialect.MySQL5Dialect
2018-10-20 11:47:05.537  INFO 10028 --- [restartedMain] j.LocalContainerEntityManagerFactoryBean : Initialized JPA EntityManagerFactory for persistence unit 'default'
2018-10-20 11:47:08.670  INFO 10028 --- [restartedMain] s.w.s.m.m.a.RequestMappingHandlerAdapter : Looking for @ControllerAdvice: org.springframework.boot.web.servlet.context.AnnotationConfigServletWebServerApplicationContext@2df323e7: startup date [Sat Oct 20 11:46:55 CST 2018]; root of context hierarchy
2018-10-20 11:47:08.745  WARN 10028 --- [restartedMain] aWebConfiguration$JpaWebMvcConfiguration : spring.jpa.open-in-view is enabled by default. Therefore, database queries may be performed during view rendering. Explicitly configure spring.jpa.open-in-view to disable this warning
2018-10-20 11:47:08.851  INFO 10028 --- [restartedMain] s.w.s.m.m.a.RequestMappingHandlerMapping : Mapped "{[/bank/add],methods=[POST]}" onto public com.ant.webPage.util.Result com.ant.webPage.controller.BankController.add(com.ant.entity.User,java.lang.String,java.lang.String,java.lang.String)
2018-10-20 11:47:08.854  INFO 10028 --- [restartedMain] s.w.s.m.m.a.RequestMappingHandlerMapping : Mapped "{[/bank/update],methods=[POST]}" onto public com.ant.webPage.util.Result com.ant.webPage.controller.BankController.update(com.ant.entity.User,java.lang.String,java.lang.String,java.lang.String,java.lang.Integer)
2018-10-20 11:47:08.854  INFO 10028 --- [restartedMain] s.w.s.m.m.a.RequestMappingHandlerMapping : Mapped "{[/bank/find],methods=[POST]}" onto public com.ant.webPage.util.Result com.ant.webPage.controller.BankController.find(com.ant.entity.User)
2018-10-20 11:47:08.857  INFO 10028 --- [restartedMain] s.w.s.m.m.a.RequestMappingHandlerMapping : Mapped "{[/btcAddr/add]}" onto public com.ant.webPage.util.Result com.ant.webPage.controller.BtcAddrController.add(com.ant.entity.User,java.lang.String)
2018-10-20 11:47:08.858  INFO 10028 --- [restartedMain] s.w.s.m.m.a.RequestMappingHandlerMapping : Mapped "{[/btcAddr/update]}" onto public com.ant.webPage.util.Result com.ant.webPage.controller.BtcAddrController.update(com.ant.entity.User,java.lang.String,java.lang.Integer)
2018-10-20 11:47:08.860  INFO 10028 --- [restartedMain] s.w.s.m.m.a.RequestMappingHandlerMapping : Mapped "{[/btcAddr/find],methods=[POST]}" onto public com.ant.webPage.util.Result com.ant.webPage.controller.BtcAddrController.find(com.ant.entity.User)
2018-10-20 11:47:08.862  INFO 10028 --- [restartedMain] s.w.s.m.m.a.RequestMappingHandlerMapping : Mapped "{[/cloud/findList],methods=[GET]}" onto public com.ant.webPage.util.Result com.ant.webPage.controller.CloudProductController.list()
2018-10-20 11:47:08.863  INFO 10028 --- [restartedMain] s.w.s.m.m.a.RequestMappingHandlerMapping : Mapped "{[/cloud/findOne/{productId}],methods=[GET]}" onto public com.ant.webPage.util.Result com.ant.webPage.controller.CloudProductController.info(java.lang.Integer)
2018-10-20 11:47:08.864  INFO 10028 --- [restartedMain] s.w.s.m.m.a.RequestMappingHandlerMapping : Mapped "{[/cloud/findFirst],methods=[POST]}" onto public com.ant.webPage.util.Result com.ant.webPage.controller.CloudProductController.findOne()
2018-10-20 11:47:08.866  INFO 10028 --- [restartedMain] s.w.s.m.m.a.RequestMappingHandlerMapping : Mapped "{[/financial/findOne/{productId}],methods=[GET]}" onto public com.ant.webPage.util.Result com.ant.webPage.controller.FinancialProductController.info(java.lang.Integer)
2018-10-20 11:47:08.866  INFO 10028 --- [restartedMain] s.w.s.m.m.a.RequestMappingHandlerMapping : Mapped "{[/financial/findFour],methods=[GET]}" onto public com.ant.webPage.util.Result com.ant.webPage.controller.FinancialProductController.findFour()
2018-10-20 11:47:08.867  INFO 10028 --- [restartedMain] s.w.s.m.m.a.RequestMappingHandlerMapping : Mapped "{[/financial/findList],methods=[GET]}" onto public com.ant.webPage.util.Result com.ant.webPage.controller.FinancialProductController.List()
2018-10-20 11:47:08.869  INFO 10028 --- [restartedMain] s.w.s.m.m.a.RequestMappingHandlerMapping : Mapped "{[/login/register],methods=[POST]}" onto public com.ant.webPage.util.Result com.ant.webPage.controller.LoginController.register(java.lang.String,java.lang.String,java.lang.String,java.lang.String)
2018-10-20 11:47:08.871  INFO 10028 --- [restartedMain] s.w.s.m.m.a.RequestMappingHandlerMapping : Mapped "{[/login/login],methods=[POST]}" onto public com.ant.webPage.util.Result com.ant.webPage.controller.LoginController.login(java.lang.String,java.lang.String)
2018-10-20 11:47:08.872  INFO 10028 --- [restartedMain] s.w.s.m.m.a.RequestMappingHandlerMapping : Mapped "{[/login/resetPass],methods=[POST]}" onto public com.ant.webPage.util.Result com.ant.webPage.controller.LoginController.resetPass(java.lang.String,java.lang.String,java.lang.String,java.lang.String)
2018-10-20 11:47:08.873  INFO 10028 --- [restartedMain] s.w.s.m.m.a.RequestMappingHandlerMapping : Mapped "{[/login/registerNoCode],methods=[POST]}" onto public com.ant.webPage.util.Result com.ant.webPage.controller.LoginController.registerNoCode(java.lang.String,java.lang.String,java.lang.String)
2018-10-20 11:47:08.875  INFO 10028 --- [restartedMain] s.w.s.m.m.a.RequestMappingHandlerMapping : Mapped "{[/login/sendCode],methods=[POST]}" onto public com.ant.webPage.util.Result com.ant.webPage.controller.LoginController.sendCode(java.lang.String,java.lang.Integer) throws com.aliyuncs.exceptions.ClientException
2018-10-20 11:47:08.877  INFO 10028 --- [restartedMain] s.w.s.m.m.a.RequestMappingHandlerMapping : Mapped "{[/login/resetPassNoCode],methods=[POST]}" onto public com.ant.webPage.util.Result com.ant.webPage.controller.LoginController.resetPassNoCode(java.lang.String,java.lang.String,java.lang.String)
2018-10-20 11:47:08.880  INFO 10028 --- [restartedMain] s.w.s.m.m.a.RequestMappingHandlerMapping : Mapped "{[/login/logout],methods=[GET]}" onto public java.lang.String com.ant.webPage.controller.LoginController.logout()
2018-10-20 11:47:08.886  INFO 10028 --- [restartedMain] s.w.s.m.m.a.RequestMappingHandlerMapping : Mapped "{[/miner/findList],methods=[GET]}" onto public com.ant.webPage.util.Result com.ant.webPage.controller.MinerProductController.list()
2018-10-20 11:47:08.894  INFO 10028 --- [restartedMain] s.w.s.m.m.a.RequestMappingHandlerMapping : Mapped "{[/miner/findOne/{productId}],methods=[GET]}" onto public com.ant.webPage.util.Result com.ant.webPage.controller.MinerProductController.info(java.lang.Integer) throws java.lang.Exception
2018-10-20 11:47:08.902  INFO 10028 --- [restartedMain] s.w.s.m.m.a.RequestMappingHandlerMapping : Mapped "{[/order/add]}" onto public com.ant.webPage.util.Result com.ant.webPage.controller.OrderController.add(com.ant.entity.User,java.lang.Integer,java.math.BigDecimal,java.math.BigDecimal,java.math.BigDecimal)
2018-10-20 11:47:08.902  INFO 10028 --- [restartedMain] s.w.s.m.m.a.RequestMappingHandlerMapping : Mapped "{[/order/profit],methods=[POST]}" onto public com.ant.webPage.util.Result com.ant.webPage.controller.OrderController.profit(java.math.BigDecimal,java.math.BigDecimal,java.math.BigDecimal)
2018-10-20 11:47:08.903  INFO 10028 --- [restartedMain] s.w.s.m.m.a.RequestMappingHandlerMapping : Mapped "{[/order/actualReceipts],methods=[POST]}" onto public com.ant.webPage.util.Result com.ant.webPage.controller.OrderController.profit(java.math.BigDecimal,java.math.BigDecimal)
2018-10-20 11:47:08.904  INFO 10028 --- [restartedMain] s.w.s.m.m.a.RequestMappingHandlerMapping : Mapped "{[/order/findOne],methods=[POST]}" onto public com.ant.webPage.util.Result com.ant.webPage.controller.OrderController.findOrder(com.ant.entity.User,java.lang.Integer)
2018-10-20 11:47:08.906  INFO 10028 --- [restartedMain] s.w.s.m.m.a.RequestMappingHandlerMapping : Mapped "{[/orderRecord/my]}" onto public com.ant.webPage.util.Result com.ant.webPage.controller.OrderRecordController.record(com.ant.entity.User)
2018-10-20 11:47:08.910  INFO 10028 --- [restartedMain] s.w.s.m.m.a.RequestMappingHandlerMapping : Mapped "{[/presentRecord/my]}" onto public com.ant.webPage.util.Result com.ant.webPage.controller.PresentRecordController.record(com.ant.entity.User)
2018-10-20 11:47:08.914  INFO 10028 --- [restartedMain] s.w.s.m.m.a.RequestMappingHandlerMapping : Mapped "{[/putForward/add]}" onto public com.ant.webPage.util.Result com.ant.webPage.controller.PutForwardController.add(com.ant.entity.User,java.lang.Integer,java.math.BigDecimal,java.math.BigDecimal)
2018-10-20 11:47:08.919  INFO 10028 --- [restartedMain] s.w.s.m.m.a.RequestMappingHandlerMapping : Mapped "{[/tstimate/first],methods=[GET]}" onto public com.ant.webPage.util.Result com.ant.webPage.controller.TitimateController.first()
2018-10-20 11:47:08.921  INFO 10028 --- [restartedMain] s.w.s.m.m.a.RequestMappingHandlerMapping : Mapped "{[/totices/findOne/{toticesId}]}" onto public com.ant.webPage.util.Result com.ant.webPage.controller.ToticesController.info(java.lang.Integer)
2018-10-20 11:47:08.923  INFO 10028 --- [restartedMain] s.w.s.m.m.a.RequestMappingHandlerMapping : Mapped "{[/totices/findList],methods=[GET]}" onto public com.ant.webPage.util.Result com.ant.webPage.controller.ToticesController.findList()
2018-10-20 11:47:08.925  INFO 10028 --- [restartedMain] s.w.s.m.m.a.RequestMappingHandlerMapping : Mapped "{[/user/revenueRecord]}" onto public com.ant.webPage.util.Result com.ant.webPage.controller.UserController.revenueRecord(com.ant.entity.User)
2018-10-20 11:47:08.926  INFO 10028 --- [restartedMain] s.w.s.m.m.a.RequestMappingHandlerMapping : Mapped "{[/user/my]}" onto public com.ant.webPage.util.Result com.ant.webPage.controller.UserController.my(com.ant.entity.User)
2018-10-20 11:47:08.928  INFO 10028 --- [restartedMain] s.w.s.m.m.a.RequestMappingHandlerMapping : Mapped "{[/user/detailed]}" onto private com.ant.webPage.util.Result com.ant.webPage.controller.UserController.detailed(com.ant.entity.User)
2018-10-20 11:47:08.937  INFO 10028 --- [restartedMain] s.w.s.m.m.a.RequestMappingHandlerMapping : Mapped "{[/error]}" onto public org.springframework.http.ResponseEntity<java.util.Map<java.lang.String, java.lang.Object>> org.springframework.boot.autoconfigure.web.servlet.error.BasicErrorController.error(javax.servlet.http.HttpServletRequest)
2018-10-20 11:47:08.938  INFO 10028 --- [restartedMain] s.w.s.m.m.a.RequestMappingHandlerMapping : Mapped "{[/error],produces=[text/html]}" onto public org.springframework.web.servlet.ModelAndView org.springframework.boot.autoconfigure.web.servlet.error.BasicErrorController.errorHtml(javax.servlet.http.HttpServletRequest,javax.servlet.http.HttpServletResponse)
2018-10-20 11:47:09.028  INFO 10028 --- [restartedMain] o.s.w.s.handler.SimpleUrlHandlerMapping  : Mapped URL path [/webjars/**] onto handler of type [class org.springframework.web.servlet.resource.ResourceHttpRequestHandler]
2018-10-20 11:47:09.030  INFO 10028 --- [restartedMain] o.s.w.s.handler.SimpleUrlHandlerMapping  : Mapped URL path [/**] onto handler of type [class org.springframework.web.servlet.resource.ResourceHttpRequestHandler]
2018-10-20 11:47:09.132  INFO 10028 --- [restartedMain] o.s.w.s.handler.SimpleUrlHandlerMapping  : Mapped URL path [/**/favicon.ico] onto handler of type [class org.springframework.web.servlet.resource.ResourceHttpRequestHandler]
2018-10-20 11:47:09.190  INFO 10028 --- [restartedMain] o.s.b.a.w.s.WelcomePageHandlerMapping    : Adding welcome page: class path resource [static/index.html]
2018-10-20 11:47:10.086  INFO 10028 --- [restartedMain] o.s.b.d.a.OptionalLiveReloadServer       : LiveReload server is running on port 35729
2018-10-20 11:47:10.208  INFO 10028 --- [restartedMain] o.s.j.e.a.AnnotationMBeanExporter        : Registering beans for JMX exposure on startup
2018-10-20 11:47:10.210  INFO 10028 --- [restartedMain] o.s.j.e.a.AnnotationMBeanExporter        : Bean with name 'dataSource' has been autodetected for JMX exposure
2018-10-20 11:47:10.217  INFO 10028 --- [restartedMain] o.s.j.e.a.AnnotationMBeanExporter        : Located MBean 'dataSource': registering with JMX server as MBean [webPage:name=dataSource,type=DruidDataSource]
2018-10-20 11:47:10.307  INFO 10028 --- [restartedMain] o.s.b.w.embedded.tomcat.TomcatWebServer  : Tomcat started on port(s): 8080 (http) with context path ''
2018-10-20 11:47:10.315  INFO 10028 --- [restartedMain] com.ant.webPage.WebPageApplication       : Started WebPageApplication in 17.766 seconds (JVM running for 21.442)
2018-10-20 11:56:19.869  INFO 8744 --- [restartedMain] com.ant.webPage.WebPageApplication       : Starting WebPageApplication on DESKTOP-OS4CF3D with PID 8744 (started by 你爸爸 in C:\Users\你爸爸\cloudComputingPowers)
2018-10-20 11:56:19.884  INFO 8744 --- [restartedMain] com.ant.webPage.WebPageApplication       : The following profiles are active: prod
2018-10-20 11:56:20.067  INFO 8744 --- [restartedMain] ConfigServletWebServerApplicationContext : Refreshing org.springframework.boot.web.servlet.context.AnnotationConfigServletWebServerApplicationContext@2941ca04: startup date [Sat Oct 20 11:56:20 CST 2018]; root of context hierarchy
2018-10-20 11:56:23.828  INFO 8744 --- [restartedMain] .s.d.r.c.RepositoryConfigurationDelegate : Multiple Spring Data modules found, entering strict repository configuration mode!
2018-10-20 11:56:23.957  INFO 8744 --- [restartedMain] .s.d.r.c.RepositoryConfigurationDelegate : Multiple Spring Data modules found, entering strict repository configuration mode!
2018-10-20 11:56:24.928  INFO 8744 --- [restartedMain] trationDelegate$BeanPostProcessorChecker : Bean 'org.springframework.transaction.annotation.ProxyTransactionManagementConfiguration' of type [org.springframework.transaction.annotation.ProxyTransactionManagementConfiguration$$EnhancerBySpringCGLIB$$553ef397] is not eligible for getting processed by all BeanPostProcessors (for example: not eligible for auto-proxying)
2018-10-20 11:56:25.585  INFO 8744 --- [restartedMain] o.s.b.w.embedded.tomcat.TomcatWebServer  : Tomcat initialized with port(s): 8080 (http)
2018-10-20 11:56:25.625  INFO 8744 --- [restartedMain] o.apache.catalina.core.StandardService   : Starting service [Tomcat]
2018-10-20 11:56:25.626  INFO 8744 --- [restartedMain] org.apache.catalina.core.StandardEngine  : Starting Servlet Engine: Apache Tomcat/8.5.28
2018-10-20 11:56:25.631  INFO 8744 --- [localhost-startStop-1] o.a.catalina.core.AprLifecycleListener   : The APR based Apache Tomcat Native library which allows optimal performance in production environments was not found on the java.library.path: [C:\Program Files\Java\jdk1.8.0_121\bin;C:\WINDOWS\Sun\Java\bin;C:\WINDOWS\system32;C:\WINDOWS;C:\ProgramData\Oracle\Java\javapath;C:\WINDOWS\system32;C:\WINDOWS;C:\WINDOWS\System32\Wbem;C:\WINDOWS\System32\WindowsPowerShell\v1.0\;C:\Program Files\Intel\WiFi\bin\;C:\Program Files\Common Files\Intel\WirelessCommon\;C:\Program Files (x86)\AMD\ATI.ACE\Core-Static;C:\Program Files\Microsoft\Web Platform Installer\;C:\Program Files (x86)\Microsoft ASP.NET\ASP.NET Web Pages\v1.0\;C:\Program Files\nodejs\;C:\Program Files\MySQL\MySQL Utilities 1.6\;C:\Program Files\Java\jdk1.8.0_121\bin;C:\Program Files\Java\jdk1.8.0_121\jre\bin;D:\apache-maven-3.5.2\bin;C:\Program Files\Git\cmd;C:\Program Files\dotnet\;C:\xampp\php;F:\scx\resources\app\Sia;C:\WINDOWS\System32\OpenSSH\;C:\Program Files\Intel\WiFi\bin\;C:\Program Files\Common Files\Intel\WirelessCommon\;C:\Users\你爸爸\AppData\Local\Microsoft\WindowsApps;C:\Users\你爸爸\AppData\Roaming\npm;C:\Program Files\Java\jdk1.8.0_121\bin;C:\Program Files\Java\jdk1.8.0_121\jre\bin;C:\Users\你爸爸\AppData\Local\GitHubDesktop\bin;%USERPROFILE%\AppData\Local\Microsoft\WindowsApps;;.]
2018-10-20 11:56:25.835  INFO 8744 --- [localhost-startStop-1] o.a.c.c.C.[Tomcat].[localhost].[/]       : Initializing Spring embedded WebApplicationContext
2018-10-20 11:56:25.836  INFO 8744 --- [localhost-startStop-1] o.s.web.context.ContextLoader            : Root WebApplicationContext: initialization completed in 5769 ms
2018-10-20 11:56:26.061  INFO 8744 --- [localhost-startStop-1] o.s.b.w.servlet.ServletRegistrationBean  : Servlet dispatcherServlet mapped to [/]
2018-10-20 11:56:26.072  INFO 8744 --- [localhost-startStop-1] o.s.b.w.servlet.FilterRegistrationBean   : Mapping filter: 'characterEncodingFilter' to: [/*]
2018-10-20 11:56:26.073  INFO 8744 --- [localhost-startStop-1] o.s.b.w.servlet.FilterRegistrationBean   : Mapping filter: 'hiddenHttpMethodFilter' to: [/*]
2018-10-20 11:56:26.073  INFO 8744 --- [localhost-startStop-1] o.s.b.w.servlet.FilterRegistrationBean   : Mapping filter: 'httpPutFormContentFilter' to: [/*]
2018-10-20 11:56:26.075  INFO 8744 --- [localhost-startStop-1] o.s.b.w.servlet.FilterRegistrationBean   : Mapping filter: 'requestContextFilter' to: [/*]
2018-10-20 11:56:26.507  INFO 8744 --- [restartedMain] com.alibaba.druid.pool.DruidDataSource   : {dataSource-1} inited
2018-10-20 11:56:26.922  INFO 8744 --- [restartedMain] j.LocalContainerEntityManagerFactoryBean : Building JPA container EntityManagerFactory for persistence unit 'default'
2018-10-20 11:56:26.939  INFO 8744 --- [restartedMain] o.hibernate.jpa.internal.util.LogHelper  : HHH000204: Processing PersistenceUnitInfo [
	name: default
	...]
2018-10-20 11:56:27.042  INFO 8744 --- [restartedMain] org.hibernate.Version                    : HHH000412: Hibernate Core {5.2.14.Final}
2018-10-20 11:56:27.046  INFO 8744 --- [restartedMain] org.hibernate.cfg.Environment            : HHH000206: hibernate.properties not found
2018-10-20 11:56:27.107  INFO 8744 --- [restartedMain] o.hibernate.annotations.common.Version   : HCANN000001: Hibernate Commons Annotations {5.0.1.Final}
2018-10-20 11:56:27.355  INFO 8744 --- [restartedMain] org.hibernate.dialect.Dialect            : HHH000400: Using dialect: org.hibernate.dialect.MySQL5Dialect
2018-10-20 11:56:27.636  INFO 8744 --- [restartedMain] j.LocalContainerEntityManagerFactoryBean : Initialized JPA EntityManagerFactory for persistence unit 'default'
2018-10-20 11:56:27.899  WARN 8744 --- [restartedMain] ConfigServletWebServerApplicationContext : Exception encountered during context initialization - cancelling refresh attempt: org.springframework.beans.factory.UnsatisfiedDependencyException: Error creating bean with name 'webConfig': Unsatisfied dependency expressed through field 'authInterceptor'; nested exception is org.springframework.beans.factory.UnsatisfiedDependencyException: Error creating bean with name 'authInterceptor': Unsatisfied dependency expressed through field 'userService'; nested exception is org.springframework.beans.factory.UnsatisfiedDependencyException: Error creating bean with name 'userService': Unsatisfied dependency expressed through field 'baseMapper'; nested exception is org.springframework.beans.factory.UnsatisfiedDependencyException: Error creating bean with name 'userDao' defined in file [C:\Users\你爸爸\cloudComputingPowers\webPage\out\production\classes\com\ant\webPage\dao\UserDao.class]: Unsatisfied dependency expressed through bean property 'sqlSessionFactory'; nested exception is org.springframework.beans.factory.BeanCreationException: Error creating bean with name 'sqlSessionFactory' defined in class path resource [com/baomidou/mybatisplus/spring/boot/starter/MybatisPlusAutoConfiguration.class]: Bean instantiation via factory method failed; nested exception is org.springframework.beans.BeanInstantiationException: Failed to instantiate [org.apache.ibatis.session.SqlSessionFactory]: Factory method 'sqlSessionFactory' threw exception; nested exception is org.apache.ibatis.type.TypeException: The alias 'User' is already mapped to the value 'com.ant.entity.PC.PCUser'.
2018-10-20 11:56:27.901  INFO 8744 --- [restartedMain] j.LocalContainerEntityManagerFactoryBean : Closing JPA EntityManagerFactory for persistence unit 'default'
2018-10-20 11:56:27.906  INFO 8744 --- [restartedMain] com.alibaba.druid.pool.DruidDataSource   : {dataSource-1} closed
2018-10-20 11:56:27.910  INFO 8744 --- [restartedMain] o.apache.catalina.core.StandardService   : Stopping service [Tomcat]
2018-10-20 11:57:45.340  INFO 9696 --- [restartedMain] com.ant.webPage.WebPageApplication       : Starting WebPageApplication on DESKTOP-OS4CF3D with PID 9696 (started by 你爸爸 in C:\Users\你爸爸\cloudComputingPowers)
2018-10-20 11:57:45.618  INFO 9696 --- [restartedMain] com.ant.webPage.WebPageApplication       : The following profiles are active: prod
2018-10-20 11:57:46.045  INFO 9696 --- [restartedMain] ConfigServletWebServerApplicationContext : Refreshing org.springframework.boot.web.servlet.context.AnnotationConfigServletWebServerApplicationContext@2f2d3514: startup date [Sat Oct 20 11:57:46 CST 2018]; root of context hierarchy
2018-10-20 11:57:49.277  INFO 9696 --- [restartedMain] .s.d.r.c.RepositoryConfigurationDelegate : Multiple Spring Data modules found, entering strict repository configuration mode!
2018-10-20 11:57:49.378  INFO 9696 --- [restartedMain] .s.d.r.c.RepositoryConfigurationDelegate : Multiple Spring Data modules found, entering strict repository configuration mode!
2018-10-20 11:57:50.187  INFO 9696 --- [restartedMain] trationDelegate$BeanPostProcessorChecker : Bean 'org.springframework.transaction.annotation.ProxyTransactionManagementConfiguration' of type [org.springframework.transaction.annotation.ProxyTransactionManagementConfiguration$$EnhancerBySpringCGLIB$$a65a08a2] is not eligible for getting processed by all BeanPostProcessors (for example: not eligible for auto-proxying)
2018-10-20 11:57:50.752  INFO 9696 --- [restartedMain] o.s.b.w.embedded.tomcat.TomcatWebServer  : Tomcat initialized with port(s): 8080 (http)
2018-10-20 11:57:50.800  INFO 9696 --- [restartedMain] o.apache.catalina.core.StandardService   : Starting service [Tomcat]
2018-10-20 11:57:50.802  INFO 9696 --- [restartedMain] org.apache.catalina.core.StandardEngine  : Starting Servlet Engine: Apache Tomcat/8.5.28
2018-10-20 11:57:50.808  INFO 9696 --- [localhost-startStop-1] o.a.catalina.core.AprLifecycleListener   : The APR based Apache Tomcat Native library which allows optimal performance in production environments was not found on the java.library.path: [C:\Program Files\Java\jdk1.8.0_121\bin;C:\WINDOWS\Sun\Java\bin;C:\WINDOWS\system32;C:\WINDOWS;C:\ProgramData\Oracle\Java\javapath;C:\WINDOWS\system32;C:\WINDOWS;C:\WINDOWS\System32\Wbem;C:\WINDOWS\System32\WindowsPowerShell\v1.0\;C:\Program Files\Intel\WiFi\bin\;C:\Program Files\Common Files\Intel\WirelessCommon\;C:\Program Files (x86)\AMD\ATI.ACE\Core-Static;C:\Program Files\Microsoft\Web Platform Installer\;C:\Program Files (x86)\Microsoft ASP.NET\ASP.NET Web Pages\v1.0\;C:\Program Files\nodejs\;C:\Program Files\MySQL\MySQL Utilities 1.6\;C:\Program Files\Java\jdk1.8.0_121\bin;C:\Program Files\Java\jdk1.8.0_121\jre\bin;D:\apache-maven-3.5.2\bin;C:\Program Files\Git\cmd;C:\Program Files\dotnet\;C:\xampp\php;F:\scx\resources\app\Sia;C:\WINDOWS\System32\OpenSSH\;C:\Program Files\Intel\WiFi\bin\;C:\Program Files\Common Files\Intel\WirelessCommon\;C:\Users\你爸爸\AppData\Local\Microsoft\WindowsApps;C:\Users\你爸爸\AppData\Roaming\npm;C:\Program Files\Java\jdk1.8.0_121\bin;C:\Program Files\Java\jdk1.8.0_121\jre\bin;C:\Users\你爸爸\AppData\Local\GitHubDesktop\bin;%USERPROFILE%\AppData\Local\Microsoft\WindowsApps;;.]
2018-10-20 11:57:51.010  INFO 9696 --- [localhost-startStop-1] o.a.c.c.C.[Tomcat].[localhost].[/]       : Initializing Spring embedded WebApplicationContext
2018-10-20 11:57:51.011  INFO 9696 --- [localhost-startStop-1] o.s.web.context.ContextLoader            : Root WebApplicationContext: initialization completed in 4968 ms
2018-10-20 11:57:51.244  INFO 9696 --- [localhost-startStop-1] o.s.b.w.servlet.ServletRegistrationBean  : Servlet dispatcherServlet mapped to [/]
2018-10-20 11:57:51.253  INFO 9696 --- [localhost-startStop-1] o.s.b.w.servlet.FilterRegistrationBean   : Mapping filter: 'characterEncodingFilter' to: [/*]
2018-10-20 11:57:51.254  INFO 9696 --- [localhost-startStop-1] o.s.b.w.servlet.FilterRegistrationBean   : Mapping filter: 'hiddenHttpMethodFilter' to: [/*]
2018-10-20 11:57:51.254  INFO 9696 --- [localhost-startStop-1] o.s.b.w.servlet.FilterRegistrationBean   : Mapping filter: 'httpPutFormContentFilter' to: [/*]
2018-10-20 11:57:51.255  INFO 9696 --- [localhost-startStop-1] o.s.b.w.servlet.FilterRegistrationBean   : Mapping filter: 'requestContextFilter' to: [/*]
2018-10-20 11:57:51.682  INFO 9696 --- [restartedMain] com.alibaba.druid.pool.DruidDataSource   : {dataSource-1} inited
2018-10-20 11:57:52.119  INFO 9696 --- [restartedMain] j.LocalContainerEntityManagerFactoryBean : Building JPA container EntityManagerFactory for persistence unit 'default'
2018-10-20 11:57:52.136  INFO 9696 --- [restartedMain] o.hibernate.jpa.internal.util.LogHelper  : HHH000204: Processing PersistenceUnitInfo [
	name: default
	...]
2018-10-20 11:57:52.239  INFO 9696 --- [restartedMain] org.hibernate.Version                    : HHH000412: Hibernate Core {5.2.14.Final}
2018-10-20 11:57:52.243  INFO 9696 --- [restartedMain] org.hibernate.cfg.Environment            : HHH000206: hibernate.properties not found
2018-10-20 11:57:52.313  INFO 9696 --- [restartedMain] o.hibernate.annotations.common.Version   : HCANN000001: Hibernate Commons Annotations {5.0.1.Final}
2018-10-20 11:57:52.574  INFO 9696 --- [restartedMain] org.hibernate.dialect.Dialect            : HHH000400: Using dialect: org.hibernate.dialect.MySQL5Dialect
2018-10-20 11:57:52.850  INFO 9696 --- [restartedMain] j.LocalContainerEntityManagerFactoryBean : Initialized JPA EntityManagerFactory for persistence unit 'default'
2018-10-20 11:57:53.096  WARN 9696 --- [restartedMain] ConfigServletWebServerApplicationContext : Exception encountered during context initialization - cancelling refresh attempt: org.springframework.beans.factory.UnsatisfiedDependencyException: Error creating bean with name 'webConfig': Unsatisfied dependency expressed through field 'authInterceptor'; nested exception is org.springframework.beans.factory.UnsatisfiedDependencyException: Error creating bean with name 'authInterceptor': Unsatisfied dependency expressed through field 'userService'; nested exception is org.springframework.beans.factory.UnsatisfiedDependencyException: Error creating bean with name 'userService': Unsatisfied dependency expressed through field 'baseMapper'; nested exception is org.springframework.beans.factory.UnsatisfiedDependencyException: Error creating bean with name 'userDao' defined in file [C:\Users\你爸爸\cloudComputingPowers\webPage\out\production\classes\com\ant\webPage\dao\UserDao.class]: Unsatisfied dependency expressed through bean property 'sqlSessionFactory'; nested exception is org.springframework.beans.factory.BeanCreationException: Error creating bean with name 'sqlSessionFactory' defined in class path resource [com/baomidou/mybatisplus/spring/boot/starter/MybatisPlusAutoConfiguration.class]: Bean instantiation via factory method failed; nested exception is org.springframework.beans.BeanInstantiationException: Failed to instantiate [org.apache.ibatis.session.SqlSessionFactory]: Factory method 'sqlSessionFactory' threw exception; nested exception is org.apache.ibatis.type.TypeException: The alias 'User' is already mapped to the value 'com.ant.entity.phone.User'.
2018-10-20 11:57:53.098  INFO 9696 --- [restartedMain] j.LocalContainerEntityManagerFactoryBean : Closing JPA EntityManagerFactory for persistence unit 'default'
2018-10-20 11:57:53.103  INFO 9696 --- [restartedMain] com.alibaba.druid.pool.DruidDataSource   : {dataSource-1} closed
2018-10-20 11:57:53.107  INFO 9696 --- [restartedMain] o.apache.catalina.core.StandardService   : Stopping service [Tomcat]
2018-10-20 12:00:34.195  INFO 13288 --- [restartedMain] com.ant.webPage.WebPageApplication       : Starting WebPageApplication on DESKTOP-OS4CF3D with PID 13288 (started by 你爸爸 in C:\Users\你爸爸\cloudComputingPowers)
2018-10-20 12:00:34.229  INFO 13288 --- [restartedMain] com.ant.webPage.WebPageApplication       : The following profiles are active: prod
2018-10-20 12:00:34.576  INFO 13288 --- [restartedMain] ConfigServletWebServerApplicationContext : Refreshing org.springframework.boot.web.servlet.context.AnnotationConfigServletWebServerApplicationContext@665f6b63: startup date [Sat Oct 20 12:00:34 CST 2018]; root of context hierarchy
2018-10-20 12:00:38.299  INFO 13288 --- [restartedMain] .s.d.r.c.RepositoryConfigurationDelegate : Multiple Spring Data modules found, entering strict repository configuration mode!
2018-10-20 12:00:38.404  INFO 13288 --- [restartedMain] .s.d.r.c.RepositoryConfigurationDelegate : Multiple Spring Data modules found, entering strict repository configuration mode!
2018-10-20 12:00:39.261  INFO 13288 --- [restartedMain] trationDelegate$BeanPostProcessorChecker : Bean 'org.springframework.transaction.annotation.ProxyTransactionManagementConfiguration' of type [org.springframework.transaction.annotation.ProxyTransactionManagementConfiguration$$EnhancerBySpringCGLIB$$11bffebf] is not eligible for getting processed by all BeanPostProcessors (for example: not eligible for auto-proxying)
2018-10-20 12:00:39.897  INFO 13288 --- [restartedMain] o.s.b.w.embedded.tomcat.TomcatWebServer  : Tomcat initialized with port(s): 8080 (http)
2018-10-20 12:00:39.933  INFO 13288 --- [restartedMain] o.apache.catalina.core.StandardService   : Starting service [Tomcat]
2018-10-20 12:00:39.935  INFO 13288 --- [restartedMain] org.apache.catalina.core.StandardEngine  : Starting Servlet Engine: Apache Tomcat/8.5.28
2018-10-20 12:00:39.939  INFO 13288 --- [localhost-startStop-1] o.a.catalina.core.AprLifecycleListener   : The APR based Apache Tomcat Native library which allows optimal performance in production environments was not found on the java.library.path: [C:\Program Files\Java\jdk1.8.0_121\bin;C:\WINDOWS\Sun\Java\bin;C:\WINDOWS\system32;C:\WINDOWS;C:\ProgramData\Oracle\Java\javapath;C:\WINDOWS\system32;C:\WINDOWS;C:\WINDOWS\System32\Wbem;C:\WINDOWS\System32\WindowsPowerShell\v1.0\;C:\Program Files\Intel\WiFi\bin\;C:\Program Files\Common Files\Intel\WirelessCommon\;C:\Program Files (x86)\AMD\ATI.ACE\Core-Static;C:\Program Files\Microsoft\Web Platform Installer\;C:\Program Files (x86)\Microsoft ASP.NET\ASP.NET Web Pages\v1.0\;C:\Program Files\nodejs\;C:\Program Files\MySQL\MySQL Utilities 1.6\;C:\Program Files\Java\jdk1.8.0_121\bin;C:\Program Files\Java\jdk1.8.0_121\jre\bin;D:\apache-maven-3.5.2\bin;C:\Program Files\Git\cmd;C:\Program Files\dotnet\;C:\xampp\php;F:\scx\resources\app\Sia;C:\WINDOWS\System32\OpenSSH\;C:\Program Files\Intel\WiFi\bin\;C:\Program Files\Common Files\Intel\WirelessCommon\;C:\Users\你爸爸\AppData\Local\Microsoft\WindowsApps;C:\Users\你爸爸\AppData\Roaming\npm;C:\Program Files\Java\jdk1.8.0_121\bin;C:\Program Files\Java\jdk1.8.0_121\jre\bin;C:\Users\你爸爸\AppData\Local\GitHubDesktop\bin;%USERPROFILE%\AppData\Local\Microsoft\WindowsApps;;.]
2018-10-20 12:00:40.138  INFO 13288 --- [localhost-startStop-1] o.a.c.c.C.[Tomcat].[localhost].[/]       : Initializing Spring embedded WebApplicationContext
2018-10-20 12:00:40.139  INFO 13288 --- [localhost-startStop-1] o.s.web.context.ContextLoader            : Root WebApplicationContext: initialization completed in 5563 ms
2018-10-20 12:00:40.375  INFO 13288 --- [localhost-startStop-1] o.s.b.w.servlet.ServletRegistrationBean  : Servlet dispatcherServlet mapped to [/]
2018-10-20 12:00:40.384  INFO 13288 --- [localhost-startStop-1] o.s.b.w.servlet.FilterRegistrationBean   : Mapping filter: 'characterEncodingFilter' to: [/*]
2018-10-20 12:00:40.384  INFO 13288 --- [localhost-startStop-1] o.s.b.w.servlet.FilterRegistrationBean   : Mapping filter: 'hiddenHttpMethodFilter' to: [/*]
2018-10-20 12:00:40.384  INFO 13288 --- [localhost-startStop-1] o.s.b.w.servlet.FilterRegistrationBean   : Mapping filter: 'httpPutFormContentFilter' to: [/*]
2018-10-20 12:00:40.386  INFO 13288 --- [localhost-startStop-1] o.s.b.w.servlet.FilterRegistrationBean   : Mapping filter: 'requestContextFilter' to: [/*]
2018-10-20 12:00:40.775  INFO 13288 --- [restartedMain] com.alibaba.druid.pool.DruidDataSource   : {dataSource-1} inited
2018-10-20 12:00:41.195  INFO 13288 --- [restartedMain] j.LocalContainerEntityManagerFactoryBean : Building JPA container EntityManagerFactory for persistence unit 'default'
2018-10-20 12:00:41.212  INFO 13288 --- [restartedMain] o.hibernate.jpa.internal.util.LogHelper  : HHH000204: Processing PersistenceUnitInfo [
	name: default
	...]
2018-10-20 12:00:41.311  INFO 13288 --- [restartedMain] org.hibernate.Version                    : HHH000412: Hibernate Core {5.2.14.Final}
2018-10-20 12:00:41.317  INFO 13288 --- [restartedMain] org.hibernate.cfg.Environment            : HHH000206: hibernate.properties not found
2018-10-20 12:00:41.377  INFO 13288 --- [restartedMain] o.hibernate.annotations.common.Version   : HCANN000001: Hibernate Commons Annotations {5.0.1.Final}
2018-10-20 12:00:41.620  INFO 13288 --- [restartedMain] org.hibernate.dialect.Dialect            : HHH000400: Using dialect: org.hibernate.dialect.MySQL5Dialect
2018-10-20 12:00:41.953  INFO 13288 --- [restartedMain] j.LocalContainerEntityManagerFactoryBean : Initialized JPA EntityManagerFactory for persistence unit 'default'
2018-10-20 12:00:42.228  WARN 13288 --- [restartedMain] ConfigServletWebServerApplicationContext : Exception encountered during context initialization - cancelling refresh attempt: org.springframework.beans.factory.UnsatisfiedDependencyException: Error creating bean with name 'webConfig': Unsatisfied dependency expressed through field 'authInterceptor'; nested exception is org.springframework.beans.factory.UnsatisfiedDependencyException: Error creating bean with name 'authInterceptor': Unsatisfied dependency expressed through field 'userService'; nested exception is org.springframework.beans.factory.UnsatisfiedDependencyException: Error creating bean with name 'userService': Unsatisfied dependency expressed through field 'baseMapper'; nested exception is org.springframework.beans.factory.UnsatisfiedDependencyException: Error creating bean with name 'userDao' defined in file [C:\Users\你爸爸\cloudComputingPowers\webPage\out\production\classes\com\ant\webPage\dao\UserDao.class]: Unsatisfied dependency expressed through bean property 'sqlSessionFactory'; nested exception is org.springframework.beans.factory.BeanCreationException: Error creating bean with name 'sqlSessionFactory' defined in class path resource [com/baomidou/mybatisplus/spring/boot/starter/MybatisPlusAutoConfiguration.class]: Bean instantiation via factory method failed; nested exception is org.springframework.beans.BeanInstantiationException: Failed to instantiate [org.apache.ibatis.session.SqlSessionFactory]: Factory method 'sqlSessionFactory' threw exception; nested exception is org.apache.ibatis.type.TypeException: The alias 'User' is already mapped to the value 'com.ant.entity.PC.PCUser'.
2018-10-20 12:00:42.230  INFO 13288 --- [restartedMain] j.LocalContainerEntityManagerFactoryBean : Closing JPA EntityManagerFactory for persistence unit 'default'
2018-10-20 12:00:42.235  INFO 13288 --- [restartedMain] com.alibaba.druid.pool.DruidDataSource   : {dataSource-1} closed
2018-10-20 12:00:42.239  INFO 13288 --- [restartedMain] o.apache.catalina.core.StandardService   : Stopping service [Tomcat]
2018-10-20 12:16:08.890  INFO 14520 --- [restartedMain] com.ant.webPage.WebPageApplication       : Starting WebPageApplication on DESKTOP-OS4CF3D with PID 14520 (started by 你爸爸 in C:\Users\你爸爸\cloudComputingPowers)
2018-10-20 12:16:08.902  INFO 14520 --- [restartedMain] com.ant.webPage.WebPageApplication       : The following profiles are active: prod
2018-10-20 12:16:09.101  INFO 14520 --- [restartedMain] ConfigServletWebServerApplicationContext : Refreshing org.springframework.boot.web.servlet.context.AnnotationConfigServletWebServerApplicationContext@50a2766b: startup date [Sat Oct 20 12:16:09 CST 2018]; root of context hierarchy
2018-10-20 12:16:11.626  INFO 14520 --- [restartedMain] .s.d.r.c.RepositoryConfigurationDelegate : Multiple Spring Data modules found, entering strict repository configuration mode!
2018-10-20 12:16:11.731  INFO 14520 --- [restartedMain] .s.d.r.c.RepositoryConfigurationDelegate : Multiple Spring Data modules found, entering strict repository configuration mode!
2018-10-20 12:16:12.495  INFO 14520 --- [restartedMain] trationDelegate$BeanPostProcessorChecker : Bean 'org.springframework.transaction.annotation.ProxyTransactionManagementConfiguration' of type [org.springframework.transaction.annotation.ProxyTransactionManagementConfiguration$$EnhancerBySpringCGLIB$$46944b2] is not eligible for getting processed by all BeanPostProcessors (for example: not eligible for auto-proxying)
2018-10-20 12:16:13.034  INFO 14520 --- [restartedMain] o.s.b.w.embedded.tomcat.TomcatWebServer  : Tomcat initialized with port(s): 8080 (http)
2018-10-20 12:16:13.072  INFO 14520 --- [restartedMain] o.apache.catalina.core.StandardService   : Starting service [Tomcat]
2018-10-20 12:16:13.074  INFO 14520 --- [restartedMain] org.apache.catalina.core.StandardEngine  : Starting Servlet Engine: Apache Tomcat/8.5.28
2018-10-20 12:16:13.078  INFO 14520 --- [localhost-startStop-1] o.a.catalina.core.AprLifecycleListener   : The APR based Apache Tomcat Native library which allows optimal performance in production environments was not found on the java.library.path: [C:\Program Files\Java\jdk1.8.0_121\bin;C:\WINDOWS\Sun\Java\bin;C:\WINDOWS\system32;C:\WINDOWS;C:\ProgramData\Oracle\Java\javapath;C:\WINDOWS\system32;C:\WINDOWS;C:\WINDOWS\System32\Wbem;C:\WINDOWS\System32\WindowsPowerShell\v1.0\;C:\Program Files\Intel\WiFi\bin\;C:\Program Files\Common Files\Intel\WirelessCommon\;C:\Program Files (x86)\AMD\ATI.ACE\Core-Static;C:\Program Files\Microsoft\Web Platform Installer\;C:\Program Files (x86)\Microsoft ASP.NET\ASP.NET Web Pages\v1.0\;C:\Program Files\nodejs\;C:\Program Files\MySQL\MySQL Utilities 1.6\;C:\Program Files\Java\jdk1.8.0_121\bin;C:\Program Files\Java\jdk1.8.0_121\jre\bin;D:\apache-maven-3.5.2\bin;C:\Program Files\Git\cmd;C:\Program Files\dotnet\;C:\xampp\php;F:\scx\resources\app\Sia;C:\WINDOWS\System32\OpenSSH\;C:\Program Files\Intel\WiFi\bin\;C:\Program Files\Common Files\Intel\WirelessCommon\;C:\Users\你爸爸\AppData\Local\Microsoft\WindowsApps;C:\Users\你爸爸\AppData\Roaming\npm;C:\Program Files\Java\jdk1.8.0_121\bin;C:\Program Files\Java\jdk1.8.0_121\jre\bin;C:\Users\你爸爸\AppData\Local\GitHubDesktop\bin;%USERPROFILE%\AppData\Local\Microsoft\WindowsApps;;.]
2018-10-20 12:16:13.283  INFO 14520 --- [localhost-startStop-1] o.a.c.c.C.[Tomcat].[localhost].[/]       : Initializing Spring embedded WebApplicationContext
2018-10-20 12:16:13.283  INFO 14520 --- [localhost-startStop-1] o.s.web.context.ContextLoader            : Root WebApplicationContext: initialization completed in 4183 ms
2018-10-20 12:16:13.493  INFO 14520 --- [localhost-startStop-1] o.s.b.w.servlet.ServletRegistrationBean  : Servlet dispatcherServlet mapped to [/]
2018-10-20 12:16:13.504  INFO 14520 --- [localhost-startStop-1] o.s.b.w.servlet.FilterRegistrationBean   : Mapping filter: 'characterEncodingFilter' to: [/*]
2018-10-20 12:16:13.504  INFO 14520 --- [localhost-startStop-1] o.s.b.w.servlet.FilterRegistrationBean   : Mapping filter: 'hiddenHttpMethodFilter' to: [/*]
2018-10-20 12:16:13.504  INFO 14520 --- [localhost-startStop-1] o.s.b.w.servlet.FilterRegistrationBean   : Mapping filter: 'httpPutFormContentFilter' to: [/*]
2018-10-20 12:16:13.506  INFO 14520 --- [localhost-startStop-1] o.s.b.w.servlet.FilterRegistrationBean   : Mapping filter: 'requestContextFilter' to: [/*]
2018-10-20 12:16:13.910  INFO 14520 --- [restartedMain] com.alibaba.druid.pool.DruidDataSource   : {dataSource-1} inited
2018-10-20 12:16:14.330  INFO 14520 --- [restartedMain] j.LocalContainerEntityManagerFactoryBean : Building JPA container EntityManagerFactory for persistence unit 'default'
2018-10-20 12:16:14.347  INFO 14520 --- [restartedMain] o.hibernate.jpa.internal.util.LogHelper  : HHH000204: Processing PersistenceUnitInfo [
	name: default
	...]
2018-10-20 12:16:14.449  INFO 14520 --- [restartedMain] org.hibernate.Version                    : HHH000412: Hibernate Core {5.2.14.Final}
2018-10-20 12:16:14.453  INFO 14520 --- [restartedMain] org.hibernate.cfg.Environment            : HHH000206: hibernate.properties not found
2018-10-20 12:16:14.513  INFO 14520 --- [restartedMain] o.hibernate.annotations.common.Version   : HCANN000001: Hibernate Commons Annotations {5.0.1.Final}
2018-10-20 12:16:14.732  INFO 14520 --- [restartedMain] org.hibernate.dialect.Dialect            : HHH000400: Using dialect: org.hibernate.dialect.MySQL5Dialect
2018-10-20 12:16:15.007  INFO 14520 --- [restartedMain] j.LocalContainerEntityManagerFactoryBean : Initialized JPA EntityManagerFactory for persistence unit 'default'
2018-10-20 12:16:15.247  WARN 14520 --- [restartedMain] ConfigServletWebServerApplicationContext : Exception encountered during context initialization - cancelling refresh attempt: org.springframework.beans.factory.UnsatisfiedDependencyException: Error creating bean with name 'webConfig': Unsatisfied dependency expressed through field 'authInterceptor'; nested exception is org.springframework.beans.factory.UnsatisfiedDependencyException: Error creating bean with name 'authInterceptor': Unsatisfied dependency expressed through field 'userService'; nested exception is org.springframework.beans.factory.UnsatisfiedDependencyException: Error creating bean with name 'userService': Unsatisfied dependency expressed through field 'baseMapper'; nested exception is org.springframework.beans.factory.UnsatisfiedDependencyException: Error creating bean with name 'userDao' defined in file [C:\Users\你爸爸\cloudComputingPowers\webPage\out\production\classes\com\ant\webPage\dao\UserDao.class]: Unsatisfied dependency expressed through bean property 'sqlSessionFactory'; nested exception is org.springframework.beans.factory.BeanCreationException: Error creating bean with name 'sqlSessionFactory' defined in class path resource [com/baomidou/mybatisplus/spring/boot/starter/MybatisPlusAutoConfiguration.class]: Bean instantiation via factory method failed; nested exception is org.springframework.beans.BeanInstantiationException: Failed to instantiate [org.apache.ibatis.session.SqlSessionFactory]: Factory method 'sqlSessionFactory' threw exception; nested exception is org.apache.ibatis.type.TypeException: The alias 'User' is already mapped to the value 'com.ant.entity.PC.PCUser'.
2018-10-20 12:16:15.249  INFO 14520 --- [restartedMain] j.LocalContainerEntityManagerFactoryBean : Closing JPA EntityManagerFactory for persistence unit 'default'
2018-10-20 12:16:15.254  INFO 14520 --- [restartedMain] com.alibaba.druid.pool.DruidDataSource   : {dataSource-1} closed
2018-10-20 12:16:15.258  INFO 14520 --- [restartedMain] o.apache.catalina.core.StandardService   : Stopping service [Tomcat]
2018-10-20 12:19:46.633  INFO 8640 --- [restartedMain] com.ant.webPage.WebPageApplication       : Starting WebPageApplication on DESKTOP-OS4CF3D with PID 8640 (started by 你爸爸 in C:\Users\你爸爸\cloudComputingPowers)
2018-10-20 12:19:46.641  INFO 8640 --- [restartedMain] com.ant.webPage.WebPageApplication       : The following profiles are active: prod
2018-10-20 12:19:46.793  INFO 8640 --- [restartedMain] ConfigServletWebServerApplicationContext : Refreshing org.springframework.boot.web.servlet.context.AnnotationConfigServletWebServerApplicationContext@48888048: startup date [Sat Oct 20 12:19:46 CST 2018]; root of context hierarchy
2018-10-20 12:19:49.261  INFO 8640 --- [restartedMain] .s.d.r.c.RepositoryConfigurationDelegate : Multiple Spring Data modules found, entering strict repository configuration mode!
2018-10-20 12:19:49.362  INFO 8640 --- [restartedMain] .s.d.r.c.RepositoryConfigurationDelegate : Multiple Spring Data modules found, entering strict repository configuration mode!
2018-10-20 12:19:50.118  INFO 8640 --- [restartedMain] trationDelegate$BeanPostProcessorChecker : Bean 'org.springframework.transaction.annotation.ProxyTransactionManagementConfiguration' of type [org.springframework.transaction.annotation.ProxyTransactionManagementConfiguration$$EnhancerBySpringCGLIB$$3118474a] is not eligible for getting processed by all BeanPostProcessors (for example: not eligible for auto-proxying)
2018-10-20 12:19:50.679  INFO 8640 --- [restartedMain] o.s.b.w.embedded.tomcat.TomcatWebServer  : Tomcat initialized with port(s): 8080 (http)
2018-10-20 12:19:50.713  INFO 8640 --- [restartedMain] o.apache.catalina.core.StandardService   : Starting service [Tomcat]
2018-10-20 12:19:50.715  INFO 8640 --- [restartedMain] org.apache.catalina.core.StandardEngine  : Starting Servlet Engine: Apache Tomcat/8.5.28
2018-10-20 12:19:50.720  INFO 8640 --- [localhost-startStop-1] o.a.catalina.core.AprLifecycleListener   : The APR based Apache Tomcat Native library which allows optimal performance in production environments was not found on the java.library.path: [C:\Program Files\Java\jdk1.8.0_121\bin;C:\WINDOWS\Sun\Java\bin;C:\WINDOWS\system32;C:\WINDOWS;C:\ProgramData\Oracle\Java\javapath;C:\WINDOWS\system32;C:\WINDOWS;C:\WINDOWS\System32\Wbem;C:\WINDOWS\System32\WindowsPowerShell\v1.0\;C:\Program Files\Intel\WiFi\bin\;C:\Program Files\Common Files\Intel\WirelessCommon\;C:\Program Files (x86)\AMD\ATI.ACE\Core-Static;C:\Program Files\Microsoft\Web Platform Installer\;C:\Program Files (x86)\Microsoft ASP.NET\ASP.NET Web Pages\v1.0\;C:\Program Files\nodejs\;C:\Program Files\MySQL\MySQL Utilities 1.6\;C:\Program Files\Java\jdk1.8.0_121\bin;C:\Program Files\Java\jdk1.8.0_121\jre\bin;D:\apache-maven-3.5.2\bin;C:\Program Files\Git\cmd;C:\Program Files\dotnet\;C:\xampp\php;F:\scx\resources\app\Sia;C:\WINDOWS\System32\OpenSSH\;C:\Program Files\Intel\WiFi\bin\;C:\Program Files\Common Files\Intel\WirelessCommon\;C:\Users\你爸爸\AppData\Local\Microsoft\WindowsApps;C:\Users\你爸爸\AppData\Roaming\npm;C:\Program Files\Java\jdk1.8.0_121\bin;C:\Program Files\Java\jdk1.8.0_121\jre\bin;C:\Users\你爸爸\AppData\Local\GitHubDesktop\bin;%USERPROFILE%\AppData\Local\Microsoft\WindowsApps;;.]
2018-10-20 12:19:50.895  INFO 8640 --- [localhost-startStop-1] o.a.c.c.C.[Tomcat].[localhost].[/]       : Initializing Spring embedded WebApplicationContext
2018-10-20 12:19:50.897  INFO 8640 --- [localhost-startStop-1] o.s.web.context.ContextLoader            : Root WebApplicationContext: initialization completed in 4104 ms
2018-10-20 12:19:51.126  INFO 8640 --- [localhost-startStop-1] o.s.b.w.servlet.ServletRegistrationBean  : Servlet dispatcherServlet mapped to [/]
2018-10-20 12:19:51.134  INFO 8640 --- [localhost-startStop-1] o.s.b.w.servlet.FilterRegistrationBean   : Mapping filter: 'characterEncodingFilter' to: [/*]
2018-10-20 12:19:51.135  INFO 8640 --- [localhost-startStop-1] o.s.b.w.servlet.FilterRegistrationBean   : Mapping filter: 'hiddenHttpMethodFilter' to: [/*]
2018-10-20 12:19:51.135  INFO 8640 --- [localhost-startStop-1] o.s.b.w.servlet.FilterRegistrationBean   : Mapping filter: 'httpPutFormContentFilter' to: [/*]
2018-10-20 12:19:51.136  INFO 8640 --- [localhost-startStop-1] o.s.b.w.servlet.FilterRegistrationBean   : Mapping filter: 'requestContextFilter' to: [/*]
2018-10-20 12:19:51.529  INFO 8640 --- [restartedMain] com.alibaba.druid.pool.DruidDataSource   : {dataSource-1} inited
2018-10-20 12:19:52.010  INFO 8640 --- [restartedMain] j.LocalContainerEntityManagerFactoryBean : Building JPA container EntityManagerFactory for persistence unit 'default'
2018-10-20 12:19:52.028  INFO 8640 --- [restartedMain] o.hibernate.jpa.internal.util.LogHelper  : HHH000204: Processing PersistenceUnitInfo [
	name: default
	...]
2018-10-20 12:19:52.126  INFO 8640 --- [restartedMain] org.hibernate.Version                    : HHH000412: Hibernate Core {5.2.14.Final}
2018-10-20 12:19:52.130  INFO 8640 --- [restartedMain] org.hibernate.cfg.Environment            : HHH000206: hibernate.properties not found
2018-10-20 12:19:52.192  INFO 8640 --- [restartedMain] o.hibernate.annotations.common.Version   : HCANN000001: Hibernate Commons Annotations {5.0.1.Final}
2018-10-20 12:19:52.414  INFO 8640 --- [restartedMain] org.hibernate.dialect.Dialect            : HHH000400: Using dialect: org.hibernate.dialect.MySQL5Dialect
2018-10-20 12:19:52.694  INFO 8640 --- [restartedMain] j.LocalContainerEntityManagerFactoryBean : Initialized JPA EntityManagerFactory for persistence unit 'default'
2018-10-20 12:19:52.952  WARN 8640 --- [restartedMain] ConfigServletWebServerApplicationContext : Exception encountered during context initialization - cancelling refresh attempt: org.springframework.beans.factory.UnsatisfiedDependencyException: Error creating bean with name 'webConfig': Unsatisfied dependency expressed through field 'authInterceptor'; nested exception is org.springframework.beans.factory.UnsatisfiedDependencyException: Error creating bean with name 'authInterceptor': Unsatisfied dependency expressed through field 'userService'; nested exception is org.springframework.beans.factory.UnsatisfiedDependencyException: Error creating bean with name 'userService': Unsatisfied dependency expressed through field 'baseMapper'; nested exception is org.springframework.beans.factory.UnsatisfiedDependencyException: Error creating bean with name 'userDao' defined in file [C:\Users\你爸爸\cloudComputingPowers\webPage\out\production\classes\com\ant\webPage\dao\UserDao.class]: Unsatisfied dependency expressed through bean property 'sqlSessionFactory'; nested exception is org.springframework.beans.factory.BeanCreationException: Error creating bean with name 'sqlSessionFactory' defined in class path resource [com/baomidou/mybatisplus/spring/boot/starter/MybatisPlusAutoConfiguration.class]: Bean instantiation via factory method failed; nested exception is org.springframework.beans.BeanInstantiationException: Failed to instantiate [org.apache.ibatis.session.SqlSessionFactory]: Factory method 'sqlSessionFactory' threw exception; nested exception is org.apache.ibatis.type.TypeException: The alias 'User' is already mapped to the value 'com.ant.entity.phone.User'.
2018-10-20 12:19:52.953  INFO 8640 --- [restartedMain] j.LocalContainerEntityManagerFactoryBean : Closing JPA EntityManagerFactory for persistence unit 'default'
2018-10-20 12:19:52.958  INFO 8640 --- [restartedMain] com.alibaba.druid.pool.DruidDataSource   : {dataSource-1} closed
2018-10-20 12:19:52.962  INFO 8640 --- [restartedMain] o.apache.catalina.core.StandardService   : Stopping service [Tomcat]
2018-10-20 12:21:46.208  INFO 8292 --- [restartedMain] com.ant.webPage.WebPageApplication       : Starting WebPageApplication on DESKTOP-OS4CF3D with PID 8292 (started by 你爸爸 in C:\Users\你爸爸\cloudComputingPowers)
2018-10-20 12:21:46.216  INFO 8292 --- [restartedMain] com.ant.webPage.WebPageApplication       : The following profiles are active: prod
2018-10-20 12:21:46.570  INFO 8292 --- [restartedMain] ConfigServletWebServerApplicationContext : Refreshing org.springframework.boot.web.servlet.context.AnnotationConfigServletWebServerApplicationContext@13463864: startup date [Sat Oct 20 12:21:46 CST 2018]; root of context hierarchy
2018-10-20 12:21:49.755  INFO 8292 --- [restartedMain] .s.d.r.c.RepositoryConfigurationDelegate : Multiple Spring Data modules found, entering strict repository configuration mode!
2018-10-20 12:21:49.871  INFO 8292 --- [restartedMain] .s.d.r.c.RepositoryConfigurationDelegate : Multiple Spring Data modules found, entering strict repository configuration mode!
2018-10-20 12:21:50.778  INFO 8292 --- [restartedMain] trationDelegate$BeanPostProcessorChecker : Bean 'org.springframework.transaction.annotation.ProxyTransactionManagementConfiguration' of type [org.springframework.transaction.annotation.ProxyTransactionManagementConfiguration$$EnhancerBySpringCGLIB$$3fc955e4] is not eligible for getting processed by all BeanPostProcessors (for example: not eligible for auto-proxying)
2018-10-20 12:21:51.463  INFO 8292 --- [restartedMain] o.s.b.w.embedded.tomcat.TomcatWebServer  : Tomcat initialized with port(s): 8080 (http)
2018-10-20 12:21:51.513  INFO 8292 --- [restartedMain] o.apache.catalina.core.StandardService   : Starting service [Tomcat]
2018-10-20 12:21:51.516  INFO 8292 --- [restartedMain] org.apache.catalina.core.StandardEngine  : Starting Servlet Engine: Apache Tomcat/8.5.28
2018-10-20 12:21:51.522  INFO 8292 --- [localhost-startStop-1] o.a.catalina.core.AprLifecycleListener   : The APR based Apache Tomcat Native library which allows optimal performance in production environments was not found on the java.library.path: [C:\Program Files\Java\jdk1.8.0_121\bin;C:\WINDOWS\Sun\Java\bin;C:\WINDOWS\system32;C:\WINDOWS;C:\ProgramData\Oracle\Java\javapath;C:\WINDOWS\system32;C:\WINDOWS;C:\WINDOWS\System32\Wbem;C:\WINDOWS\System32\WindowsPowerShell\v1.0\;C:\Program Files\Intel\WiFi\bin\;C:\Program Files\Common Files\Intel\WirelessCommon\;C:\Program Files (x86)\AMD\ATI.ACE\Core-Static;C:\Program Files\Microsoft\Web Platform Installer\;C:\Program Files (x86)\Microsoft ASP.NET\ASP.NET Web Pages\v1.0\;C:\Program Files\nodejs\;C:\Program Files\MySQL\MySQL Utilities 1.6\;C:\Program Files\Java\jdk1.8.0_121\bin;C:\Program Files\Java\jdk1.8.0_121\jre\bin;D:\apache-maven-3.5.2\bin;C:\Program Files\Git\cmd;C:\Program Files\dotnet\;C:\xampp\php;F:\scx\resources\app\Sia;C:\WINDOWS\System32\OpenSSH\;C:\Program Files\Intel\WiFi\bin\;C:\Program Files\Common Files\Intel\WirelessCommon\;C:\Users\你爸爸\AppData\Local\Microsoft\WindowsApps;C:\Users\你爸爸\AppData\Roaming\npm;C:\Program Files\Java\jdk1.8.0_121\bin;C:\Program Files\Java\jdk1.8.0_121\jre\bin;C:\Users\你爸爸\AppData\Local\GitHubDesktop\bin;%USERPROFILE%\AppData\Local\Microsoft\WindowsApps;;.]
2018-10-20 12:21:51.741  INFO 8292 --- [localhost-startStop-1] o.a.c.c.C.[Tomcat].[localhost].[/]       : Initializing Spring embedded WebApplicationContext
2018-10-20 12:21:51.742  INFO 8292 --- [localhost-startStop-1] o.s.web.context.ContextLoader            : Root WebApplicationContext: initialization completed in 5172 ms
2018-10-20 12:21:51.978  INFO 8292 --- [localhost-startStop-1] o.s.b.w.servlet.ServletRegistrationBean  : Servlet dispatcherServlet mapped to [/]
2018-10-20 12:21:51.986  INFO 8292 --- [localhost-startStop-1] o.s.b.w.servlet.FilterRegistrationBean   : Mapping filter: 'characterEncodingFilter' to: [/*]
2018-10-20 12:21:51.986  INFO 8292 --- [localhost-startStop-1] o.s.b.w.servlet.FilterRegistrationBean   : Mapping filter: 'hiddenHttpMethodFilter' to: [/*]
2018-10-20 12:21:51.987  INFO 8292 --- [localhost-startStop-1] o.s.b.w.servlet.FilterRegistrationBean   : Mapping filter: 'httpPutFormContentFilter' to: [/*]
2018-10-20 12:21:51.989  INFO 8292 --- [localhost-startStop-1] o.s.b.w.servlet.FilterRegistrationBean   : Mapping filter: 'requestContextFilter' to: [/*]
2018-10-20 12:21:52.365  INFO 8292 --- [restartedMain] com.alibaba.druid.pool.DruidDataSource   : {dataSource-1} inited
2018-10-20 12:21:52.768  INFO 8292 --- [restartedMain] j.LocalContainerEntityManagerFactoryBean : Building JPA container EntityManagerFactory for persistence unit 'default'
2018-10-20 12:21:52.784  INFO 8292 --- [restartedMain] o.hibernate.jpa.internal.util.LogHelper  : HHH000204: Processing PersistenceUnitInfo [
	name: default
	...]
2018-10-20 12:21:52.883  INFO 8292 --- [restartedMain] org.hibernate.Version                    : HHH000412: Hibernate Core {5.2.14.Final}
2018-10-20 12:21:52.887  INFO 8292 --- [restartedMain] org.hibernate.cfg.Environment            : HHH000206: hibernate.properties not found
2018-10-20 12:21:52.948  INFO 8292 --- [restartedMain] o.hibernate.annotations.common.Version   : HCANN000001: Hibernate Commons Annotations {5.0.1.Final}
2018-10-20 12:21:53.169  INFO 8292 --- [restartedMain] org.hibernate.dialect.Dialect            : HHH000400: Using dialect: org.hibernate.dialect.MySQL5Dialect
2018-10-20 12:21:53.436  INFO 8292 --- [restartedMain] j.LocalContainerEntityManagerFactoryBean : Initialized JPA EntityManagerFactory for persistence unit 'default'
2018-10-20 12:21:55.731  INFO 8292 --- [restartedMain] s.w.s.m.m.a.RequestMappingHandlerAdapter : Looking for @ControllerAdvice: org.springframework.boot.web.servlet.context.AnnotationConfigServletWebServerApplicationContext@13463864: startup date [Sat Oct 20 12:21:46 CST 2018]; root of context hierarchy
2018-10-20 12:21:55.773  INFO 8292 --- [restartedMain] bConfig$$EnhancerBySpringCGLIB$$6edf8f52 : 注入拦截配置！
2018-10-20 12:21:55.778  WARN 8292 --- [restartedMain] aWebConfiguration$JpaWebMvcConfiguration : spring.jpa.open-in-view is enabled by default. Therefore, database queries may be performed during view rendering. Explicitly configure spring.jpa.open-in-view to disable this warning
2018-10-20 12:21:55.838  INFO 8292 --- [restartedMain] s.w.s.m.m.a.RequestMappingHandlerMapping : Mapped "{[/bank/add],methods=[POST]}" onto public com.ant.webPage.util.Result com.ant.webPage.controller.phone.BankController.add(com.ant.entity.phone.User,java.lang.String,java.lang.String,java.lang.String)
2018-10-20 12:21:55.840  INFO 8292 --- [restartedMain] s.w.s.m.m.a.RequestMappingHandlerMapping : Mapped "{[/bank/update],methods=[POST]}" onto public com.ant.webPage.util.Result com.ant.webPage.controller.phone.BankController.update(com.ant.entity.phone.User,java.lang.String,java.lang.String,java.lang.String,java.lang.Integer)
2018-10-20 12:21:55.841  INFO 8292 --- [restartedMain] s.w.s.m.m.a.RequestMappingHandlerMapping : Mapped "{[/bank/find],methods=[POST]}" onto public com.ant.webPage.util.Result com.ant.webPage.controller.phone.BankController.find(com.ant.entity.phone.User)
2018-10-20 12:21:55.842  INFO 8292 --- [restartedMain] s.w.s.m.m.a.RequestMappingHandlerMapping : Mapped "{[/btcAddr/add]}" onto public com.ant.webPage.util.Result com.ant.webPage.controller.phone.BtcAddrController.add(com.ant.entity.phone.User,java.lang.String)
2018-10-20 12:21:55.846  INFO 8292 --- [restartedMain] s.w.s.m.m.a.RequestMappingHandlerMapping : Mapped "{[/btcAddr/update]}" onto public com.ant.webPage.util.Result com.ant.webPage.controller.phone.BtcAddrController.update(com.ant.entity.phone.User,java.lang.String,java.lang.Integer)
2018-10-20 12:21:55.846  INFO 8292 --- [restartedMain] s.w.s.m.m.a.RequestMappingHandlerMapping : Mapped "{[/btcAddr/find],methods=[POST]}" onto public com.ant.webPage.util.Result com.ant.webPage.controller.phone.BtcAddrController.find(com.ant.entity.phone.User)
2018-10-20 12:21:55.848  INFO 8292 --- [restartedMain] s.w.s.m.m.a.RequestMappingHandlerMapping : Mapped "{[/cloud/findList],methods=[GET]}" onto public com.ant.webPage.util.Result com.ant.webPage.controller.phone.CloudProductController.list()
2018-10-20 12:21:55.849  INFO 8292 --- [restartedMain] s.w.s.m.m.a.RequestMappingHandlerMapping : Mapped "{[/cloud/findOne/{productId}],methods=[GET]}" onto public com.ant.webPage.util.Result com.ant.webPage.controller.phone.CloudProductController.info(java.lang.Integer)
2018-10-20 12:21:55.850  INFO 8292 --- [restartedMain] s.w.s.m.m.a.RequestMappingHandlerMapping : Mapped "{[/cloud/findFirst],methods=[POST]}" onto public com.ant.webPage.util.Result com.ant.webPage.controller.phone.CloudProductController.findOne()
2018-10-20 12:21:55.851  INFO 8292 --- [restartedMain] s.w.s.m.m.a.RequestMappingHandlerMapping : Mapped "{[/financial/findFour],methods=[GET]}" onto public com.ant.webPage.util.Result com.ant.webPage.controller.phone.FinancialProductController.findFour()
2018-10-20 12:21:55.852  INFO 8292 --- [restartedMain] s.w.s.m.m.a.RequestMappingHandlerMapping : Mapped "{[/financial/findOne/{productId}],methods=[GET]}" onto public com.ant.webPage.util.Result com.ant.webPage.controller.phone.FinancialProductController.info(java.lang.Integer)
2018-10-20 12:21:55.852  INFO 8292 --- [restartedMain] s.w.s.m.m.a.RequestMappingHandlerMapping : Mapped "{[/financial/findList],methods=[GET]}" onto public com.ant.webPage.util.Result com.ant.webPage.controller.phone.FinancialProductController.List()
2018-10-20 12:21:55.858  INFO 8292 --- [restartedMain] s.w.s.m.m.a.RequestMappingHandlerMapping : Mapped "{[/login/register],methods=[POST]}" onto public com.ant.webPage.util.Result com.ant.webPage.controller.phone.LoginController.register(java.lang.String,java.lang.String,java.lang.String,java.lang.String)
2018-10-20 12:21:55.858  INFO 8292 --- [restartedMain] s.w.s.m.m.a.RequestMappingHandlerMapping : Mapped "{[/login/login],methods=[POST]}" onto public com.ant.webPage.util.Result com.ant.webPage.controller.phone.LoginController.login(java.lang.String,java.lang.String)
2018-10-20 12:21:55.859  INFO 8292 --- [restartedMain] s.w.s.m.m.a.RequestMappingHandlerMapping : Mapped "{[/login/sendCode],methods=[POST]}" onto public com.ant.webPage.util.Result com.ant.webPage.controller.phone.LoginController.sendCode(java.lang.String,java.lang.Integer) throws com.aliyuncs.exceptions.ClientException
2018-10-20 12:21:55.860  INFO 8292 --- [restartedMain] s.w.s.m.m.a.RequestMappingHandlerMapping : Mapped "{[/login/registerNoCode],methods=[POST]}" onto public com.ant.webPage.util.Result com.ant.webPage.controller.phone.LoginController.registerNoCode(java.lang.String,java.lang.String,java.lang.String)
2018-10-20 12:21:55.862  INFO 8292 --- [restartedMain] s.w.s.m.m.a.RequestMappingHandlerMapping : Mapped "{[/login/resetPassNoCode],methods=[POST]}" onto public com.ant.webPage.util.Result com.ant.webPage.controller.phone.LoginController.resetPassNoCode(java.lang.String,java.lang.String,java.lang.String)
2018-10-20 12:21:55.863  INFO 8292 --- [restartedMain] s.w.s.m.m.a.RequestMappingHandlerMapping : Mapped "{[/login/logout],methods=[GET]}" onto public java.lang.String com.ant.webPage.controller.phone.LoginController.logout()
2018-10-20 12:21:55.863  INFO 8292 --- [restartedMain] s.w.s.m.m.a.RequestMappingHandlerMapping : Mapped "{[/login/resetPass],methods=[POST]}" onto public com.ant.webPage.util.Result com.ant.webPage.controller.phone.LoginController.resetPass(java.lang.String,java.lang.String,java.lang.String,java.lang.String)
2018-10-20 12:21:55.865  INFO 8292 --- [restartedMain] s.w.s.m.m.a.RequestMappingHandlerMapping : Mapped "{[/miner/findList],methods=[GET]}" onto public com.ant.webPage.util.Result com.ant.webPage.controller.phone.MinerProductController.list()
2018-10-20 12:21:55.868  INFO 8292 --- [restartedMain] s.w.s.m.m.a.RequestMappingHandlerMapping : Mapped "{[/miner/findOne/{productId}],methods=[GET]}" onto public com.ant.webPage.util.Result com.ant.webPage.controller.phone.MinerProductController.info(java.lang.Integer) throws java.lang.Exception
2018-10-20 12:21:55.870  INFO 8292 --- [restartedMain] s.w.s.m.m.a.RequestMappingHandlerMapping : Mapped "{[/order/add]}" onto public com.ant.webPage.util.Result com.ant.webPage.controller.phone.OrderController.add(com.ant.entity.phone.User,java.lang.Integer,java.math.BigDecimal,java.math.BigDecimal,java.math.BigDecimal)
2018-10-20 12:21:55.870  INFO 8292 --- [restartedMain] s.w.s.m.m.a.RequestMappingHandlerMapping : Mapped "{[/order/findOne],methods=[POST]}" onto public com.ant.webPage.util.Result com.ant.webPage.controller.phone.OrderController.findOrder(com.ant.entity.phone.User,java.lang.Integer)
2018-10-20 12:21:55.871  INFO 8292 --- [restartedMain] s.w.s.m.m.a.RequestMappingHandlerMapping : Mapped "{[/order/profit],methods=[POST]}" onto public com.ant.webPage.util.Result com.ant.webPage.controller.phone.OrderController.profit(java.math.BigDecimal,java.math.BigDecimal,java.math.BigDecimal)
2018-10-20 12:21:55.871  INFO 8292 --- [restartedMain] s.w.s.m.m.a.RequestMappingHandlerMapping : Mapped "{[/order/actualReceipts],methods=[POST]}" onto public com.ant.webPage.util.Result com.ant.webPage.controller.phone.OrderController.profit(java.math.BigDecimal,java.math.BigDecimal)
2018-10-20 12:21:55.872  INFO 8292 --- [restartedMain] s.w.s.m.m.a.RequestMappingHandlerMapping : Mapped "{[/orderRecord/my]}" onto public com.ant.webPage.util.Result com.ant.webPage.controller.phone.OrderRecordController.record(com.ant.entity.phone.User)
2018-10-20 12:21:55.873  INFO 8292 --- [restartedMain] s.w.s.m.m.a.RequestMappingHandlerMapping : Mapped "{[/presentRecord/my]}" onto public com.ant.webPage.util.Result com.ant.webPage.controller.phone.PresentRecordController.record(com.ant.entity.phone.User)
2018-10-20 12:21:55.875  INFO 8292 --- [restartedMain] s.w.s.m.m.a.RequestMappingHandlerMapping : Mapped "{[/putForward/add]}" onto public com.ant.webPage.util.Result com.ant.webPage.controller.phone.PutForwardController.add(com.ant.entity.phone.User,java.lang.Integer,java.math.BigDecimal,java.math.BigDecimal)
2018-10-20 12:21:55.876  INFO 8292 --- [restartedMain] s.w.s.m.m.a.RequestMappingHandlerMapping : Mapped "{[/tstimate/first],methods=[GET]}" onto public com.ant.webPage.util.Result com.ant.webPage.controller.phone.TitimateController.first()
2018-10-20 12:21:55.878  INFO 8292 --- [restartedMain] s.w.s.m.m.a.RequestMappingHandlerMapping : Mapped "{[/totices/findOne/{toticesId}]}" onto public com.ant.webPage.util.Result com.ant.webPage.controller.phone.ToticesController.info(java.lang.Integer)
2018-10-20 12:21:55.878  INFO 8292 --- [restartedMain] s.w.s.m.m.a.RequestMappingHandlerMapping : Mapped "{[/totices/findList],methods=[GET]}" onto public com.ant.webPage.util.Result com.ant.webPage.controller.phone.ToticesController.findList()
2018-10-20 12:21:55.880  INFO 8292 --- [restartedMain] s.w.s.m.m.a.RequestMappingHandlerMapping : Mapped "{[/user/revenueRecord]}" onto public com.ant.webPage.util.Result com.ant.webPage.controller.phone.UserController.revenueRecord(com.ant.entity.phone.User)
2018-10-20 12:21:55.881  INFO 8292 --- [restartedMain] s.w.s.m.m.a.RequestMappingHandlerMapping : Mapped "{[/user/detailed]}" onto private com.ant.webPage.util.Result com.ant.webPage.controller.phone.UserController.detailed(com.ant.entity.phone.User)
2018-10-20 12:21:55.882  INFO 8292 --- [restartedMain] s.w.s.m.m.a.RequestMappingHandlerMapping : Mapped "{[/user/my]}" onto public com.ant.webPage.util.Result com.ant.webPage.controller.phone.UserController.my(com.ant.entity.phone.User)
2018-10-20 12:21:55.886  INFO 8292 --- [restartedMain] s.w.s.m.m.a.RequestMappingHandlerMapping : Mapped "{[/error]}" onto public org.springframework.http.ResponseEntity<java.util.Map<java.lang.String, java.lang.Object>> org.springframework.boot.autoconfigure.web.servlet.error.BasicErrorController.error(javax.servlet.http.HttpServletRequest)
2018-10-20 12:21:55.887  INFO 8292 --- [restartedMain] s.w.s.m.m.a.RequestMappingHandlerMapping : Mapped "{[/error],produces=[text/html]}" onto public org.springframework.web.servlet.ModelAndView org.springframework.boot.autoconfigure.web.servlet.error.BasicErrorController.errorHtml(javax.servlet.http.HttpServletRequest,javax.servlet.http.HttpServletResponse)
2018-10-20 12:21:55.955  INFO 8292 --- [restartedMain] o.s.w.s.handler.SimpleUrlHandlerMapping  : Mapped URL path [/webjars/**] onto handler of type [class org.springframework.web.servlet.resource.ResourceHttpRequestHandler]
2018-10-20 12:21:55.956  INFO 8292 --- [restartedMain] o.s.w.s.handler.SimpleUrlHandlerMapping  : Mapped URL path [/**] onto handler of type [class org.springframework.web.servlet.resource.ResourceHttpRequestHandler]
2018-10-20 12:21:56.039  INFO 8292 --- [restartedMain] o.s.w.s.handler.SimpleUrlHandlerMapping  : Mapped URL path [/**/favicon.ico] onto handler of type [class org.springframework.web.servlet.resource.ResourceHttpRequestHandler]
2018-10-20 12:21:56.079  INFO 8292 --- [restartedMain] o.s.b.a.w.s.WelcomePageHandlerMapping    : Adding welcome page: class path resource [static/index.html]
2018-10-20 12:21:56.854  INFO 8292 --- [restartedMain] o.s.b.d.a.OptionalLiveReloadServer       : LiveReload server is running on port 35729
2018-10-20 12:21:56.942  INFO 8292 --- [restartedMain] o.s.j.e.a.AnnotationMBeanExporter        : Registering beans for JMX exposure on startup
2018-10-20 12:21:56.944  INFO 8292 --- [restartedMain] o.s.j.e.a.AnnotationMBeanExporter        : Bean with name 'dataSource' has been autodetected for JMX exposure
2018-10-20 12:21:56.951  INFO 8292 --- [restartedMain] o.s.j.e.a.AnnotationMBeanExporter        : Located MBean 'dataSource': registering with JMX server as MBean [webPage:name=dataSource,type=DruidDataSource]
2018-10-20 12:21:56.998  INFO 8292 --- [restartedMain] o.s.b.w.embedded.tomcat.TomcatWebServer  : Tomcat started on port(s): 8080 (http) with context path ''
2018-10-20 12:21:57.003  INFO 8292 --- [restartedMain] com.ant.webPage.WebPageApplication       : Started WebPageApplication in 13.959 seconds (JVM running for 16.268)
