2018-10-19 17:03:34.798 [restartedMain] INFO  com.ant.webPage.WebPageApplication -Starting WebPageApplication on DESKTOP-3HSGT6Q with PID 12812 (D:\Billing\IdeaProjects\cloudComputingPower\webPage\out\production\classes started by 13402 in D:\Billing\IdeaProjects\cloudComputingPower)
2018-10-19 17:03:34.805 [restartedMain] INFO  com.ant.webPage.WebPageApplication -The following profiles are active: prod
2018-10-19 17:03:34.898 [restartedMain] INFO  o.s.b.w.s.c.AnnotationConfigServletWebServerApplicationContext -Refreshing org.springframework.boot.web.servlet.context.AnnotationConfigServletWebServerApplicationContext@7055b54: startup date [Fri Oct 19 17:03:34 CST 2018]; root of context hierarchy
2018-10-19 17:03:37.093 [restartedMain] INFO  o.s.d.r.c.RepositoryConfigurationDelegate -Multiple Spring Data modules found, entering strict repository configuration mode!
2018-10-19 17:03:37.136 [restartedMain] INFO  o.s.d.r.c.RepositoryConfigurationDelegate -Multiple Spring Data modules found, entering strict repository configuration mode!
2018-10-19 17:03:37.745 [restartedMain] INFO  o.s.c.s.PostProcessorRegistrationDelegate$BeanPostProcessorChecker -Bean 'org.springframework.transaction.annotation.ProxyTransactionManagementConfiguration' of type [org.springframework.transaction.annotation.ProxyTransactionManagementConfiguration$$EnhancerBySpringCGLIB$$8abced39] is not eligible for getting processed by all BeanPostProcessors (for example: not eligible for auto-proxying)
2018-10-19 17:03:38.570 [restartedMain] INFO  o.s.b.w.e.tomcat.TomcatWebServer -Tomcat initialized with port(s): 8080 (http)
2018-10-19 17:03:38.611 [restartedMain] INFO  o.a.catalina.core.StandardService -Starting service [Tomcat]
2018-10-19 17:03:38.611 [restartedMain] INFO  o.a.catalina.core.StandardEngine -Starting Servlet Engine: Apache Tomcat/8.5.28
2018-10-19 17:03:38.624 [localhost-startStop-1] INFO  o.a.c.core.AprLifecycleListener -Loaded APR based Apache Tomcat Native library [1.2.16] using APR version [1.6.3].
2018-10-19 17:03:38.625 [localhost-startStop-1] INFO  o.a.c.core.AprLifecycleListener -APR capabilities: IPv6 [true], sendfile [true], accept filters [false], random [true].
2018-10-19 17:03:38.625 [localhost-startStop-1] INFO  o.a.c.core.AprLifecycleListener -APR/OpenSSL configuration: useAprConnector [false], useOpenSSL [true]
2018-10-19 17:03:39.681 [localhost-startStop-1] INFO  o.a.c.core.AprLifecycleListener -OpenSSL successfully initialized [OpenSSL 1.0.2m  2 Nov 2017]
2018-10-19 17:03:39.842 [localhost-startStop-1] INFO  o.a.c.c.C.[Tomcat].[localhost].[/] -Initializing Spring embedded WebApplicationContext
2018-10-19 17:03:39.842 [localhost-startStop-1] INFO  o.s.web.context.ContextLoader -Root WebApplicationContext: initialization completed in 4944 ms
2018-10-19 17:03:40.059 [localhost-startStop-1] INFO  o.s.b.w.s.ServletRegistrationBean -Servlet dispatcherServlet mapped to [/]
2018-10-19 17:03:40.065 [localhost-startStop-1] INFO  o.s.b.w.s.FilterRegistrationBean -Mapping filter: 'characterEncodingFilter' to: [/*]
2018-10-19 17:03:40.066 [localhost-startStop-1] INFO  o.s.b.w.s.FilterRegistrationBean -Mapping filter: 'hiddenHttpMethodFilter' to: [/*]
2018-10-19 17:03:40.066 [localhost-startStop-1] INFO  o.s.b.w.s.FilterRegistrationBean -Mapping filter: 'httpPutFormContentFilter' to: [/*]
2018-10-19 17:03:40.066 [localhost-startStop-1] INFO  o.s.b.w.s.FilterRegistrationBean -Mapping filter: 'requestContextFilter' to: [/*]
2018-10-19 17:03:40.448 [restartedMain] INFO  c.alibaba.druid.pool.DruidDataSource -{dataSource-1} inited
2018-10-19 17:03:41.066 [restartedMain] INFO  o.s.o.j.LocalContainerEntityManagerFactoryBean -Building JPA container EntityManagerFactory for persistence unit 'default'
2018-10-19 17:03:41.095 [restartedMain] INFO  o.h.jpa.internal.util.LogHelper -HHH000204: Processing PersistenceUnitInfo [
	name: default
	...]
2018-10-19 17:03:41.226 [restartedMain] INFO  org.hibernate.Version -HHH000412: Hibernate Core {5.2.14.Final}
2018-10-19 17:03:41.228 [restartedMain] INFO  org.hibernate.cfg.Environment -HHH000206: hibernate.properties not found
2018-10-19 17:03:41.315 [restartedMain] INFO  o.h.annotations.common.Version -HCANN000001: Hibernate Commons Annotations {5.0.1.Final}
2018-10-19 17:03:41.696 [restartedMain] INFO  org.hibernate.dialect.Dialect -HHH000400: Using dialect: org.hibernate.dialect.MySQL5Dialect
2018-10-19 17:03:42.004 [restartedMain] INFO  o.s.o.j.LocalContainerEntityManagerFactoryBean -Initialized JPA EntityManagerFactory for persistence unit 'default'
2018-10-19 17:03:45.183 [restartedMain] INFO  o.s.w.s.m.m.a.RequestMappingHandlerAdapter -Looking for @ControllerAdvice: org.springframework.boot.web.servlet.context.AnnotationConfigServletWebServerApplicationContext@7055b54: startup date [Fri Oct 19 17:03:34 CST 2018]; root of context hierarchy
2018-10-19 17:03:45.254 [restartedMain] WARN  o.s.b.a.o.j.JpaBaseConfiguration$JpaWebConfiguration$JpaWebMvcConfiguration -spring.jpa.open-in-view is enabled by default. Therefore, database queries may be performed during view rendering. Explicitly configure spring.jpa.open-in-view to disable this warning
2018-10-19 17:03:45.319 [restartedMain] INFO  o.s.w.s.m.m.a.RequestMappingHandlerMapping -Mapped "{[/bank/add],methods=[POST]}" onto public com.ant.webPage.util.Result com.ant.webPage.controller.BankController.add(com.ant.entity.User,java.lang.String,java.lang.String,java.lang.String)
2018-10-19 17:03:45.322 [restartedMain] INFO  o.s.w.s.m.m.a.RequestMappingHandlerMapping -Mapped "{[/bank/update],methods=[POST]}" onto public com.ant.webPage.util.Result com.ant.webPage.controller.BankController.update(com.ant.entity.User,java.lang.String,java.lang.String,java.lang.String,java.lang.Integer)
2018-10-19 17:03:45.323 [restartedMain] INFO  o.s.w.s.m.m.a.RequestMappingHandlerMapping -Mapped "{[/bank/find],methods=[POST]}" onto public com.ant.webPage.util.Result com.ant.webPage.controller.BankController.find(com.ant.entity.User)
2018-10-19 17:03:45.324 [restartedMain] INFO  o.s.w.s.m.m.a.RequestMappingHandlerMapping -Mapped "{[/btcAddr/add]}" onto public com.ant.webPage.util.Result com.ant.webPage.controller.BtcAddrController.add(com.ant.entity.User,java.lang.String)
2018-10-19 17:03:45.326 [restartedMain] INFO  o.s.w.s.m.m.a.RequestMappingHandlerMapping -Mapped "{[/btcAddr/update]}" onto public com.ant.webPage.util.Result com.ant.webPage.controller.BtcAddrController.update(com.ant.entity.User,java.lang.String,java.lang.Integer)
2018-10-19 17:03:45.327 [restartedMain] INFO  o.s.w.s.m.m.a.RequestMappingHandlerMapping -Mapped "{[/btcAddr/find],methods=[POST]}" onto public com.ant.webPage.util.Result com.ant.webPage.controller.BtcAddrController.find(com.ant.entity.User)
2018-10-19 17:03:45.330 [restartedMain] INFO  o.s.w.s.m.m.a.RequestMappingHandlerMapping -Mapped "{[/cloud/findList],methods=[GET]}" onto public com.ant.webPage.util.Result com.ant.webPage.controller.CloudProductController.list()
2018-10-19 17:03:45.331 [restartedMain] INFO  o.s.w.s.m.m.a.RequestMappingHandlerMapping -Mapped "{[/cloud/findOne/{productId}],methods=[GET]}" onto public com.ant.webPage.util.Result com.ant.webPage.controller.CloudProductController.info(java.lang.Integer)
2018-10-19 17:03:45.332 [restartedMain] INFO  o.s.w.s.m.m.a.RequestMappingHandlerMapping -Mapped "{[/cloud/findFirst],methods=[POST]}" onto public com.ant.webPage.util.Result com.ant.webPage.controller.CloudProductController.findOne()
2018-10-19 17:03:45.333 [restartedMain] INFO  o.s.w.s.m.m.a.RequestMappingHandlerMapping -Mapped "{[/financial/findOne/{productId}],methods=[GET]}" onto public com.ant.webPage.util.Result com.ant.webPage.controller.FinancialProductController.info(java.lang.Integer)
2018-10-19 17:03:45.334 [restartedMain] INFO  o.s.w.s.m.m.a.RequestMappingHandlerMapping -Mapped "{[/financial/findList],methods=[GET]}" onto public com.ant.webPage.util.Result com.ant.webPage.controller.FinancialProductController.List()
2018-10-19 17:03:45.335 [restartedMain] INFO  o.s.w.s.m.m.a.RequestMappingHandlerMapping -Mapped "{[/financial/findFour],methods=[GET]}" onto public com.ant.webPage.util.Result com.ant.webPage.controller.FinancialProductController.findFour()
2018-10-19 17:03:45.337 [restartedMain] INFO  o.s.w.s.m.m.a.RequestMappingHandlerMapping -Mapped "{[/login/register],methods=[POST]}" onto public com.ant.webPage.util.Result com.ant.webPage.controller.LoginController.register(java.lang.String,java.lang.String,java.lang.String,java.lang.String)
2018-10-19 17:03:45.338 [restartedMain] INFO  o.s.w.s.m.m.a.RequestMappingHandlerMapping -Mapped "{[/login/sendCode],methods=[POST]}" onto public com.ant.webPage.util.Result com.ant.webPage.controller.LoginController.sendCode(java.lang.String,java.lang.Integer) throws com.aliyuncs.exceptions.ClientException
2018-10-19 17:03:45.339 [restartedMain] INFO  o.s.w.s.m.m.a.RequestMappingHandlerMapping -Mapped "{[/login/login],methods=[POST]}" onto public com.ant.webPage.util.Result com.ant.webPage.controller.LoginController.login(java.lang.String,java.lang.String)
2018-10-19 17:03:45.339 [restartedMain] INFO  o.s.w.s.m.m.a.RequestMappingHandlerMapping -Mapped "{[/login/resetPass],methods=[POST]}" onto public com.ant.webPage.util.Result com.ant.webPage.controller.LoginController.resetPass(java.lang.String,java.lang.String,java.lang.String,java.lang.String)
2018-10-19 17:03:45.341 [restartedMain] INFO  o.s.w.s.m.m.a.RequestMappingHandlerMapping -Mapped "{[/login/resetPassNoCode],methods=[POST]}" onto public com.ant.webPage.util.Result com.ant.webPage.controller.LoginController.resetPassNoCode(java.lang.String,java.lang.String,java.lang.String)
2018-10-19 17:03:45.342 [restartedMain] INFO  o.s.w.s.m.m.a.RequestMappingHandlerMapping -Mapped "{[/login/logout],methods=[GET]}" onto public java.lang.String com.ant.webPage.controller.LoginController.logout()
2018-10-19 17:03:45.342 [restartedMain] INFO  o.s.w.s.m.m.a.RequestMappingHandlerMapping -Mapped "{[/login/registerNoCode],methods=[POST]}" onto public com.ant.webPage.util.Result com.ant.webPage.controller.LoginController.registerNoCode(java.lang.String,java.lang.String,java.lang.String)
2018-10-19 17:03:45.343 [restartedMain] INFO  o.s.w.s.m.m.a.RequestMappingHandlerMapping -Mapped "{[/miner/findList],methods=[GET]}" onto public com.ant.webPage.util.Result com.ant.webPage.controller.MinerProductController.list()
2018-10-19 17:03:45.343 [restartedMain] INFO  o.s.w.s.m.m.a.RequestMappingHandlerMapping -Mapped "{[/miner/findOne/{productId}],methods=[GET]}" onto public com.ant.webPage.util.Result com.ant.webPage.controller.MinerProductController.info(java.lang.Integer) throws java.lang.Exception
2018-10-19 17:03:45.344 [restartedMain] INFO  o.s.w.s.m.m.a.RequestMappingHandlerMapping -Mapped "{[/order/add]}" onto public com.ant.webPage.util.Result com.ant.webPage.controller.OrderController.add(com.ant.entity.User,java.lang.Integer,java.math.BigDecimal,java.math.BigDecimal,java.math.BigDecimal)
2018-10-19 17:03:45.345 [restartedMain] INFO  o.s.w.s.m.m.a.RequestMappingHandlerMapping -Mapped "{[/order/findOne],methods=[POST]}" onto public com.ant.webPage.util.Result com.ant.webPage.controller.OrderController.findOrder(com.ant.entity.User,java.lang.Integer)
2018-10-19 17:03:45.345 [restartedMain] INFO  o.s.w.s.m.m.a.RequestMappingHandlerMapping -Mapped "{[/order/profit],methods=[POST]}" onto public com.ant.webPage.util.Result com.ant.webPage.controller.OrderController.profit(java.math.BigDecimal,java.math.BigDecimal,java.math.BigDecimal)
2018-10-19 17:03:45.345 [restartedMain] INFO  o.s.w.s.m.m.a.RequestMappingHandlerMapping -Mapped "{[/order/actualReceipts],methods=[POST]}" onto public com.ant.webPage.util.Result com.ant.webPage.controller.OrderController.profit(java.math.BigDecimal,java.math.BigDecimal)
2018-10-19 17:03:45.346 [restartedMain] INFO  o.s.w.s.m.m.a.RequestMappingHandlerMapping -Mapped "{[/orderRecord/my]}" onto public com.ant.webPage.util.Result com.ant.webPage.controller.OrderRecordController.record(com.ant.entity.User)
2018-10-19 17:03:45.346 [restartedMain] INFO  o.s.w.s.m.m.a.RequestMappingHandlerMapping -Mapped "{[/presentRecord/my]}" onto public com.ant.webPage.util.Result com.ant.webPage.controller.PresentRecordController.record(com.ant.entity.User)
2018-10-19 17:03:45.347 [restartedMain] INFO  o.s.w.s.m.m.a.RequestMappingHandlerMapping -Mapped "{[/putForward/add]}" onto public com.ant.webPage.util.Result com.ant.webPage.controller.PutForwardController.add(com.ant.entity.User,java.lang.Integer,java.math.BigDecimal,java.math.BigDecimal)
2018-10-19 17:03:45.347 [restartedMain] INFO  o.s.w.s.m.m.a.RequestMappingHandlerMapping -Mapped "{[/tstimate/first],methods=[GET]}" onto public com.ant.webPage.util.Result com.ant.webPage.controller.TitimateController.first()
2018-10-19 17:03:45.348 [restartedMain] INFO  o.s.w.s.m.m.a.RequestMappingHandlerMapping -Mapped "{[/totices/findOne/{toticesId}]}" onto public com.ant.webPage.util.Result com.ant.webPage.controller.ToticesController.info(java.lang.Integer)
2018-10-19 17:03:45.348 [restartedMain] INFO  o.s.w.s.m.m.a.RequestMappingHandlerMapping -Mapped "{[/totices/findList],methods=[GET]}" onto public com.ant.webPage.util.Result com.ant.webPage.controller.ToticesController.findList()
2018-10-19 17:03:45.349 [restartedMain] INFO  o.s.w.s.m.m.a.RequestMappingHandlerMapping -Mapped "{[/user/revenueRecord]}" onto public com.ant.webPage.util.Result com.ant.webPage.controller.UserController.revenueRecord(com.ant.entity.User)
2018-10-19 17:03:45.349 [restartedMain] INFO  o.s.w.s.m.m.a.RequestMappingHandlerMapping -Mapped "{[/user/my]}" onto public com.ant.webPage.util.Result com.ant.webPage.controller.UserController.my(com.ant.entity.User)
2018-10-19 17:03:45.349 [restartedMain] INFO  o.s.w.s.m.m.a.RequestMappingHandlerMapping -Mapped "{[/user/detailed]}" onto private com.ant.webPage.util.Result com.ant.webPage.controller.UserController.detailed(com.ant.entity.User)
2018-10-19 17:03:45.352 [restartedMain] INFO  o.s.w.s.m.m.a.RequestMappingHandlerMapping -Mapped "{[/error]}" onto public org.springframework.http.ResponseEntity<java.util.Map<java.lang.String, java.lang.Object>> org.springframework.boot.autoconfigure.web.servlet.error.BasicErrorController.error(javax.servlet.http.HttpServletRequest)
2018-10-19 17:03:45.354 [restartedMain] INFO  o.s.w.s.m.m.a.RequestMappingHandlerMapping -Mapped "{[/error],produces=[text/html]}" onto public org.springframework.web.servlet.ModelAndView org.springframework.boot.autoconfigure.web.servlet.error.BasicErrorController.errorHtml(javax.servlet.http.HttpServletRequest,javax.servlet.http.HttpServletResponse)
2018-10-19 17:03:45.440 [restartedMain] INFO  o.s.w.s.h.SimpleUrlHandlerMapping -Mapped URL path [/webjars/**] onto handler of type [class org.springframework.web.servlet.resource.ResourceHttpRequestHandler]
2018-10-19 17:03:45.441 [restartedMain] INFO  o.s.w.s.h.SimpleUrlHandlerMapping -Mapped URL path [/**] onto handler of type [class org.springframework.web.servlet.resource.ResourceHttpRequestHandler]
2018-10-19 17:03:45.542 [restartedMain] INFO  o.s.w.s.h.SimpleUrlHandlerMapping -Mapped URL path [/**/favicon.ico] onto handler of type [class org.springframework.web.servlet.resource.ResourceHttpRequestHandler]
2018-10-19 17:03:45.581 [restartedMain] INFO  o.s.b.a.w.s.WelcomePageHandlerMapping -Adding welcome page: class path resource [static/index.html]
2018-10-19 17:03:46.245 [restartedMain] INFO  o.s.b.d.a.OptionalLiveReloadServer -LiveReload server is running on port 35729
2018-10-19 17:03:46.337 [restartedMain] INFO  o.s.j.e.a.AnnotationMBeanExporter -Registering beans for JMX exposure on startup
2018-10-19 17:03:46.339 [restartedMain] INFO  o.s.j.e.a.AnnotationMBeanExporter -Bean with name 'dataSource' has been autodetected for JMX exposure
2018-10-19 17:03:46.346 [restartedMain] INFO  o.s.j.e.a.AnnotationMBeanExporter -Located MBean 'dataSource': registering with JMX server as MBean [webPage:name=dataSource,type=DruidDataSource]
2018-10-19 17:03:46.395 [restartedMain] INFO  o.s.b.w.e.tomcat.TomcatWebServer -Tomcat started on port(s): 8080 (http) with context path ''
2018-10-19 17:03:46.400 [restartedMain] INFO  com.ant.webPage.WebPageApplication -Started WebPageApplication in 12.683 seconds (JVM running for 13.546)
2018-10-20 11:46:54.828 [restartedMain] INFO  com.ant.webPage.WebPageApplication -Starting WebPageApplication on DESKTOP-OS4CF3D with PID 10028 (started by 你爸爸 in C:\Users\你爸爸\cloudComputingPowers)
2018-10-20 11:46:54.834 [restartedMain] INFO  com.ant.webPage.WebPageApplication -The following profiles are active: prod
2018-10-20 11:46:55.090 [restartedMain] INFO  o.s.b.w.s.c.AnnotationConfigServletWebServerApplicationContext -Refreshing org.springframework.boot.web.servlet.context.AnnotationConfigServletWebServerApplicationContext@2df323e7: startup date [Sat Oct 20 11:46:55 CST 2018]; root of context hierarchy
2018-10-20 11:46:59.020 [restartedMain] INFO  o.s.d.r.c.RepositoryConfigurationDelegate -Multiple Spring Data modules found, entering strict repository configuration mode!
2018-10-20 11:46:59.908 [restartedMain] INFO  o.s.d.r.c.RepositoryConfigurationDelegate -Multiple Spring Data modules found, entering strict repository configuration mode!
2018-10-20 11:47:01.062 [restartedMain] INFO  o.s.c.s.PostProcessorRegistrationDelegate$BeanPostProcessorChecker -Bean 'org.springframework.transaction.annotation.ProxyTransactionManagementConfiguration' of type [org.springframework.transaction.annotation.ProxyTransactionManagementConfiguration$$EnhancerBySpringCGLIB$$c64210c2] is not eligible for getting processed by all BeanPostProcessors (for example: not eligible for auto-proxying)
2018-10-20 11:47:02.117 [restartedMain] INFO  o.s.b.w.e.tomcat.TomcatWebServer -Tomcat initialized with port(s): 8080 (http)
2018-10-20 11:47:02.175 [restartedMain] INFO  o.a.catalina.core.StandardService -Starting service [Tomcat]
2018-10-20 11:47:02.177 [restartedMain] INFO  o.a.catalina.core.StandardEngine -Starting Servlet Engine: Apache Tomcat/8.5.28
2018-10-20 11:47:02.197 [localhost-startStop-1] INFO  o.a.c.core.AprLifecycleListener -The APR based Apache Tomcat Native library which allows optimal performance in production environments was not found on the java.library.path: [C:\Program Files\Java\jdk1.8.0_121\bin;C:\WINDOWS\Sun\Java\bin;C:\WINDOWS\system32;C:\WINDOWS;C:\ProgramData\Oracle\Java\javapath;C:\WINDOWS\system32;C:\WINDOWS;C:\WINDOWS\System32\Wbem;C:\WINDOWS\System32\WindowsPowerShell\v1.0\;C:\Program Files\Intel\WiFi\bin\;C:\Program Files\Common Files\Intel\WirelessCommon\;C:\Program Files (x86)\AMD\ATI.ACE\Core-Static;C:\Program Files\Microsoft\Web Platform Installer\;C:\Program Files (x86)\Microsoft ASP.NET\ASP.NET Web Pages\v1.0\;C:\Program Files\nodejs\;C:\Program Files\MySQL\MySQL Utilities 1.6\;C:\Program Files\Java\jdk1.8.0_121\bin;C:\Program Files\Java\jdk1.8.0_121\jre\bin;D:\apache-maven-3.5.2\bin;C:\Program Files\Git\cmd;C:\Program Files\dotnet\;C:\xampp\php;F:\scx\resources\app\Sia;C:\WINDOWS\System32\OpenSSH\;C:\Program Files\Intel\WiFi\bin\;C:\Program Files\Common Files\Intel\WirelessCommon\;C:\Users\你爸爸\AppData\Local\Microsoft\WindowsApps;C:\Users\你爸爸\AppData\Roaming\npm;C:\Program Files\Java\jdk1.8.0_121\bin;C:\Program Files\Java\jdk1.8.0_121\jre\bin;C:\Users\你爸爸\AppData\Local\GitHubDesktop\bin;%USERPROFILE%\AppData\Local\Microsoft\WindowsApps;;.]
2018-10-20 11:47:02.421 [localhost-startStop-1] INFO  o.a.c.c.C.[Tomcat].[localhost].[/] -Initializing Spring embedded WebApplicationContext
2018-10-20 11:47:02.422 [localhost-startStop-1] INFO  o.s.web.context.ContextLoader -Root WebApplicationContext: initialization completed in 7331 ms
2018-10-20 11:47:02.676 [localhost-startStop-1] INFO  o.s.b.w.s.ServletRegistrationBean -Servlet dispatcherServlet mapped to [/]
2018-10-20 11:47:02.686 [localhost-startStop-1] INFO  o.s.b.w.s.FilterRegistrationBean -Mapping filter: 'characterEncodingFilter' to: [/*]
2018-10-20 11:47:02.686 [localhost-startStop-1] INFO  o.s.b.w.s.FilterRegistrationBean -Mapping filter: 'hiddenHttpMethodFilter' to: [/*]
2018-10-20 11:47:02.687 [localhost-startStop-1] INFO  o.s.b.w.s.FilterRegistrationBean -Mapping filter: 'httpPutFormContentFilter' to: [/*]
2018-10-20 11:47:02.688 [localhost-startStop-1] INFO  o.s.b.w.s.FilterRegistrationBean -Mapping filter: 'requestContextFilter' to: [/*]
2018-10-20 11:47:03.648 [restartedMain] INFO  c.alibaba.druid.pool.DruidDataSource -{dataSource-1} inited
2018-10-20 11:47:04.188 [restartedMain] INFO  o.s.o.j.LocalContainerEntityManagerFactoryBean -Building JPA container EntityManagerFactory for persistence unit 'default'
2018-10-20 11:47:04.224 [restartedMain] INFO  o.h.jpa.internal.util.LogHelper -HHH000204: Processing PersistenceUnitInfo [
	name: default
	...]
2018-10-20 11:47:04.472 [restartedMain] INFO  org.hibernate.Version -HHH000412: Hibernate Core {5.2.14.Final}
2018-10-20 11:47:04.476 [restartedMain] INFO  org.hibernate.cfg.Environment -HHH000206: hibernate.properties not found
2018-10-20 11:47:04.622 [restartedMain] INFO  o.h.annotations.common.Version -HCANN000001: Hibernate Commons Annotations {5.0.1.Final}
2018-10-20 11:47:05.048 [restartedMain] INFO  org.hibernate.dialect.Dialect -HHH000400: Using dialect: org.hibernate.dialect.MySQL5Dialect
2018-10-20 11:47:05.537 [restartedMain] INFO  o.s.o.j.LocalContainerEntityManagerFactoryBean -Initialized JPA EntityManagerFactory for persistence unit 'default'
2018-10-20 11:47:08.670 [restartedMain] INFO  o.s.w.s.m.m.a.RequestMappingHandlerAdapter -Looking for @ControllerAdvice: org.springframework.boot.web.servlet.context.AnnotationConfigServletWebServerApplicationContext@2df323e7: startup date [Sat Oct 20 11:46:55 CST 2018]; root of context hierarchy
2018-10-20 11:47:08.745 [restartedMain] WARN  o.s.b.a.o.j.JpaBaseConfiguration$JpaWebConfiguration$JpaWebMvcConfiguration -spring.jpa.open-in-view is enabled by default. Therefore, database queries may be performed during view rendering. Explicitly configure spring.jpa.open-in-view to disable this warning
2018-10-20 11:47:08.851 [restartedMain] INFO  o.s.w.s.m.m.a.RequestMappingHandlerMapping -Mapped "{[/bank/add],methods=[POST]}" onto public com.ant.webPage.util.Result com.ant.webPage.controller.BankController.add(com.ant.entity.User,java.lang.String,java.lang.String,java.lang.String)
2018-10-20 11:47:08.854 [restartedMain] INFO  o.s.w.s.m.m.a.RequestMappingHandlerMapping -Mapped "{[/bank/update],methods=[POST]}" onto public com.ant.webPage.util.Result com.ant.webPage.controller.BankController.update(com.ant.entity.User,java.lang.String,java.lang.String,java.lang.String,java.lang.Integer)
2018-10-20 11:47:08.854 [restartedMain] INFO  o.s.w.s.m.m.a.RequestMappingHandlerMapping -Mapped "{[/bank/find],methods=[POST]}" onto public com.ant.webPage.util.Result com.ant.webPage.controller.BankController.find(com.ant.entity.User)
2018-10-20 11:47:08.857 [restartedMain] INFO  o.s.w.s.m.m.a.RequestMappingHandlerMapping -Mapped "{[/btcAddr/add]}" onto public com.ant.webPage.util.Result com.ant.webPage.controller.BtcAddrController.add(com.ant.entity.User,java.lang.String)
2018-10-20 11:47:08.858 [restartedMain] INFO  o.s.w.s.m.m.a.RequestMappingHandlerMapping -Mapped "{[/btcAddr/update]}" onto public com.ant.webPage.util.Result com.ant.webPage.controller.BtcAddrController.update(com.ant.entity.User,java.lang.String,java.lang.Integer)
2018-10-20 11:47:08.860 [restartedMain] INFO  o.s.w.s.m.m.a.RequestMappingHandlerMapping -Mapped "{[/btcAddr/find],methods=[POST]}" onto public com.ant.webPage.util.Result com.ant.webPage.controller.BtcAddrController.find(com.ant.entity.User)
2018-10-20 11:47:08.862 [restartedMain] INFO  o.s.w.s.m.m.a.RequestMappingHandlerMapping -Mapped "{[/cloud/findList],methods=[GET]}" onto public com.ant.webPage.util.Result com.ant.webPage.controller.CloudProductController.list()
2018-10-20 11:47:08.863 [restartedMain] INFO  o.s.w.s.m.m.a.RequestMappingHandlerMapping -Mapped "{[/cloud/findOne/{productId}],methods=[GET]}" onto public com.ant.webPage.util.Result com.ant.webPage.controller.CloudProductController.info(java.lang.Integer)
2018-10-20 11:47:08.864 [restartedMain] INFO  o.s.w.s.m.m.a.RequestMappingHandlerMapping -Mapped "{[/cloud/findFirst],methods=[POST]}" onto public com.ant.webPage.util.Result com.ant.webPage.controller.CloudProductController.findOne()
2018-10-20 11:47:08.866 [restartedMain] INFO  o.s.w.s.m.m.a.RequestMappingHandlerMapping -Mapped "{[/financial/findOne/{productId}],methods=[GET]}" onto public com.ant.webPage.util.Result com.ant.webPage.controller.FinancialProductController.info(java.lang.Integer)
2018-10-20 11:47:08.866 [restartedMain] INFO  o.s.w.s.m.m.a.RequestMappingHandlerMapping -Mapped "{[/financial/findFour],methods=[GET]}" onto public com.ant.webPage.util.Result com.ant.webPage.controller.FinancialProductController.findFour()
2018-10-20 11:47:08.867 [restartedMain] INFO  o.s.w.s.m.m.a.RequestMappingHandlerMapping -Mapped "{[/financial/findList],methods=[GET]}" onto public com.ant.webPage.util.Result com.ant.webPage.controller.FinancialProductController.List()
2018-10-20 11:47:08.869 [restartedMain] INFO  o.s.w.s.m.m.a.RequestMappingHandlerMapping -Mapped "{[/login/register],methods=[POST]}" onto public com.ant.webPage.util.Result com.ant.webPage.controller.LoginController.register(java.lang.String,java.lang.String,java.lang.String,java.lang.String)
2018-10-20 11:47:08.871 [restartedMain] INFO  o.s.w.s.m.m.a.RequestMappingHandlerMapping -Mapped "{[/login/login],methods=[POST]}" onto public com.ant.webPage.util.Result com.ant.webPage.controller.LoginController.login(java.lang.String,java.lang.String)
2018-10-20 11:47:08.872 [restartedMain] INFO  o.s.w.s.m.m.a.RequestMappingHandlerMapping -Mapped "{[/login/resetPass],methods=[POST]}" onto public com.ant.webPage.util.Result com.ant.webPage.controller.LoginController.resetPass(java.lang.String,java.lang.String,java.lang.String,java.lang.String)
2018-10-20 11:47:08.873 [restartedMain] INFO  o.s.w.s.m.m.a.RequestMappingHandlerMapping -Mapped "{[/login/registerNoCode],methods=[POST]}" onto public com.ant.webPage.util.Result com.ant.webPage.controller.LoginController.registerNoCode(java.lang.String,java.lang.String,java.lang.String)
2018-10-20 11:47:08.875 [restartedMain] INFO  o.s.w.s.m.m.a.RequestMappingHandlerMapping -Mapped "{[/login/sendCode],methods=[POST]}" onto public com.ant.webPage.util.Result com.ant.webPage.controller.LoginController.sendCode(java.lang.String,java.lang.Integer) throws com.aliyuncs.exceptions.ClientException
2018-10-20 11:47:08.877 [restartedMain] INFO  o.s.w.s.m.m.a.RequestMappingHandlerMapping -Mapped "{[/login/resetPassNoCode],methods=[POST]}" onto public com.ant.webPage.util.Result com.ant.webPage.controller.LoginController.resetPassNoCode(java.lang.String,java.lang.String,java.lang.String)
2018-10-20 11:47:08.880 [restartedMain] INFO  o.s.w.s.m.m.a.RequestMappingHandlerMapping -Mapped "{[/login/logout],methods=[GET]}" onto public java.lang.String com.ant.webPage.controller.LoginController.logout()
2018-10-20 11:47:08.886 [restartedMain] INFO  o.s.w.s.m.m.a.RequestMappingHandlerMapping -Mapped "{[/miner/findList],methods=[GET]}" onto public com.ant.webPage.util.Result com.ant.webPage.controller.MinerProductController.list()
2018-10-20 11:47:08.894 [restartedMain] INFO  o.s.w.s.m.m.a.RequestMappingHandlerMapping -Mapped "{[/miner/findOne/{productId}],methods=[GET]}" onto public com.ant.webPage.util.Result com.ant.webPage.controller.MinerProductController.info(java.lang.Integer) throws java.lang.Exception
2018-10-20 11:47:08.902 [restartedMain] INFO  o.s.w.s.m.m.a.RequestMappingHandlerMapping -Mapped "{[/order/add]}" onto public com.ant.webPage.util.Result com.ant.webPage.controller.OrderController.add(com.ant.entity.User,java.lang.Integer,java.math.BigDecimal,java.math.BigDecimal,java.math.BigDecimal)
2018-10-20 11:47:08.902 [restartedMain] INFO  o.s.w.s.m.m.a.RequestMappingHandlerMapping -Mapped "{[/order/profit],methods=[POST]}" onto public com.ant.webPage.util.Result com.ant.webPage.controller.OrderController.profit(java.math.BigDecimal,java.math.BigDecimal,java.math.BigDecimal)
2018-10-20 11:47:08.903 [restartedMain] INFO  o.s.w.s.m.m.a.RequestMappingHandlerMapping -Mapped "{[/order/actualReceipts],methods=[POST]}" onto public com.ant.webPage.util.Result com.ant.webPage.controller.OrderController.profit(java.math.BigDecimal,java.math.BigDecimal)
2018-10-20 11:47:08.904 [restartedMain] INFO  o.s.w.s.m.m.a.RequestMappingHandlerMapping -Mapped "{[/order/findOne],methods=[POST]}" onto public com.ant.webPage.util.Result com.ant.webPage.controller.OrderController.findOrder(com.ant.entity.User,java.lang.Integer)
2018-10-20 11:47:08.906 [restartedMain] INFO  o.s.w.s.m.m.a.RequestMappingHandlerMapping -Mapped "{[/orderRecord/my]}" onto public com.ant.webPage.util.Result com.ant.webPage.controller.OrderRecordController.record(com.ant.entity.User)
2018-10-20 11:47:08.910 [restartedMain] INFO  o.s.w.s.m.m.a.RequestMappingHandlerMapping -Mapped "{[/presentRecord/my]}" onto public com.ant.webPage.util.Result com.ant.webPage.controller.PresentRecordController.record(com.ant.entity.User)
2018-10-20 11:47:08.914 [restartedMain] INFO  o.s.w.s.m.m.a.RequestMappingHandlerMapping -Mapped "{[/putForward/add]}" onto public com.ant.webPage.util.Result com.ant.webPage.controller.PutForwardController.add(com.ant.entity.User,java.lang.Integer,java.math.BigDecimal,java.math.BigDecimal)
2018-10-20 11:47:08.919 [restartedMain] INFO  o.s.w.s.m.m.a.RequestMappingHandlerMapping -Mapped "{[/tstimate/first],methods=[GET]}" onto public com.ant.webPage.util.Result com.ant.webPage.controller.TitimateController.first()
2018-10-20 11:47:08.921 [restartedMain] INFO  o.s.w.s.m.m.a.RequestMappingHandlerMapping -Mapped "{[/totices/findOne/{toticesId}]}" onto public com.ant.webPage.util.Result com.ant.webPage.controller.ToticesController.info(java.lang.Integer)
2018-10-20 11:47:08.923 [restartedMain] INFO  o.s.w.s.m.m.a.RequestMappingHandlerMapping -Mapped "{[/totices/findList],methods=[GET]}" onto public com.ant.webPage.util.Result com.ant.webPage.controller.ToticesController.findList()
2018-10-20 11:47:08.925 [restartedMain] INFO  o.s.w.s.m.m.a.RequestMappingHandlerMapping -Mapped "{[/user/revenueRecord]}" onto public com.ant.webPage.util.Result com.ant.webPage.controller.UserController.revenueRecord(com.ant.entity.User)
2018-10-20 11:47:08.926 [restartedMain] INFO  o.s.w.s.m.m.a.RequestMappingHandlerMapping -Mapped "{[/user/my]}" onto public com.ant.webPage.util.Result com.ant.webPage.controller.UserController.my(com.ant.entity.User)
2018-10-20 11:47:08.928 [restartedMain] INFO  o.s.w.s.m.m.a.RequestMappingHandlerMapping -Mapped "{[/user/detailed]}" onto private com.ant.webPage.util.Result com.ant.webPage.controller.UserController.detailed(com.ant.entity.User)
2018-10-20 11:47:08.937 [restartedMain] INFO  o.s.w.s.m.m.a.RequestMappingHandlerMapping -Mapped "{[/error]}" onto public org.springframework.http.ResponseEntity<java.util.Map<java.lang.String, java.lang.Object>> org.springframework.boot.autoconfigure.web.servlet.error.BasicErrorController.error(javax.servlet.http.HttpServletRequest)
2018-10-20 11:47:08.938 [restartedMain] INFO  o.s.w.s.m.m.a.RequestMappingHandlerMapping -Mapped "{[/error],produces=[text/html]}" onto public org.springframework.web.servlet.ModelAndView org.springframework.boot.autoconfigure.web.servlet.error.BasicErrorController.errorHtml(javax.servlet.http.HttpServletRequest,javax.servlet.http.HttpServletResponse)
2018-10-20 11:47:09.028 [restartedMain] INFO  o.s.w.s.h.SimpleUrlHandlerMapping -Mapped URL path [/webjars/**] onto handler of type [class org.springframework.web.servlet.resource.ResourceHttpRequestHandler]
2018-10-20 11:47:09.030 [restartedMain] INFO  o.s.w.s.h.SimpleUrlHandlerMapping -Mapped URL path [/**] onto handler of type [class org.springframework.web.servlet.resource.ResourceHttpRequestHandler]
2018-10-20 11:47:09.132 [restartedMain] INFO  o.s.w.s.h.SimpleUrlHandlerMapping -Mapped URL path [/**/favicon.ico] onto handler of type [class org.springframework.web.servlet.resource.ResourceHttpRequestHandler]
2018-10-20 11:47:09.190 [restartedMain] INFO  o.s.b.a.w.s.WelcomePageHandlerMapping -Adding welcome page: class path resource [static/index.html]
2018-10-20 11:47:10.086 [restartedMain] INFO  o.s.b.d.a.OptionalLiveReloadServer -LiveReload server is running on port 35729
2018-10-20 11:47:10.208 [restartedMain] INFO  o.s.j.e.a.AnnotationMBeanExporter -Registering beans for JMX exposure on startup
2018-10-20 11:47:10.210 [restartedMain] INFO  o.s.j.e.a.AnnotationMBeanExporter -Bean with name 'dataSource' has been autodetected for JMX exposure
2018-10-20 11:47:10.217 [restartedMain] INFO  o.s.j.e.a.AnnotationMBeanExporter -Located MBean 'dataSource': registering with JMX server as MBean [webPage:name=dataSource,type=DruidDataSource]
2018-10-20 11:47:10.307 [restartedMain] INFO  o.s.b.w.e.tomcat.TomcatWebServer -Tomcat started on port(s): 8080 (http) with context path ''
2018-10-20 11:47:10.315 [restartedMain] INFO  com.ant.webPage.WebPageApplication -Started WebPageApplication in 17.766 seconds (JVM running for 21.442)
2018-10-20 11:56:19.869 [restartedMain] INFO  com.ant.webPage.WebPageApplication -Starting WebPageApplication on DESKTOP-OS4CF3D with PID 8744 (started by 你爸爸 in C:\Users\你爸爸\cloudComputingPowers)
2018-10-20 11:56:19.884 [restartedMain] INFO  com.ant.webPage.WebPageApplication -The following profiles are active: prod
2018-10-20 11:56:20.067 [restartedMain] INFO  o.s.b.w.s.c.AnnotationConfigServletWebServerApplicationContext -Refreshing org.springframework.boot.web.servlet.context.AnnotationConfigServletWebServerApplicationContext@2941ca04: startup date [Sat Oct 20 11:56:20 CST 2018]; root of context hierarchy
2018-10-20 11:56:23.828 [restartedMain] INFO  o.s.d.r.c.RepositoryConfigurationDelegate -Multiple Spring Data modules found, entering strict repository configuration mode!
2018-10-20 11:56:23.957 [restartedMain] INFO  o.s.d.r.c.RepositoryConfigurationDelegate -Multiple Spring Data modules found, entering strict repository configuration mode!
2018-10-20 11:56:24.928 [restartedMain] INFO  o.s.c.s.PostProcessorRegistrationDelegate$BeanPostProcessorChecker -Bean 'org.springframework.transaction.annotation.ProxyTransactionManagementConfiguration' of type [org.springframework.transaction.annotation.ProxyTransactionManagementConfiguration$$EnhancerBySpringCGLIB$$553ef397] is not eligible for getting processed by all BeanPostProcessors (for example: not eligible for auto-proxying)
2018-10-20 11:56:25.585 [restartedMain] INFO  o.s.b.w.e.tomcat.TomcatWebServer -Tomcat initialized with port(s): 8080 (http)
2018-10-20 11:56:25.625 [restartedMain] INFO  o.a.catalina.core.StandardService -Starting service [Tomcat]
2018-10-20 11:56:25.626 [restartedMain] INFO  o.a.catalina.core.StandardEngine -Starting Servlet Engine: Apache Tomcat/8.5.28
2018-10-20 11:56:25.631 [localhost-startStop-1] INFO  o.a.c.core.AprLifecycleListener -The APR based Apache Tomcat Native library which allows optimal performance in production environments was not found on the java.library.path: [C:\Program Files\Java\jdk1.8.0_121\bin;C:\WINDOWS\Sun\Java\bin;C:\WINDOWS\system32;C:\WINDOWS;C:\ProgramData\Oracle\Java\javapath;C:\WINDOWS\system32;C:\WINDOWS;C:\WINDOWS\System32\Wbem;C:\WINDOWS\System32\WindowsPowerShell\v1.0\;C:\Program Files\Intel\WiFi\bin\;C:\Program Files\Common Files\Intel\WirelessCommon\;C:\Program Files (x86)\AMD\ATI.ACE\Core-Static;C:\Program Files\Microsoft\Web Platform Installer\;C:\Program Files (x86)\Microsoft ASP.NET\ASP.NET Web Pages\v1.0\;C:\Program Files\nodejs\;C:\Program Files\MySQL\MySQL Utilities 1.6\;C:\Program Files\Java\jdk1.8.0_121\bin;C:\Program Files\Java\jdk1.8.0_121\jre\bin;D:\apache-maven-3.5.2\bin;C:\Program Files\Git\cmd;C:\Program Files\dotnet\;C:\xampp\php;F:\scx\resources\app\Sia;C:\WINDOWS\System32\OpenSSH\;C:\Program Files\Intel\WiFi\bin\;C:\Program Files\Common Files\Intel\WirelessCommon\;C:\Users\你爸爸\AppData\Local\Microsoft\WindowsApps;C:\Users\你爸爸\AppData\Roaming\npm;C:\Program Files\Java\jdk1.8.0_121\bin;C:\Program Files\Java\jdk1.8.0_121\jre\bin;C:\Users\你爸爸\AppData\Local\GitHubDesktop\bin;%USERPROFILE%\AppData\Local\Microsoft\WindowsApps;;.]
2018-10-20 11:56:25.835 [localhost-startStop-1] INFO  o.a.c.c.C.[Tomcat].[localhost].[/] -Initializing Spring embedded WebApplicationContext
2018-10-20 11:56:25.836 [localhost-startStop-1] INFO  o.s.web.context.ContextLoader -Root WebApplicationContext: initialization completed in 5769 ms
2018-10-20 11:56:26.061 [localhost-startStop-1] INFO  o.s.b.w.s.ServletRegistrationBean -Servlet dispatcherServlet mapped to [/]
2018-10-20 11:56:26.072 [localhost-startStop-1] INFO  o.s.b.w.s.FilterRegistrationBean -Mapping filter: 'characterEncodingFilter' to: [/*]
2018-10-20 11:56:26.073 [localhost-startStop-1] INFO  o.s.b.w.s.FilterRegistrationBean -Mapping filter: 'hiddenHttpMethodFilter' to: [/*]
2018-10-20 11:56:26.073 [localhost-startStop-1] INFO  o.s.b.w.s.FilterRegistrationBean -Mapping filter: 'httpPutFormContentFilter' to: [/*]
2018-10-20 11:56:26.075 [localhost-startStop-1] INFO  o.s.b.w.s.FilterRegistrationBean -Mapping filter: 'requestContextFilter' to: [/*]
2018-10-20 11:56:26.507 [restartedMain] INFO  c.alibaba.druid.pool.DruidDataSource -{dataSource-1} inited
2018-10-20 11:56:26.922 [restartedMain] INFO  o.s.o.j.LocalContainerEntityManagerFactoryBean -Building JPA container EntityManagerFactory for persistence unit 'default'
2018-10-20 11:56:26.939 [restartedMain] INFO  o.h.jpa.internal.util.LogHelper -HHH000204: Processing PersistenceUnitInfo [
	name: default
	...]
2018-10-20 11:56:27.042 [restartedMain] INFO  org.hibernate.Version -HHH000412: Hibernate Core {5.2.14.Final}
2018-10-20 11:56:27.046 [restartedMain] INFO  org.hibernate.cfg.Environment -HHH000206: hibernate.properties not found
2018-10-20 11:56:27.107 [restartedMain] INFO  o.h.annotations.common.Version -HCANN000001: Hibernate Commons Annotations {5.0.1.Final}
2018-10-20 11:56:27.355 [restartedMain] INFO  org.hibernate.dialect.Dialect -HHH000400: Using dialect: org.hibernate.dialect.MySQL5Dialect
2018-10-20 11:56:27.636 [restartedMain] INFO  o.s.o.j.LocalContainerEntityManagerFactoryBean -Initialized JPA EntityManagerFactory for persistence unit 'default'
2018-10-20 11:56:27.899 [restartedMain] WARN  o.s.b.w.s.c.AnnotationConfigServletWebServerApplicationContext -Exception encountered during context initialization - cancelling refresh attempt: org.springframework.beans.factory.UnsatisfiedDependencyException: Error creating bean with name 'webConfig': Unsatisfied dependency expressed through field 'authInterceptor'; nested exception is org.springframework.beans.factory.UnsatisfiedDependencyException: Error creating bean with name 'authInterceptor': Unsatisfied dependency expressed through field 'userService'; nested exception is org.springframework.beans.factory.UnsatisfiedDependencyException: Error creating bean with name 'userService': Unsatisfied dependency expressed through field 'baseMapper'; nested exception is org.springframework.beans.factory.UnsatisfiedDependencyException: Error creating bean with name 'userDao' defined in file [C:\Users\你爸爸\cloudComputingPowers\webPage\out\production\classes\com\ant\webPage\dao\UserDao.class]: Unsatisfied dependency expressed through bean property 'sqlSessionFactory'; nested exception is org.springframework.beans.factory.BeanCreationException: Error creating bean with name 'sqlSessionFactory' defined in class path resource [com/baomidou/mybatisplus/spring/boot/starter/MybatisPlusAutoConfiguration.class]: Bean instantiation via factory method failed; nested exception is org.springframework.beans.BeanInstantiationException: Failed to instantiate [org.apache.ibatis.session.SqlSessionFactory]: Factory method 'sqlSessionFactory' threw exception; nested exception is org.apache.ibatis.type.TypeException: The alias 'User' is already mapped to the value 'com.ant.entity.PC.PCUser'.
2018-10-20 11:56:27.901 [restartedMain] INFO  o.s.o.j.LocalContainerEntityManagerFactoryBean -Closing JPA EntityManagerFactory for persistence unit 'default'
2018-10-20 11:56:27.906 [restartedMain] INFO  c.alibaba.druid.pool.DruidDataSource -{dataSource-1} closed
2018-10-20 11:56:27.910 [restartedMain] INFO  o.a.catalina.core.StandardService -Stopping service [Tomcat]
2018-10-20 11:57:45.340 [restartedMain] INFO  com.ant.webPage.WebPageApplication -Starting WebPageApplication on DESKTOP-OS4CF3D with PID 9696 (started by 你爸爸 in C:\Users\你爸爸\cloudComputingPowers)
2018-10-20 11:57:45.618 [restartedMain] INFO  com.ant.webPage.WebPageApplication -The following profiles are active: prod
2018-10-20 11:57:46.045 [restartedMain] INFO  o.s.b.w.s.c.AnnotationConfigServletWebServerApplicationContext -Refreshing org.springframework.boot.web.servlet.context.AnnotationConfigServletWebServerApplicationContext@2f2d3514: startup date [Sat Oct 20 11:57:46 CST 2018]; root of context hierarchy
2018-10-20 11:57:49.277 [restartedMain] INFO  o.s.d.r.c.RepositoryConfigurationDelegate -Multiple Spring Data modules found, entering strict repository configuration mode!
2018-10-20 11:57:49.378 [restartedMain] INFO  o.s.d.r.c.RepositoryConfigurationDelegate -Multiple Spring Data modules found, entering strict repository configuration mode!
2018-10-20 11:57:50.187 [restartedMain] INFO  o.s.c.s.PostProcessorRegistrationDelegate$BeanPostProcessorChecker -Bean 'org.springframework.transaction.annotation.ProxyTransactionManagementConfiguration' of type [org.springframework.transaction.annotation.ProxyTransactionManagementConfiguration$$EnhancerBySpringCGLIB$$a65a08a2] is not eligible for getting processed by all BeanPostProcessors (for example: not eligible for auto-proxying)
2018-10-20 11:57:50.752 [restartedMain] INFO  o.s.b.w.e.tomcat.TomcatWebServer -Tomcat initialized with port(s): 8080 (http)
2018-10-20 11:57:50.800 [restartedMain] INFO  o.a.catalina.core.StandardService -Starting service [Tomcat]
2018-10-20 11:57:50.802 [restartedMain] INFO  o.a.catalina.core.StandardEngine -Starting Servlet Engine: Apache Tomcat/8.5.28
2018-10-20 11:57:50.808 [localhost-startStop-1] INFO  o.a.c.core.AprLifecycleListener -The APR based Apache Tomcat Native library which allows optimal performance in production environments was not found on the java.library.path: [C:\Program Files\Java\jdk1.8.0_121\bin;C:\WINDOWS\Sun\Java\bin;C:\WINDOWS\system32;C:\WINDOWS;C:\ProgramData\Oracle\Java\javapath;C:\WINDOWS\system32;C:\WINDOWS;C:\WINDOWS\System32\Wbem;C:\WINDOWS\System32\WindowsPowerShell\v1.0\;C:\Program Files\Intel\WiFi\bin\;C:\Program Files\Common Files\Intel\WirelessCommon\;C:\Program Files (x86)\AMD\ATI.ACE\Core-Static;C:\Program Files\Microsoft\Web Platform Installer\;C:\Program Files (x86)\Microsoft ASP.NET\ASP.NET Web Pages\v1.0\;C:\Program Files\nodejs\;C:\Program Files\MySQL\MySQL Utilities 1.6\;C:\Program Files\Java\jdk1.8.0_121\bin;C:\Program Files\Java\jdk1.8.0_121\jre\bin;D:\apache-maven-3.5.2\bin;C:\Program Files\Git\cmd;C:\Program Files\dotnet\;C:\xampp\php;F:\scx\resources\app\Sia;C:\WINDOWS\System32\OpenSSH\;C:\Program Files\Intel\WiFi\bin\;C:\Program Files\Common Files\Intel\WirelessCommon\;C:\Users\你爸爸\AppData\Local\Microsoft\WindowsApps;C:\Users\你爸爸\AppData\Roaming\npm;C:\Program Files\Java\jdk1.8.0_121\bin;C:\Program Files\Java\jdk1.8.0_121\jre\bin;C:\Users\你爸爸\AppData\Local\GitHubDesktop\bin;%USERPROFILE%\AppData\Local\Microsoft\WindowsApps;;.]
2018-10-20 11:57:51.010 [localhost-startStop-1] INFO  o.a.c.c.C.[Tomcat].[localhost].[/] -Initializing Spring embedded WebApplicationContext
2018-10-20 11:57:51.011 [localhost-startStop-1] INFO  o.s.web.context.ContextLoader -Root WebApplicationContext: initialization completed in 4968 ms
2018-10-20 11:57:51.244 [localhost-startStop-1] INFO  o.s.b.w.s.ServletRegistrationBean -Servlet dispatcherServlet mapped to [/]
2018-10-20 11:57:51.253 [localhost-startStop-1] INFO  o.s.b.w.s.FilterRegistrationBean -Mapping filter: 'characterEncodingFilter' to: [/*]
2018-10-20 11:57:51.254 [localhost-startStop-1] INFO  o.s.b.w.s.FilterRegistrationBean -Mapping filter: 'hiddenHttpMethodFilter' to: [/*]
2018-10-20 11:57:51.254 [localhost-startStop-1] INFO  o.s.b.w.s.FilterRegistrationBean -Mapping filter: 'httpPutFormContentFilter' to: [/*]
2018-10-20 11:57:51.255 [localhost-startStop-1] INFO  o.s.b.w.s.FilterRegistrationBean -Mapping filter: 'requestContextFilter' to: [/*]
2018-10-20 11:57:51.682 [restartedMain] INFO  c.alibaba.druid.pool.DruidDataSource -{dataSource-1} inited
2018-10-20 11:57:52.119 [restartedMain] INFO  o.s.o.j.LocalContainerEntityManagerFactoryBean -Building JPA container EntityManagerFactory for persistence unit 'default'
2018-10-20 11:57:52.136 [restartedMain] INFO  o.h.jpa.internal.util.LogHelper -HHH000204: Processing PersistenceUnitInfo [
	name: default
	...]
2018-10-20 11:57:52.239 [restartedMain] INFO  org.hibernate.Version -HHH000412: Hibernate Core {5.2.14.Final}
2018-10-20 11:57:52.243 [restartedMain] INFO  org.hibernate.cfg.Environment -HHH000206: hibernate.properties not found
2018-10-20 11:57:52.313 [restartedMain] INFO  o.h.annotations.common.Version -HCANN000001: Hibernate Commons Annotations {5.0.1.Final}
2018-10-20 11:57:52.574 [restartedMain] INFO  org.hibernate.dialect.Dialect -HHH000400: Using dialect: org.hibernate.dialect.MySQL5Dialect
2018-10-20 11:57:52.850 [restartedMain] INFO  o.s.o.j.LocalContainerEntityManagerFactoryBean -Initialized JPA EntityManagerFactory for persistence unit 'default'
2018-10-20 11:57:53.096 [restartedMain] WARN  o.s.b.w.s.c.AnnotationConfigServletWebServerApplicationContext -Exception encountered during context initialization - cancelling refresh attempt: org.springframework.beans.factory.UnsatisfiedDependencyException: Error creating bean with name 'webConfig': Unsatisfied dependency expressed through field 'authInterceptor'; nested exception is org.springframework.beans.factory.UnsatisfiedDependencyException: Error creating bean with name 'authInterceptor': Unsatisfied dependency expressed through field 'userService'; nested exception is org.springframework.beans.factory.UnsatisfiedDependencyException: Error creating bean with name 'userService': Unsatisfied dependency expressed through field 'baseMapper'; nested exception is org.springframework.beans.factory.UnsatisfiedDependencyException: Error creating bean with name 'userDao' defined in file [C:\Users\你爸爸\cloudComputingPowers\webPage\out\production\classes\com\ant\webPage\dao\UserDao.class]: Unsatisfied dependency expressed through bean property 'sqlSessionFactory'; nested exception is org.springframework.beans.factory.BeanCreationException: Error creating bean with name 'sqlSessionFactory' defined in class path resource [com/baomidou/mybatisplus/spring/boot/starter/MybatisPlusAutoConfiguration.class]: Bean instantiation via factory method failed; nested exception is org.springframework.beans.BeanInstantiationException: Failed to instantiate [org.apache.ibatis.session.SqlSessionFactory]: Factory method 'sqlSessionFactory' threw exception; nested exception is org.apache.ibatis.type.TypeException: The alias 'User' is already mapped to the value 'com.ant.entity.phone.User'.
2018-10-20 11:57:53.098 [restartedMain] INFO  o.s.o.j.LocalContainerEntityManagerFactoryBean -Closing JPA EntityManagerFactory for persistence unit 'default'
2018-10-20 11:57:53.103 [restartedMain] INFO  c.alibaba.druid.pool.DruidDataSource -{dataSource-1} closed
2018-10-20 11:57:53.107 [restartedMain] INFO  o.a.catalina.core.StandardService -Stopping service [Tomcat]
2018-10-20 12:00:34.195 [restartedMain] INFO  com.ant.webPage.WebPageApplication -Starting WebPageApplication on DESKTOP-OS4CF3D with PID 13288 (started by 你爸爸 in C:\Users\你爸爸\cloudComputingPowers)
2018-10-20 12:00:34.229 [restartedMain] INFO  com.ant.webPage.WebPageApplication -The following profiles are active: prod
2018-10-20 12:00:34.576 [restartedMain] INFO  o.s.b.w.s.c.AnnotationConfigServletWebServerApplicationContext -Refreshing org.springframework.boot.web.servlet.context.AnnotationConfigServletWebServerApplicationContext@665f6b63: startup date [Sat Oct 20 12:00:34 CST 2018]; root of context hierarchy
2018-10-20 12:00:38.299 [restartedMain] INFO  o.s.d.r.c.RepositoryConfigurationDelegate -Multiple Spring Data modules found, entering strict repository configuration mode!
2018-10-20 12:00:38.404 [restartedMain] INFO  o.s.d.r.c.RepositoryConfigurationDelegate -Multiple Spring Data modules found, entering strict repository configuration mode!
2018-10-20 12:00:39.261 [restartedMain] INFO  o.s.c.s.PostProcessorRegistrationDelegate$BeanPostProcessorChecker -Bean 'org.springframework.transaction.annotation.ProxyTransactionManagementConfiguration' of type [org.springframework.transaction.annotation.ProxyTransactionManagementConfiguration$$EnhancerBySpringCGLIB$$11bffebf] is not eligible for getting processed by all BeanPostProcessors (for example: not eligible for auto-proxying)
2018-10-20 12:00:39.897 [restartedMain] INFO  o.s.b.w.e.tomcat.TomcatWebServer -Tomcat initialized with port(s): 8080 (http)
2018-10-20 12:00:39.933 [restartedMain] INFO  o.a.catalina.core.StandardService -Starting service [Tomcat]
2018-10-20 12:00:39.935 [restartedMain] INFO  o.a.catalina.core.StandardEngine -Starting Servlet Engine: Apache Tomcat/8.5.28
2018-10-20 12:00:39.939 [localhost-startStop-1] INFO  o.a.c.core.AprLifecycleListener -The APR based Apache Tomcat Native library which allows optimal performance in production environments was not found on the java.library.path: [C:\Program Files\Java\jdk1.8.0_121\bin;C:\WINDOWS\Sun\Java\bin;C:\WINDOWS\system32;C:\WINDOWS;C:\ProgramData\Oracle\Java\javapath;C:\WINDOWS\system32;C:\WINDOWS;C:\WINDOWS\System32\Wbem;C:\WINDOWS\System32\WindowsPowerShell\v1.0\;C:\Program Files\Intel\WiFi\bin\;C:\Program Files\Common Files\Intel\WirelessCommon\;C:\Program Files (x86)\AMD\ATI.ACE\Core-Static;C:\Program Files\Microsoft\Web Platform Installer\;C:\Program Files (x86)\Microsoft ASP.NET\ASP.NET Web Pages\v1.0\;C:\Program Files\nodejs\;C:\Program Files\MySQL\MySQL Utilities 1.6\;C:\Program Files\Java\jdk1.8.0_121\bin;C:\Program Files\Java\jdk1.8.0_121\jre\bin;D:\apache-maven-3.5.2\bin;C:\Program Files\Git\cmd;C:\Program Files\dotnet\;C:\xampp\php;F:\scx\resources\app\Sia;C:\WINDOWS\System32\OpenSSH\;C:\Program Files\Intel\WiFi\bin\;C:\Program Files\Common Files\Intel\WirelessCommon\;C:\Users\你爸爸\AppData\Local\Microsoft\WindowsApps;C:\Users\你爸爸\AppData\Roaming\npm;C:\Program Files\Java\jdk1.8.0_121\bin;C:\Program Files\Java\jdk1.8.0_121\jre\bin;C:\Users\你爸爸\AppData\Local\GitHubDesktop\bin;%USERPROFILE%\AppData\Local\Microsoft\WindowsApps;;.]
2018-10-20 12:00:40.138 [localhost-startStop-1] INFO  o.a.c.c.C.[Tomcat].[localhost].[/] -Initializing Spring embedded WebApplicationContext
2018-10-20 12:00:40.139 [localhost-startStop-1] INFO  o.s.web.context.ContextLoader -Root WebApplicationContext: initialization completed in 5563 ms
2018-10-20 12:00:40.375 [localhost-startStop-1] INFO  o.s.b.w.s.ServletRegistrationBean -Servlet dispatcherServlet mapped to [/]
2018-10-20 12:00:40.384 [localhost-startStop-1] INFO  o.s.b.w.s.FilterRegistrationBean -Mapping filter: 'characterEncodingFilter' to: [/*]
2018-10-20 12:00:40.384 [localhost-startStop-1] INFO  o.s.b.w.s.FilterRegistrationBean -Mapping filter: 'hiddenHttpMethodFilter' to: [/*]
2018-10-20 12:00:40.384 [localhost-startStop-1] INFO  o.s.b.w.s.FilterRegistrationBean -Mapping filter: 'httpPutFormContentFilter' to: [/*]
2018-10-20 12:00:40.386 [localhost-startStop-1] INFO  o.s.b.w.s.FilterRegistrationBean -Mapping filter: 'requestContextFilter' to: [/*]
2018-10-20 12:00:40.775 [restartedMain] INFO  c.alibaba.druid.pool.DruidDataSource -{dataSource-1} inited
2018-10-20 12:00:41.195 [restartedMain] INFO  o.s.o.j.LocalContainerEntityManagerFactoryBean -Building JPA container EntityManagerFactory for persistence unit 'default'
2018-10-20 12:00:41.212 [restartedMain] INFO  o.h.jpa.internal.util.LogHelper -HHH000204: Processing PersistenceUnitInfo [
	name: default
	...]
2018-10-20 12:00:41.311 [restartedMain] INFO  org.hibernate.Version -HHH000412: Hibernate Core {5.2.14.Final}
2018-10-20 12:00:41.317 [restartedMain] INFO  org.hibernate.cfg.Environment -HHH000206: hibernate.properties not found
2018-10-20 12:00:41.377 [restartedMain] INFO  o.h.annotations.common.Version -HCANN000001: Hibernate Commons Annotations {5.0.1.Final}
2018-10-20 12:00:41.620 [restartedMain] INFO  org.hibernate.dialect.Dialect -HHH000400: Using dialect: org.hibernate.dialect.MySQL5Dialect
2018-10-20 12:00:41.953 [restartedMain] INFO  o.s.o.j.LocalContainerEntityManagerFactoryBean -Initialized JPA EntityManagerFactory for persistence unit 'default'
2018-10-20 12:00:42.228 [restartedMain] WARN  o.s.b.w.s.c.AnnotationConfigServletWebServerApplicationContext -Exception encountered during context initialization - cancelling refresh attempt: org.springframework.beans.factory.UnsatisfiedDependencyException: Error creating bean with name 'webConfig': Unsatisfied dependency expressed through field 'authInterceptor'; nested exception is org.springframework.beans.factory.UnsatisfiedDependencyException: Error creating bean with name 'authInterceptor': Unsatisfied dependency expressed through field 'userService'; nested exception is org.springframework.beans.factory.UnsatisfiedDependencyException: Error creating bean with name 'userService': Unsatisfied dependency expressed through field 'baseMapper'; nested exception is org.springframework.beans.factory.UnsatisfiedDependencyException: Error creating bean with name 'userDao' defined in file [C:\Users\你爸爸\cloudComputingPowers\webPage\out\production\classes\com\ant\webPage\dao\UserDao.class]: Unsatisfied dependency expressed through bean property 'sqlSessionFactory'; nested exception is org.springframework.beans.factory.BeanCreationException: Error creating bean with name 'sqlSessionFactory' defined in class path resource [com/baomidou/mybatisplus/spring/boot/starter/MybatisPlusAutoConfiguration.class]: Bean instantiation via factory method failed; nested exception is org.springframework.beans.BeanInstantiationException: Failed to instantiate [org.apache.ibatis.session.SqlSessionFactory]: Factory method 'sqlSessionFactory' threw exception; nested exception is org.apache.ibatis.type.TypeException: The alias 'User' is already mapped to the value 'com.ant.entity.PC.PCUser'.
2018-10-20 12:00:42.230 [restartedMain] INFO  o.s.o.j.LocalContainerEntityManagerFactoryBean -Closing JPA EntityManagerFactory for persistence unit 'default'
2018-10-20 12:00:42.235 [restartedMain] INFO  c.alibaba.druid.pool.DruidDataSource -{dataSource-1} closed
2018-10-20 12:00:42.239 [restartedMain] INFO  o.a.catalina.core.StandardService -Stopping service [Tomcat]
2018-10-20 12:16:08.890 [restartedMain] INFO  com.ant.webPage.WebPageApplication -Starting WebPageApplication on DESKTOP-OS4CF3D with PID 14520 (started by 你爸爸 in C:\Users\你爸爸\cloudComputingPowers)
2018-10-20 12:16:08.902 [restartedMain] INFO  com.ant.webPage.WebPageApplication -The following profiles are active: prod
2018-10-20 12:16:09.101 [restartedMain] INFO  o.s.b.w.s.c.AnnotationConfigServletWebServerApplicationContext -Refreshing org.springframework.boot.web.servlet.context.AnnotationConfigServletWebServerApplicationContext@50a2766b: startup date [Sat Oct 20 12:16:09 CST 2018]; root of context hierarchy
2018-10-20 12:16:11.626 [restartedMain] INFO  o.s.d.r.c.RepositoryConfigurationDelegate -Multiple Spring Data modules found, entering strict repository configuration mode!
2018-10-20 12:16:11.731 [restartedMain] INFO  o.s.d.r.c.RepositoryConfigurationDelegate -Multiple Spring Data modules found, entering strict repository configuration mode!
2018-10-20 12:16:12.495 [restartedMain] INFO  o.s.c.s.PostProcessorRegistrationDelegate$BeanPostProcessorChecker -Bean 'org.springframework.transaction.annotation.ProxyTransactionManagementConfiguration' of type [org.springframework.transaction.annotation.ProxyTransactionManagementConfiguration$$EnhancerBySpringCGLIB$$46944b2] is not eligible for getting processed by all BeanPostProcessors (for example: not eligible for auto-proxying)
2018-10-20 12:16:13.034 [restartedMain] INFO  o.s.b.w.e.tomcat.TomcatWebServer -Tomcat initialized with port(s): 8080 (http)
2018-10-20 12:16:13.072 [restartedMain] INFO  o.a.catalina.core.StandardService -Starting service [Tomcat]
2018-10-20 12:16:13.074 [restartedMain] INFO  o.a.catalina.core.StandardEngine -Starting Servlet Engine: Apache Tomcat/8.5.28
2018-10-20 12:16:13.078 [localhost-startStop-1] INFO  o.a.c.core.AprLifecycleListener -The APR based Apache Tomcat Native library which allows optimal performance in production environments was not found on the java.library.path: [C:\Program Files\Java\jdk1.8.0_121\bin;C:\WINDOWS\Sun\Java\bin;C:\WINDOWS\system32;C:\WINDOWS;C:\ProgramData\Oracle\Java\javapath;C:\WINDOWS\system32;C:\WINDOWS;C:\WINDOWS\System32\Wbem;C:\WINDOWS\System32\WindowsPowerShell\v1.0\;C:\Program Files\Intel\WiFi\bin\;C:\Program Files\Common Files\Intel\WirelessCommon\;C:\Program Files (x86)\AMD\ATI.ACE\Core-Static;C:\Program Files\Microsoft\Web Platform Installer\;C:\Program Files (x86)\Microsoft ASP.NET\ASP.NET Web Pages\v1.0\;C:\Program Files\nodejs\;C:\Program Files\MySQL\MySQL Utilities 1.6\;C:\Program Files\Java\jdk1.8.0_121\bin;C:\Program Files\Java\jdk1.8.0_121\jre\bin;D:\apache-maven-3.5.2\bin;C:\Program Files\Git\cmd;C:\Program Files\dotnet\;C:\xampp\php;F:\scx\resources\app\Sia;C:\WINDOWS\System32\OpenSSH\;C:\Program Files\Intel\WiFi\bin\;C:\Program Files\Common Files\Intel\WirelessCommon\;C:\Users\你爸爸\AppData\Local\Microsoft\WindowsApps;C:\Users\你爸爸\AppData\Roaming\npm;C:\Program Files\Java\jdk1.8.0_121\bin;C:\Program Files\Java\jdk1.8.0_121\jre\bin;C:\Users\你爸爸\AppData\Local\GitHubDesktop\bin;%USERPROFILE%\AppData\Local\Microsoft\WindowsApps;;.]
2018-10-20 12:16:13.283 [localhost-startStop-1] INFO  o.a.c.c.C.[Tomcat].[localhost].[/] -Initializing Spring embedded WebApplicationContext
2018-10-20 12:16:13.283 [localhost-startStop-1] INFO  o.s.web.context.ContextLoader -Root WebApplicationContext: initialization completed in 4183 ms
2018-10-20 12:16:13.493 [localhost-startStop-1] INFO  o.s.b.w.s.ServletRegistrationBean -Servlet dispatcherServlet mapped to [/]
2018-10-20 12:16:13.504 [localhost-startStop-1] INFO  o.s.b.w.s.FilterRegistrationBean -Mapping filter: 'characterEncodingFilter' to: [/*]
2018-10-20 12:16:13.504 [localhost-startStop-1] INFO  o.s.b.w.s.FilterRegistrationBean -Mapping filter: 'hiddenHttpMethodFilter' to: [/*]
2018-10-20 12:16:13.504 [localhost-startStop-1] INFO  o.s.b.w.s.FilterRegistrationBean -Mapping filter: 'httpPutFormContentFilter' to: [/*]
2018-10-20 12:16:13.506 [localhost-startStop-1] INFO  o.s.b.w.s.FilterRegistrationBean -Mapping filter: 'requestContextFilter' to: [/*]
2018-10-20 12:16:13.910 [restartedMain] INFO  c.alibaba.druid.pool.DruidDataSource -{dataSource-1} inited
2018-10-20 12:16:14.330 [restartedMain] INFO  o.s.o.j.LocalContainerEntityManagerFactoryBean -Building JPA container EntityManagerFactory for persistence unit 'default'
2018-10-20 12:16:14.347 [restartedMain] INFO  o.h.jpa.internal.util.LogHelper -HHH000204: Processing PersistenceUnitInfo [
	name: default
	...]
2018-10-20 12:16:14.449 [restartedMain] INFO  org.hibernate.Version -HHH000412: Hibernate Core {5.2.14.Final}
2018-10-20 12:16:14.453 [restartedMain] INFO  org.hibernate.cfg.Environment -HHH000206: hibernate.properties not found
2018-10-20 12:16:14.513 [restartedMain] INFO  o.h.annotations.common.Version -HCANN000001: Hibernate Commons Annotations {5.0.1.Final}
2018-10-20 12:16:14.732 [restartedMain] INFO  org.hibernate.dialect.Dialect -HHH000400: Using dialect: org.hibernate.dialect.MySQL5Dialect
2018-10-20 12:16:15.007 [restartedMain] INFO  o.s.o.j.LocalContainerEntityManagerFactoryBean -Initialized JPA EntityManagerFactory for persistence unit 'default'
2018-10-20 12:16:15.247 [restartedMain] WARN  o.s.b.w.s.c.AnnotationConfigServletWebServerApplicationContext -Exception encountered during context initialization - cancelling refresh attempt: org.springframework.beans.factory.UnsatisfiedDependencyException: Error creating bean with name 'webConfig': Unsatisfied dependency expressed through field 'authInterceptor'; nested exception is org.springframework.beans.factory.UnsatisfiedDependencyException: Error creating bean with name 'authInterceptor': Unsatisfied dependency expressed through field 'userService'; nested exception is org.springframework.beans.factory.UnsatisfiedDependencyException: Error creating bean with name 'userService': Unsatisfied dependency expressed through field 'baseMapper'; nested exception is org.springframework.beans.factory.UnsatisfiedDependencyException: Error creating bean with name 'userDao' defined in file [C:\Users\你爸爸\cloudComputingPowers\webPage\out\production\classes\com\ant\webPage\dao\UserDao.class]: Unsatisfied dependency expressed through bean property 'sqlSessionFactory'; nested exception is org.springframework.beans.factory.BeanCreationException: Error creating bean with name 'sqlSessionFactory' defined in class path resource [com/baomidou/mybatisplus/spring/boot/starter/MybatisPlusAutoConfiguration.class]: Bean instantiation via factory method failed; nested exception is org.springframework.beans.BeanInstantiationException: Failed to instantiate [org.apache.ibatis.session.SqlSessionFactory]: Factory method 'sqlSessionFactory' threw exception; nested exception is org.apache.ibatis.type.TypeException: The alias 'User' is already mapped to the value 'com.ant.entity.PC.PCUser'.
2018-10-20 12:16:15.249 [restartedMain] INFO  o.s.o.j.LocalContainerEntityManagerFactoryBean -Closing JPA EntityManagerFactory for persistence unit 'default'
2018-10-20 12:16:15.254 [restartedMain] INFO  c.alibaba.druid.pool.DruidDataSource -{dataSource-1} closed
2018-10-20 12:16:15.258 [restartedMain] INFO  o.a.catalina.core.StandardService -Stopping service [Tomcat]
2018-10-20 12:19:46.633 [restartedMain] INFO  com.ant.webPage.WebPageApplication -Starting WebPageApplication on DESKTOP-OS4CF3D with PID 8640 (started by 你爸爸 in C:\Users\你爸爸\cloudComputingPowers)
2018-10-20 12:19:46.641 [restartedMain] INFO  com.ant.webPage.WebPageApplication -The following profiles are active: prod
2018-10-20 12:19:46.793 [restartedMain] INFO  o.s.b.w.s.c.AnnotationConfigServletWebServerApplicationContext -Refreshing org.springframework.boot.web.servlet.context.AnnotationConfigServletWebServerApplicationContext@48888048: startup date [Sat Oct 20 12:19:46 CST 2018]; root of context hierarchy
2018-10-20 12:19:49.261 [restartedMain] INFO  o.s.d.r.c.RepositoryConfigurationDelegate -Multiple Spring Data modules found, entering strict repository configuration mode!
2018-10-20 12:19:49.362 [restartedMain] INFO  o.s.d.r.c.RepositoryConfigurationDelegate -Multiple Spring Data modules found, entering strict repository configuration mode!
2018-10-20 12:19:50.118 [restartedMain] INFO  o.s.c.s.PostProcessorRegistrationDelegate$BeanPostProcessorChecker -Bean 'org.springframework.transaction.annotation.ProxyTransactionManagementConfiguration' of type [org.springframework.transaction.annotation.ProxyTransactionManagementConfiguration$$EnhancerBySpringCGLIB$$3118474a] is not eligible for getting processed by all BeanPostProcessors (for example: not eligible for auto-proxying)
2018-10-20 12:19:50.679 [restartedMain] INFO  o.s.b.w.e.tomcat.TomcatWebServer -Tomcat initialized with port(s): 8080 (http)
2018-10-20 12:19:50.713 [restartedMain] INFO  o.a.catalina.core.StandardService -Starting service [Tomcat]
2018-10-20 12:19:50.715 [restartedMain] INFO  o.a.catalina.core.StandardEngine -Starting Servlet Engine: Apache Tomcat/8.5.28
2018-10-20 12:19:50.720 [localhost-startStop-1] INFO  o.a.c.core.AprLifecycleListener -The APR based Apache Tomcat Native library which allows optimal performance in production environments was not found on the java.library.path: [C:\Program Files\Java\jdk1.8.0_121\bin;C:\WINDOWS\Sun\Java\bin;C:\WINDOWS\system32;C:\WINDOWS;C:\ProgramData\Oracle\Java\javapath;C:\WINDOWS\system32;C:\WINDOWS;C:\WINDOWS\System32\Wbem;C:\WINDOWS\System32\WindowsPowerShell\v1.0\;C:\Program Files\Intel\WiFi\bin\;C:\Program Files\Common Files\Intel\WirelessCommon\;C:\Program Files (x86)\AMD\ATI.ACE\Core-Static;C:\Program Files\Microsoft\Web Platform Installer\;C:\Program Files (x86)\Microsoft ASP.NET\ASP.NET Web Pages\v1.0\;C:\Program Files\nodejs\;C:\Program Files\MySQL\MySQL Utilities 1.6\;C:\Program Files\Java\jdk1.8.0_121\bin;C:\Program Files\Java\jdk1.8.0_121\jre\bin;D:\apache-maven-3.5.2\bin;C:\Program Files\Git\cmd;C:\Program Files\dotnet\;C:\xampp\php;F:\scx\resources\app\Sia;C:\WINDOWS\System32\OpenSSH\;C:\Program Files\Intel\WiFi\bin\;C:\Program Files\Common Files\Intel\WirelessCommon\;C:\Users\你爸爸\AppData\Local\Microsoft\WindowsApps;C:\Users\你爸爸\AppData\Roaming\npm;C:\Program Files\Java\jdk1.8.0_121\bin;C:\Program Files\Java\jdk1.8.0_121\jre\bin;C:\Users\你爸爸\AppData\Local\GitHubDesktop\bin;%USERPROFILE%\AppData\Local\Microsoft\WindowsApps;;.]
2018-10-20 12:19:50.895 [localhost-startStop-1] INFO  o.a.c.c.C.[Tomcat].[localhost].[/] -Initializing Spring embedded WebApplicationContext
2018-10-20 12:19:50.897 [localhost-startStop-1] INFO  o.s.web.context.ContextLoader -Root WebApplicationContext: initialization completed in 4104 ms
2018-10-20 12:19:51.126 [localhost-startStop-1] INFO  o.s.b.w.s.ServletRegistrationBean -Servlet dispatcherServlet mapped to [/]
2018-10-20 12:19:51.134 [localhost-startStop-1] INFO  o.s.b.w.s.FilterRegistrationBean -Mapping filter: 'characterEncodingFilter' to: [/*]
2018-10-20 12:19:51.135 [localhost-startStop-1] INFO  o.s.b.w.s.FilterRegistrationBean -Mapping filter: 'hiddenHttpMethodFilter' to: [/*]
2018-10-20 12:19:51.135 [localhost-startStop-1] INFO  o.s.b.w.s.FilterRegistrationBean -Mapping filter: 'httpPutFormContentFilter' to: [/*]
2018-10-20 12:19:51.136 [localhost-startStop-1] INFO  o.s.b.w.s.FilterRegistrationBean -Mapping filter: 'requestContextFilter' to: [/*]
2018-10-20 12:19:51.529 [restartedMain] INFO  c.alibaba.druid.pool.DruidDataSource -{dataSource-1} inited
2018-10-20 12:19:52.010 [restartedMain] INFO  o.s.o.j.LocalContainerEntityManagerFactoryBean -Building JPA container EntityManagerFactory for persistence unit 'default'
2018-10-20 12:19:52.028 [restartedMain] INFO  o.h.jpa.internal.util.LogHelper -HHH000204: Processing PersistenceUnitInfo [
	name: default
	...]
2018-10-20 12:19:52.126 [restartedMain] INFO  org.hibernate.Version -HHH000412: Hibernate Core {5.2.14.Final}
2018-10-20 12:19:52.130 [restartedMain] INFO  org.hibernate.cfg.Environment -HHH000206: hibernate.properties not found
2018-10-20 12:19:52.192 [restartedMain] INFO  o.h.annotations.common.Version -HCANN000001: Hibernate Commons Annotations {5.0.1.Final}
2018-10-20 12:19:52.414 [restartedMain] INFO  org.hibernate.dialect.Dialect -HHH000400: Using dialect: org.hibernate.dialect.MySQL5Dialect
2018-10-20 12:19:52.694 [restartedMain] INFO  o.s.o.j.LocalContainerEntityManagerFactoryBean -Initialized JPA EntityManagerFactory for persistence unit 'default'
2018-10-20 12:19:52.952 [restartedMain] WARN  o.s.b.w.s.c.AnnotationConfigServletWebServerApplicationContext -Exception encountered during context initialization - cancelling refresh attempt: org.springframework.beans.factory.UnsatisfiedDependencyException: Error creating bean with name 'webConfig': Unsatisfied dependency expressed through field 'authInterceptor'; nested exception is org.springframework.beans.factory.UnsatisfiedDependencyException: Error creating bean with name 'authInterceptor': Unsatisfied dependency expressed through field 'userService'; nested exception is org.springframework.beans.factory.UnsatisfiedDependencyException: Error creating bean with name 'userService': Unsatisfied dependency expressed through field 'baseMapper'; nested exception is org.springframework.beans.factory.UnsatisfiedDependencyException: Error creating bean with name 'userDao' defined in file [C:\Users\你爸爸\cloudComputingPowers\webPage\out\production\classes\com\ant\webPage\dao\UserDao.class]: Unsatisfied dependency expressed through bean property 'sqlSessionFactory'; nested exception is org.springframework.beans.factory.BeanCreationException: Error creating bean with name 'sqlSessionFactory' defined in class path resource [com/baomidou/mybatisplus/spring/boot/starter/MybatisPlusAutoConfiguration.class]: Bean instantiation via factory method failed; nested exception is org.springframework.beans.BeanInstantiationException: Failed to instantiate [org.apache.ibatis.session.SqlSessionFactory]: Factory method 'sqlSessionFactory' threw exception; nested exception is org.apache.ibatis.type.TypeException: The alias 'User' is already mapped to the value 'com.ant.entity.phone.User'.
2018-10-20 12:19:52.953 [restartedMain] INFO  o.s.o.j.LocalContainerEntityManagerFactoryBean -Closing JPA EntityManagerFactory for persistence unit 'default'
2018-10-20 12:19:52.958 [restartedMain] INFO  c.alibaba.druid.pool.DruidDataSource -{dataSource-1} closed
2018-10-20 12:19:52.962 [restartedMain] INFO  o.a.catalina.core.StandardService -Stopping service [Tomcat]
2018-10-20 12:21:46.208 [restartedMain] INFO  com.ant.webPage.WebPageApplication -Starting WebPageApplication on DESKTOP-OS4CF3D with PID 8292 (started by 你爸爸 in C:\Users\你爸爸\cloudComputingPowers)
2018-10-20 12:21:46.216 [restartedMain] INFO  com.ant.webPage.WebPageApplication -The following profiles are active: prod
2018-10-20 12:21:46.570 [restartedMain] INFO  o.s.b.w.s.c.AnnotationConfigServletWebServerApplicationContext -Refreshing org.springframework.boot.web.servlet.context.AnnotationConfigServletWebServerApplicationContext@13463864: startup date [Sat Oct 20 12:21:46 CST 2018]; root of context hierarchy
2018-10-20 12:21:49.755 [restartedMain] INFO  o.s.d.r.c.RepositoryConfigurationDelegate -Multiple Spring Data modules found, entering strict repository configuration mode!
2018-10-20 12:21:49.871 [restartedMain] INFO  o.s.d.r.c.RepositoryConfigurationDelegate -Multiple Spring Data modules found, entering strict repository configuration mode!
2018-10-20 12:21:50.778 [restartedMain] INFO  o.s.c.s.PostProcessorRegistrationDelegate$BeanPostProcessorChecker -Bean 'org.springframework.transaction.annotation.ProxyTransactionManagementConfiguration' of type [org.springframework.transaction.annotation.ProxyTransactionManagementConfiguration$$EnhancerBySpringCGLIB$$3fc955e4] is not eligible for getting processed by all BeanPostProcessors (for example: not eligible for auto-proxying)
2018-10-20 12:21:51.463 [restartedMain] INFO  o.s.b.w.e.tomcat.TomcatWebServer -Tomcat initialized with port(s): 8080 (http)
2018-10-20 12:21:51.513 [restartedMain] INFO  o.a.catalina.core.StandardService -Starting service [Tomcat]
2018-10-20 12:21:51.516 [restartedMain] INFO  o.a.catalina.core.StandardEngine -Starting Servlet Engine: Apache Tomcat/8.5.28
2018-10-20 12:21:51.522 [localhost-startStop-1] INFO  o.a.c.core.AprLifecycleListener -The APR based Apache Tomcat Native library which allows optimal performance in production environments was not found on the java.library.path: [C:\Program Files\Java\jdk1.8.0_121\bin;C:\WINDOWS\Sun\Java\bin;C:\WINDOWS\system32;C:\WINDOWS;C:\ProgramData\Oracle\Java\javapath;C:\WINDOWS\system32;C:\WINDOWS;C:\WINDOWS\System32\Wbem;C:\WINDOWS\System32\WindowsPowerShell\v1.0\;C:\Program Files\Intel\WiFi\bin\;C:\Program Files\Common Files\Intel\WirelessCommon\;C:\Program Files (x86)\AMD\ATI.ACE\Core-Static;C:\Program Files\Microsoft\Web Platform Installer\;C:\Program Files (x86)\Microsoft ASP.NET\ASP.NET Web Pages\v1.0\;C:\Program Files\nodejs\;C:\Program Files\MySQL\MySQL Utilities 1.6\;C:\Program Files\Java\jdk1.8.0_121\bin;C:\Program Files\Java\jdk1.8.0_121\jre\bin;D:\apache-maven-3.5.2\bin;C:\Program Files\Git\cmd;C:\Program Files\dotnet\;C:\xampp\php;F:\scx\resources\app\Sia;C:\WINDOWS\System32\OpenSSH\;C:\Program Files\Intel\WiFi\bin\;C:\Program Files\Common Files\Intel\WirelessCommon\;C:\Users\你爸爸\AppData\Local\Microsoft\WindowsApps;C:\Users\你爸爸\AppData\Roaming\npm;C:\Program Files\Java\jdk1.8.0_121\bin;C:\Program Files\Java\jdk1.8.0_121\jre\bin;C:\Users\你爸爸\AppData\Local\GitHubDesktop\bin;%USERPROFILE%\AppData\Local\Microsoft\WindowsApps;;.]
2018-10-20 12:21:51.741 [localhost-startStop-1] INFO  o.a.c.c.C.[Tomcat].[localhost].[/] -Initializing Spring embedded WebApplicationContext
2018-10-20 12:21:51.742 [localhost-startStop-1] INFO  o.s.web.context.ContextLoader -Root WebApplicationContext: initialization completed in 5172 ms
2018-10-20 12:21:51.978 [localhost-startStop-1] INFO  o.s.b.w.s.ServletRegistrationBean -Servlet dispatcherServlet mapped to [/]
2018-10-20 12:21:51.986 [localhost-startStop-1] INFO  o.s.b.w.s.FilterRegistrationBean -Mapping filter: 'characterEncodingFilter' to: [/*]
2018-10-20 12:21:51.986 [localhost-startStop-1] INFO  o.s.b.w.s.FilterRegistrationBean -Mapping filter: 'hiddenHttpMethodFilter' to: [/*]
2018-10-20 12:21:51.987 [localhost-startStop-1] INFO  o.s.b.w.s.FilterRegistrationBean -Mapping filter: 'httpPutFormContentFilter' to: [/*]
2018-10-20 12:21:51.989 [localhost-startStop-1] INFO  o.s.b.w.s.FilterRegistrationBean -Mapping filter: 'requestContextFilter' to: [/*]
2018-10-20 12:21:52.365 [restartedMain] INFO  c.alibaba.druid.pool.DruidDataSource -{dataSource-1} inited
2018-10-20 12:21:52.768 [restartedMain] INFO  o.s.o.j.LocalContainerEntityManagerFactoryBean -Building JPA container EntityManagerFactory for persistence unit 'default'
2018-10-20 12:21:52.784 [restartedMain] INFO  o.h.jpa.internal.util.LogHelper -HHH000204: Processing PersistenceUnitInfo [
	name: default
	...]
2018-10-20 12:21:52.883 [restartedMain] INFO  org.hibernate.Version -HHH000412: Hibernate Core {5.2.14.Final}
2018-10-20 12:21:52.887 [restartedMain] INFO  org.hibernate.cfg.Environment -HHH000206: hibernate.properties not found
2018-10-20 12:21:52.948 [restartedMain] INFO  o.h.annotations.common.Version -HCANN000001: Hibernate Commons Annotations {5.0.1.Final}
2018-10-20 12:21:53.169 [restartedMain] INFO  org.hibernate.dialect.Dialect -HHH000400: Using dialect: org.hibernate.dialect.MySQL5Dialect
2018-10-20 12:21:53.436 [restartedMain] INFO  o.s.o.j.LocalContainerEntityManagerFactoryBean -Initialized JPA EntityManagerFactory for persistence unit 'default'
2018-10-20 12:21:55.731 [restartedMain] INFO  o.s.w.s.m.m.a.RequestMappingHandlerAdapter -Looking for @ControllerAdvice: org.springframework.boot.web.servlet.context.AnnotationConfigServletWebServerApplicationContext@13463864: startup date [Sat Oct 20 12:21:46 CST 2018]; root of context hierarchy
2018-10-20 12:21:55.773 [restartedMain] INFO  c.a.w.c.WebConfig$$EnhancerBySpringCGLIB$$6edf8f52 -注入拦截配置！
2018-10-20 12:21:55.778 [restartedMain] WARN  o.s.b.a.o.j.JpaBaseConfiguration$JpaWebConfiguration$JpaWebMvcConfiguration -spring.jpa.open-in-view is enabled by default. Therefore, database queries may be performed during view rendering. Explicitly configure spring.jpa.open-in-view to disable this warning
2018-10-20 12:21:55.838 [restartedMain] INFO  o.s.w.s.m.m.a.RequestMappingHandlerMapping -Mapped "{[/bank/add],methods=[POST]}" onto public com.ant.webPage.util.Result com.ant.webPage.controller.phone.BankController.add(com.ant.entity.phone.User,java.lang.String,java.lang.String,java.lang.String)
2018-10-20 12:21:55.840 [restartedMain] INFO  o.s.w.s.m.m.a.RequestMappingHandlerMapping -Mapped "{[/bank/update],methods=[POST]}" onto public com.ant.webPage.util.Result com.ant.webPage.controller.phone.BankController.update(com.ant.entity.phone.User,java.lang.String,java.lang.String,java.lang.String,java.lang.Integer)
2018-10-20 12:21:55.841 [restartedMain] INFO  o.s.w.s.m.m.a.RequestMappingHandlerMapping -Mapped "{[/bank/find],methods=[POST]}" onto public com.ant.webPage.util.Result com.ant.webPage.controller.phone.BankController.find(com.ant.entity.phone.User)
2018-10-20 12:21:55.842 [restartedMain] INFO  o.s.w.s.m.m.a.RequestMappingHandlerMapping -Mapped "{[/btcAddr/add]}" onto public com.ant.webPage.util.Result com.ant.webPage.controller.phone.BtcAddrController.add(com.ant.entity.phone.User,java.lang.String)
2018-10-20 12:21:55.846 [restartedMain] INFO  o.s.w.s.m.m.a.RequestMappingHandlerMapping -Mapped "{[/btcAddr/update]}" onto public com.ant.webPage.util.Result com.ant.webPage.controller.phone.BtcAddrController.update(com.ant.entity.phone.User,java.lang.String,java.lang.Integer)
2018-10-20 12:21:55.846 [restartedMain] INFO  o.s.w.s.m.m.a.RequestMappingHandlerMapping -Mapped "{[/btcAddr/find],methods=[POST]}" onto public com.ant.webPage.util.Result com.ant.webPage.controller.phone.BtcAddrController.find(com.ant.entity.phone.User)
2018-10-20 12:21:55.848 [restartedMain] INFO  o.s.w.s.m.m.a.RequestMappingHandlerMapping -Mapped "{[/cloud/findList],methods=[GET]}" onto public com.ant.webPage.util.Result com.ant.webPage.controller.phone.CloudProductController.list()
2018-10-20 12:21:55.849 [restartedMain] INFO  o.s.w.s.m.m.a.RequestMappingHandlerMapping -Mapped "{[/cloud/findOne/{productId}],methods=[GET]}" onto public com.ant.webPage.util.Result com.ant.webPage.controller.phone.CloudProductController.info(java.lang.Integer)
2018-10-20 12:21:55.850 [restartedMain] INFO  o.s.w.s.m.m.a.RequestMappingHandlerMapping -Mapped "{[/cloud/findFirst],methods=[POST]}" onto public com.ant.webPage.util.Result com.ant.webPage.controller.phone.CloudProductController.findOne()
2018-10-20 12:21:55.851 [restartedMain] INFO  o.s.w.s.m.m.a.RequestMappingHandlerMapping -Mapped "{[/financial/findFour],methods=[GET]}" onto public com.ant.webPage.util.Result com.ant.webPage.controller.phone.FinancialProductController.findFour()
2018-10-20 12:21:55.852 [restartedMain] INFO  o.s.w.s.m.m.a.RequestMappingHandlerMapping -Mapped "{[/financial/findOne/{productId}],methods=[GET]}" onto public com.ant.webPage.util.Result com.ant.webPage.controller.phone.FinancialProductController.info(java.lang.Integer)
2018-10-20 12:21:55.852 [restartedMain] INFO  o.s.w.s.m.m.a.RequestMappingHandlerMapping -Mapped "{[/financial/findList],methods=[GET]}" onto public com.ant.webPage.util.Result com.ant.webPage.controller.phone.FinancialProductController.List()
2018-10-20 12:21:55.858 [restartedMain] INFO  o.s.w.s.m.m.a.RequestMappingHandlerMapping -Mapped "{[/login/register],methods=[POST]}" onto public com.ant.webPage.util.Result com.ant.webPage.controller.phone.LoginController.register(java.lang.String,java.lang.String,java.lang.String,java.lang.String)
2018-10-20 12:21:55.858 [restartedMain] INFO  o.s.w.s.m.m.a.RequestMappingHandlerMapping -Mapped "{[/login/login],methods=[POST]}" onto public com.ant.webPage.util.Result com.ant.webPage.controller.phone.LoginController.login(java.lang.String,java.lang.String)
2018-10-20 12:21:55.859 [restartedMain] INFO  o.s.w.s.m.m.a.RequestMappingHandlerMapping -Mapped "{[/login/sendCode],methods=[POST]}" onto public com.ant.webPage.util.Result com.ant.webPage.controller.phone.LoginController.sendCode(java.lang.String,java.lang.Integer) throws com.aliyuncs.exceptions.ClientException
2018-10-20 12:21:55.860 [restartedMain] INFO  o.s.w.s.m.m.a.RequestMappingHandlerMapping -Mapped "{[/login/registerNoCode],methods=[POST]}" onto public com.ant.webPage.util.Result com.ant.webPage.controller.phone.LoginController.registerNoCode(java.lang.String,java.lang.String,java.lang.String)
2018-10-20 12:21:55.862 [restartedMain] INFO  o.s.w.s.m.m.a.RequestMappingHandlerMapping -Mapped "{[/login/resetPassNoCode],methods=[POST]}" onto public com.ant.webPage.util.Result com.ant.webPage.controller.phone.LoginController.resetPassNoCode(java.lang.String,java.lang.String,java.lang.String)
2018-10-20 12:21:55.863 [restartedMain] INFO  o.s.w.s.m.m.a.RequestMappingHandlerMapping -Mapped "{[/login/logout],methods=[GET]}" onto public java.lang.String com.ant.webPage.controller.phone.LoginController.logout()
2018-10-20 12:21:55.863 [restartedMain] INFO  o.s.w.s.m.m.a.RequestMappingHandlerMapping -Mapped "{[/login/resetPass],methods=[POST]}" onto public com.ant.webPage.util.Result com.ant.webPage.controller.phone.LoginController.resetPass(java.lang.String,java.lang.String,java.lang.String,java.lang.String)
2018-10-20 12:21:55.865 [restartedMain] INFO  o.s.w.s.m.m.a.RequestMappingHandlerMapping -Mapped "{[/miner/findList],methods=[GET]}" onto public com.ant.webPage.util.Result com.ant.webPage.controller.phone.MinerProductController.list()
2018-10-20 12:21:55.868 [restartedMain] INFO  o.s.w.s.m.m.a.RequestMappingHandlerMapping -Mapped "{[/miner/findOne/{productId}],methods=[GET]}" onto public com.ant.webPage.util.Result com.ant.webPage.controller.phone.MinerProductController.info(java.lang.Integer) throws java.lang.Exception
2018-10-20 12:21:55.870 [restartedMain] INFO  o.s.w.s.m.m.a.RequestMappingHandlerMapping -Mapped "{[/order/add]}" onto public com.ant.webPage.util.Result com.ant.webPage.controller.phone.OrderController.add(com.ant.entity.phone.User,java.lang.Integer,java.math.BigDecimal,java.math.BigDecimal,java.math.BigDecimal)
2018-10-20 12:21:55.870 [restartedMain] INFO  o.s.w.s.m.m.a.RequestMappingHandlerMapping -Mapped "{[/order/findOne],methods=[POST]}" onto public com.ant.webPage.util.Result com.ant.webPage.controller.phone.OrderController.findOrder(com.ant.entity.phone.User,java.lang.Integer)
2018-10-20 12:21:55.871 [restartedMain] INFO  o.s.w.s.m.m.a.RequestMappingHandlerMapping -Mapped "{[/order/profit],methods=[POST]}" onto public com.ant.webPage.util.Result com.ant.webPage.controller.phone.OrderController.profit(java.math.BigDecimal,java.math.BigDecimal,java.math.BigDecimal)
2018-10-20 12:21:55.871 [restartedMain] INFO  o.s.w.s.m.m.a.RequestMappingHandlerMapping -Mapped "{[/order/actualReceipts],methods=[POST]}" onto public com.ant.webPage.util.Result com.ant.webPage.controller.phone.OrderController.profit(java.math.BigDecimal,java.math.BigDecimal)
2018-10-20 12:21:55.872 [restartedMain] INFO  o.s.w.s.m.m.a.RequestMappingHandlerMapping -Mapped "{[/orderRecord/my]}" onto public com.ant.webPage.util.Result com.ant.webPage.controller.phone.OrderRecordController.record(com.ant.entity.phone.User)
2018-10-20 12:21:55.873 [restartedMain] INFO  o.s.w.s.m.m.a.RequestMappingHandlerMapping -Mapped "{[/presentRecord/my]}" onto public com.ant.webPage.util.Result com.ant.webPage.controller.phone.PresentRecordController.record(com.ant.entity.phone.User)
2018-10-20 12:21:55.875 [restartedMain] INFO  o.s.w.s.m.m.a.RequestMappingHandlerMapping -Mapped "{[/putForward/add]}" onto public com.ant.webPage.util.Result com.ant.webPage.controller.phone.PutForwardController.add(com.ant.entity.phone.User,java.lang.Integer,java.math.BigDecimal,java.math.BigDecimal)
2018-10-20 12:21:55.876 [restartedMain] INFO  o.s.w.s.m.m.a.RequestMappingHandlerMapping -Mapped "{[/tstimate/first],methods=[GET]}" onto public com.ant.webPage.util.Result com.ant.webPage.controller.phone.TitimateController.first()
2018-10-20 12:21:55.878 [restartedMain] INFO  o.s.w.s.m.m.a.RequestMappingHandlerMapping -Mapped "{[/totices/findOne/{toticesId}]}" onto public com.ant.webPage.util.Result com.ant.webPage.controller.phone.ToticesController.info(java.lang.Integer)
2018-10-20 12:21:55.878 [restartedMain] INFO  o.s.w.s.m.m.a.RequestMappingHandlerMapping -Mapped "{[/totices/findList],methods=[GET]}" onto public com.ant.webPage.util.Result com.ant.webPage.controller.phone.ToticesController.findList()
2018-10-20 12:21:55.880 [restartedMain] INFO  o.s.w.s.m.m.a.RequestMappingHandlerMapping -Mapped "{[/user/revenueRecord]}" onto public com.ant.webPage.util.Result com.ant.webPage.controller.phone.UserController.revenueRecord(com.ant.entity.phone.User)
2018-10-20 12:21:55.881 [restartedMain] INFO  o.s.w.s.m.m.a.RequestMappingHandlerMapping -Mapped "{[/user/detailed]}" onto private com.ant.webPage.util.Result com.ant.webPage.controller.phone.UserController.detailed(com.ant.entity.phone.User)
2018-10-20 12:21:55.882 [restartedMain] INFO  o.s.w.s.m.m.a.RequestMappingHandlerMapping -Mapped "{[/user/my]}" onto public com.ant.webPage.util.Result com.ant.webPage.controller.phone.UserController.my(com.ant.entity.phone.User)
2018-10-20 12:21:55.886 [restartedMain] INFO  o.s.w.s.m.m.a.RequestMappingHandlerMapping -Mapped "{[/error]}" onto public org.springframework.http.ResponseEntity<java.util.Map<java.lang.String, java.lang.Object>> org.springframework.boot.autoconfigure.web.servlet.error.BasicErrorController.error(javax.servlet.http.HttpServletRequest)
2018-10-20 12:21:55.887 [restartedMain] INFO  o.s.w.s.m.m.a.RequestMappingHandlerMapping -Mapped "{[/error],produces=[text/html]}" onto public org.springframework.web.servlet.ModelAndView org.springframework.boot.autoconfigure.web.servlet.error.BasicErrorController.errorHtml(javax.servlet.http.HttpServletRequest,javax.servlet.http.HttpServletResponse)
2018-10-20 12:21:55.955 [restartedMain] INFO  o.s.w.s.h.SimpleUrlHandlerMapping -Mapped URL path [/webjars/**] onto handler of type [class org.springframework.web.servlet.resource.ResourceHttpRequestHandler]
2018-10-20 12:21:55.956 [restartedMain] INFO  o.s.w.s.h.SimpleUrlHandlerMapping -Mapped URL path [/**] onto handler of type [class org.springframework.web.servlet.resource.ResourceHttpRequestHandler]
2018-10-20 12:21:56.039 [restartedMain] INFO  o.s.w.s.h.SimpleUrlHandlerMapping -Mapped URL path [/**/favicon.ico] onto handler of type [class org.springframework.web.servlet.resource.ResourceHttpRequestHandler]
2018-10-20 12:21:56.079 [restartedMain] INFO  o.s.b.a.w.s.WelcomePageHandlerMapping -Adding welcome page: class path resource [static/index.html]
2018-10-20 12:21:56.854 [restartedMain] INFO  o.s.b.d.a.OptionalLiveReloadServer -LiveReload server is running on port 35729
2018-10-20 12:21:56.942 [restartedMain] INFO  o.s.j.e.a.AnnotationMBeanExporter -Registering beans for JMX exposure on startup
2018-10-20 12:21:56.944 [restartedMain] INFO  o.s.j.e.a.AnnotationMBeanExporter -Bean with name 'dataSource' has been autodetected for JMX exposure
2018-10-20 12:21:56.951 [restartedMain] INFO  o.s.j.e.a.AnnotationMBeanExporter -Located MBean 'dataSource': registering with JMX server as MBean [webPage:name=dataSource,type=DruidDataSource]
2018-10-20 12:21:56.998 [restartedMain] INFO  o.s.b.w.e.tomcat.TomcatWebServer -Tomcat started on port(s): 8080 (http) with context path ''
2018-10-20 12:21:57.003 [restartedMain] INFO  com.ant.webPage.WebPageApplication -Started WebPageApplication in 13.959 seconds (JVM running for 16.268)
